<?xml version="1.0" encoding="UTF-8"?>
<testsuites>
<testsuite name="github.com/qmuntal/stateless" tests="131" failures="0" skipped="0" time="0.008" timestamp="2025-02-13T10:13:37Z">
	<testcase classname="github.com/qmuntal/stateless" name="TestTransition_IsReentry" time="0"></testcase>
	<testcase classname="github.com/qmuntal/stateless" name="TestTransition_IsReentry/TransitionIsNotChange" time="0"></testcase>
	<testcase classname="github.com/qmuntal/stateless" name="TestTransition_IsReentry/TransitionIsChange" time="0"></testcase>
	<testcase classname="github.com/qmuntal/stateless" name="TestStateMachine_NewStateMachine" time="0"></testcase>
	<testcase classname="github.com/qmuntal/stateless" name="TestStateMachine_NewStateMachineWithExternalStorage" time="0"></testcase>
	<testcase classname="github.com/qmuntal/stateless" name="TestStateMachine_Configure_SubstateIsIncludedInCurrentState" time="0"></testcase>
	<testcase classname="github.com/qmuntal/stateless" name="TestStateMachine_Configure_InSubstate_TriggerIgnoredInSuperstate_RemainsInSubstate" time="0"></testcase>
	<testcase classname="github.com/qmuntal/stateless" name="TestStateMachine_CanFire" time="0"></testcase>
	<testcase classname="github.com/qmuntal/stateless" name="TestStateMachine_CanFire_StatusError" time="0"></testcase>
	<testcase classname="github.com/qmuntal/stateless" name="TestStateMachine_IsInState_StatusError" time="0"></testcase>
	<testcase classname="github.com/qmuntal/stateless" name="TestStateMachine_Activate_StatusError" time="0"></testcase>
	<testcase classname="github.com/qmuntal/stateless" name="TestStateMachine_PermittedTriggers_StatusError" time="0"></testcase>
	<testcase classname="github.com/qmuntal/stateless" name="TestStateMachine_MustState_StatusError" time="0"></testcase>
	<testcase classname="github.com/qmuntal/stateless" name="TestStateMachine_Fire_StatusError" time="0"></testcase>
	<testcase classname="github.com/qmuntal/stateless" name="TestStateMachine_Configure_PermittedTriggersIncludeSuperstatePermittedTriggers" time="0"></testcase>
	<testcase classname="github.com/qmuntal/stateless" name="TestStateMachine_PermittedTriggers_PermittedTriggersAreDistinctValues" time="0"></testcase>
	<testcase classname="github.com/qmuntal/stateless" name="TestStateMachine_PermittedTriggers_AcceptedTriggersRespectGuards" time="0"></testcase>
	<testcase classname="github.com/qmuntal/stateless" name="TestStateMachine_PermittedTriggers_AcceptedTriggersRespectMultipleGuards" time="0"></testcase>
	<testcase classname="github.com/qmuntal/stateless" name="TestStateMachine_Fire_DiscriminatedByGuard_ChoosesPermitedTransition" time="0"></testcase>
	<testcase classname="github.com/qmuntal/stateless" name="TestStateMachine_Fire_SaveError" time="0"></testcase>
	<testcase classname="github.com/qmuntal/stateless" name="TestStateMachine_Fire_TriggerIsIgnored_ActionsNotExecuted" time="0"></testcase>
	<testcase classname="github.com/qmuntal/stateless" name="TestStateMachine_Fire_SelfTransitionPermited_ActionsFire" time="0"></testcase>
	<testcase classname="github.com/qmuntal/stateless" name="TestStateMachine_Fire_ImplicitReentryIsDisallowed" time="0"></testcase>
	<testcase classname="github.com/qmuntal/stateless" name="TestStateMachine_Fire_ErrorForInvalidTransition" time="0"></testcase>
	<testcase classname="github.com/qmuntal/stateless" name="TestStateMachine_Fire_ErrorForInvalidTransitionMentionsGuardDescriptionIfPresent" time="0"></testcase>
	<testcase classname="github.com/qmuntal/stateless" name="TestStateMachine_Fire_ParametersSuppliedToFireArePassedToEntryAction" time="0"></testcase>
	<testcase classname="github.com/qmuntal/stateless" name="TestStateMachine_Fire_ParametersSuppliedToFireArePassedToExitAction" time="0"></testcase>
	<testcase classname="github.com/qmuntal/stateless" name="TestStateMachine_OnUnhandledTrigger_TheProvidedHandlerIsCalledWithStateAndTrigger" time="0"></testcase>
	<testcase classname="github.com/qmuntal/stateless" name="TestStateMachine_SetTriggerParameters_TriggerParametersAreImmutableOnceSet" time="0"></testcase>
	<testcase classname="github.com/qmuntal/stateless" name="TestStateMachine_SetTriggerParameters_Interfaces" time="0"></testcase>
	<testcase classname="github.com/qmuntal/stateless" name="TestStateMachine_SetTriggerParameters_Invalid" time="0"></testcase>
	<testcase classname="github.com/qmuntal/stateless" name="TestStateMachine_OnTransitioning_EventFires" time="0"></testcase>
	<testcase classname="github.com/qmuntal/stateless" name="TestStateMachine_OnTransitioned_EventFires" time="0"></testcase>
	<testcase classname="github.com/qmuntal/stateless" name="TestStateMachine_OnTransitioned_EventFiresBeforeTheOnEntryEvent" time="0"></testcase>
	<testcase classname="github.com/qmuntal/stateless" name="TestStateMachine_SubstateOf_DirectCyclicConfigurationDetected" time="0"></testcase>
	<testcase classname="github.com/qmuntal/stateless" name="TestStateMachine_SubstateOf_NestedCyclicConfigurationDetected" time="0"></testcase>
	<testcase classname="github.com/qmuntal/stateless" name="TestStateMachine_SubstateOf_NestedTwoLevelsCyclicConfigurationDetected" time="0"></testcase>
	<testcase classname="github.com/qmuntal/stateless" name="TestStateMachine_SubstateOf_DelayedNestedCyclicConfigurationDetected" time="0"></testcase>
	<testcase classname="github.com/qmuntal/stateless" name="TestStateMachine_Fire_IgnoreVsPermitReentry" time="0"></testcase>
	<testcase classname="github.com/qmuntal/stateless" name="TestStateMachine_Fire_IgnoreVsPermitReentryFrom" time="0"></testcase>
	<testcase classname="github.com/qmuntal/stateless" name="TestStateMachine_Fire_IgnoreVsPermitReentryExitWith" time="0"></testcase>
	<testcase classname="github.com/qmuntal/stateless" name="TestStateMachine_Fire_IfSelfTransitionPermited_ActionsFire_InSubstate" time="0"></testcase>
	<testcase classname="github.com/qmuntal/stateless" name="TestStateMachine_Fire_TransitionWhenParameterizedGuardTrue" time="0"></testcase>
	<testcase classname="github.com/qmuntal/stateless" name="TestStateMachine_Fire_ErrorWhenParameterizedGuardFalse" time="0"></testcase>
	<testcase classname="github.com/qmuntal/stateless" name="TestStateMachine_Fire_TransitionWhenBothParameterizedGuardClausesTrue" time="0"></testcase>
	<testcase classname="github.com/qmuntal/stateless" name="TestStateMachine_Fire_TransitionWhenGuardReturnsTrueOnTriggerWithMultipleParameters" time="0"></testcase>
	<testcase classname="github.com/qmuntal/stateless" name="TestStateMachine_Fire_TransitionWhenPermitDyanmicIfHasMultipleExclusiveGuards" time="0"></testcase>
	<testcase classname="github.com/qmuntal/stateless" name="TestStateMachine_Fire_PermitDyanmic_Error" time="0"></testcase>
	<testcase classname="github.com/qmuntal/stateless" name="TestStateMachine_Fire_PanicsWhenPermitDyanmicIfHasMultipleNonExclusiveGuards" time="0"></testcase>
	<testcase classname="github.com/qmuntal/stateless" name="TestStateMachine_Fire_TransitionWhenPermitIfHasMultipleExclusiveGuardsWithSuperStateTrue" time="0"></testcase>
	<testcase classname="github.com/qmuntal/stateless" name="TestStateMachine_Fire_TransitionWhenPermitIfHasMultipleExclusiveGuardsWithSuperStateFalse" time="0"></testcase>
	<testcase classname="github.com/qmuntal/stateless" name="TestStateMachine_Fire_TransitionToSuperstateDoesNotExitSuperstate" time="0"></testcase>
	<testcase classname="github.com/qmuntal/stateless" name="TestStateMachine_Fire_OnExitFiresOnlyOnceReentrySubstate" time="0"></testcase>
	<testcase classname="github.com/qmuntal/stateless" name="TestStateMachine_Activate" time="0"></testcase>
	<testcase classname="github.com/qmuntal/stateless" name="TestStateMachine_Activate_Error" time="0"></testcase>
	<testcase classname="github.com/qmuntal/stateless" name="TestStateMachine_Activate_Idempotent" time="0"></testcase>
	<testcase classname="github.com/qmuntal/stateless" name="TestStateMachine_Deactivate" time="0"></testcase>
	<testcase classname="github.com/qmuntal/stateless" name="TestStateMachine_Deactivate_NoActivated" time="0"></testcase>
	<testcase classname="github.com/qmuntal/stateless" name="TestStateMachine_Deactivate_Error" time="0"></testcase>
	<testcase classname="github.com/qmuntal/stateless" name="TestStateMachine_Deactivate_Idempotent" time="0"></testcase>
	<testcase classname="github.com/qmuntal/stateless" name="TestStateMachine_Activate_Transitioning" time="0"></testcase>
	<testcase classname="github.com/qmuntal/stateless" name="TestStateMachine_Fire_ImmediateEntryAProcessedBeforeEnterB" time="0"></testcase>
	<testcase classname="github.com/qmuntal/stateless" name="TestStateMachine_Fire_QueuedEntryAProcessedBeforeEnterB" time="0"></testcase>
	<testcase classname="github.com/qmuntal/stateless" name="TestStateMachine_Fire_QueuedEntryAsyncFire" time="0"></testcase>
	<testcase classname="github.com/qmuntal/stateless" name="TestStateMachine_Fire_Race" time="0"></testcase>
	<testcase classname="github.com/qmuntal/stateless" name="TestStateMachine_Fire_Queued_ErrorExit" time="0"></testcase>
	<testcase classname="github.com/qmuntal/stateless" name="TestStateMachine_Fire_Queued_ErrorEnter" time="0"></testcase>
	<testcase classname="github.com/qmuntal/stateless" name="TestStateMachine_InternalTransition_StayInSameStateOneState" time="0"></testcase>
	<testcase classname="github.com/qmuntal/stateless" name="TestStateMachine_InternalTransition_HandledOnlyOnceInSuper" time="0"></testcase>
	<testcase classname="github.com/qmuntal/stateless" name="TestStateMachine_InternalTransition_HandledOnlyOnceInSub" time="0"></testcase>
	<testcase classname="github.com/qmuntal/stateless" name="TestStateMachine_InitialTransition_EntersSubState" time="0"></testcase>
	<testcase classname="github.com/qmuntal/stateless" name="TestStateMachine_InitialTransition_EntersSubStateofSubstate" time="0"></testcase>
	<testcase classname="github.com/qmuntal/stateless" name="TestStateMachine_InitialTransition_Ordering" time="0"></testcase>
	<testcase classname="github.com/qmuntal/stateless" name="TestStateMachine_InitialTransition_DoesNotEnterSubStateofSubstate" time="0"></testcase>
	<testcase classname="github.com/qmuntal/stateless" name="TestStateMachine_InitialTransition_DoNotAllowTransitionToSelf" time="0"></testcase>
	<testcase classname="github.com/qmuntal/stateless" name="TestStateMachine_InitialTransition_WithMultipleSubStates" time="0"></testcase>
	<testcase classname="github.com/qmuntal/stateless" name="TestStateMachine_InitialTransition_DoNotAllowTransitionToAnotherSuperstate" time="0"></testcase>
	<testcase classname="github.com/qmuntal/stateless" name="TestStateMachine_InitialTransition_DoNotAllowMoreThanOneInitialTransition" time="0"></testcase>
	<testcase classname="github.com/qmuntal/stateless" name="TestStateMachine_String" time="0"></testcase>
	<testcase classname="github.com/qmuntal/stateless" name="TestStateMachine_String/noTriggers" time="0"></testcase>
	<testcase classname="github.com/qmuntal/stateless" name="TestStateMachine_String/error_state" time="0"></testcase>
	<testcase classname="github.com/qmuntal/stateless" name="TestStateMachine_String/triggers" time="0"></testcase>
	<testcase classname="github.com/qmuntal/stateless" name="TestStateMachine_String_Concurrent" time="0"></testcase>
	<testcase classname="github.com/qmuntal/stateless" name="TestStateMachine_Firing_Queued" time="0"></testcase>
	<testcase classname="github.com/qmuntal/stateless" name="TestStateMachine_Firing_Immediate" time="0"></testcase>
	<testcase classname="github.com/qmuntal/stateless" name="TestStateMachine_Firing_Concurrent" time="0"></testcase>
	<testcase classname="github.com/qmuntal/stateless" name="TestGetTransition_ContextEmpty" time="0"></testcase>
	<testcase classname="github.com/qmuntal/stateless" name="TestStateMachineWhenInSubstate_TriggerSuperStateTwiceToSameSubstate_DoesNotReenterSubstate" time="0"></testcase>
	<testcase classname="github.com/qmuntal/stateless" name="Test_stateRepresentation_Includes_SameState" time="0"></testcase>
	<testcase classname="github.com/qmuntal/stateless" name="Test_stateRepresentation_Includes_Substate" time="0"></testcase>
	<testcase classname="github.com/qmuntal/stateless" name="Test_stateRepresentation_Includes_UnrelatedState" time="0"></testcase>
	<testcase classname="github.com/qmuntal/stateless" name="Test_stateRepresentation_Includes_Superstate" time="0"></testcase>
	<testcase classname="github.com/qmuntal/stateless" name="Test_stateRepresentation_IsIncludedInState_SameState" time="0"></testcase>
	<testcase classname="github.com/qmuntal/stateless" name="Test_stateRepresentation_IsIncludedInState_Substate" time="0"></testcase>
	<testcase classname="github.com/qmuntal/stateless" name="Test_stateRepresentation_IsIncludedInState_UnrelatedState" time="0"></testcase>
	<testcase classname="github.com/qmuntal/stateless" name="Test_stateRepresentation_IsIncludedInState_Superstate" time="0"></testcase>
	<testcase classname="github.com/qmuntal/stateless" name="Test_stateRepresentation_CanHandle_TransitionExists_TriggerCannotBeFired" time="0"></testcase>
	<testcase classname="github.com/qmuntal/stateless" name="Test_stateRepresentation_CanHandle_TransitionDoesNotExist_TriggerCanBeFired" time="0"></testcase>
	<testcase classname="github.com/qmuntal/stateless" name="Test_stateRepresentation_CanHandle_TransitionExistsInSupersate_TriggerCanBeFired" time="0"></testcase>
	<testcase classname="github.com/qmuntal/stateless" name="Test_stateRepresentation_CanHandle_TransitionUnmetGuardConditions_TriggerCannotBeFired" time="0"></testcase>
	<testcase classname="github.com/qmuntal/stateless" name="Test_stateRepresentation_CanHandle_TransitionGuardConditionsMet_TriggerCanBeFired" time="0"></testcase>
	<testcase classname="github.com/qmuntal/stateless" name="Test_stateRepresentation_FindHandler_TransitionExistAndSuperstateUnmetGuardConditions_FireNotPossible" time="0"></testcase>
	<testcase classname="github.com/qmuntal/stateless" name="Test_stateRepresentation_FindHandler_TransitionExistSuperstateMetGuardConditions_CanBeFired" time="0"></testcase>
	<testcase classname="github.com/qmuntal/stateless" name="Test_stateRepresentation_Enter_EnteringActionsExecuted" time="0"></testcase>
	<testcase classname="github.com/qmuntal/stateless" name="Test_stateRepresentation_Enter_EnteringActionsExecuted_Error" time="0"></testcase>
	<testcase classname="github.com/qmuntal/stateless" name="Test_stateRepresentation_Enter_LeavingActionsNotExecuted" time="0"></testcase>
	<testcase classname="github.com/qmuntal/stateless" name="Test_stateRepresentation_Enter_FromSubToSuperstate_SubstateEntryActionsExecuted" time="0"></testcase>
	<testcase classname="github.com/qmuntal/stateless" name="Test_stateRepresentation_Enter_SuperFromSubstate_SuperEntryActionsNotExecuted" time="0"></testcase>
	<testcase classname="github.com/qmuntal/stateless" name="Test_stateRepresentation_Enter_Substate_SuperEntryActionsExecuted" time="0"></testcase>
	<testcase classname="github.com/qmuntal/stateless" name="Test_stateRepresentation_Enter_ActionsExecuteInOrder" time="0"></testcase>
	<testcase classname="github.com/qmuntal/stateless" name="Test_stateRepresentation_Enter_Substate_SuperstateEntryActionsExecuteBeforeSubstate" time="0"></testcase>
	<testcase classname="github.com/qmuntal/stateless" name="Test_stateRepresentation_Exit_EnteringActionsNotExecuted" time="0"></testcase>
	<testcase classname="github.com/qmuntal/stateless" name="Test_stateRepresentation_Exit_LeavingActionsExecuted" time="0"></testcase>
	<testcase classname="github.com/qmuntal/stateless" name="Test_stateRepresentation_Exit_LeavingActionsExecuted_Error" time="0"></testcase>
	<testcase classname="github.com/qmuntal/stateless" name="Test_stateRepresentation_Exit_FromSubToSuperstate_SubstateExitActionsExecuted" time="0"></testcase>
	<testcase classname="github.com/qmuntal/stateless" name="Test_stateRepresentation_Exit_FromSubToOther_SuperstateExitActionsExecuted" time="0"></testcase>
	<testcase classname="github.com/qmuntal/stateless" name="Test_stateRepresentation_Exit_FromSuperToSubstate_SuperExitActionsNotExecuted" time="0"></testcase>
	<testcase classname="github.com/qmuntal/stateless" name="Test_stateRepresentation_Exit_Substate_SuperExitActionsExecuted" time="0"></testcase>
	<testcase classname="github.com/qmuntal/stateless" name="Test_stateRepresentation_Exit_ActionsExecuteInOrder" time="0"></testcase>
	<testcase classname="github.com/qmuntal/stateless" name="Test_stateRepresentation_Exit_Substate_SubstateEntryActionsExecuteBeforeSuperstate" time="0"></testcase>
	<testcase classname="github.com/qmuntal/stateless" name="Test_invocationInfo_String" time="0"></testcase>
	<testcase classname="github.com/qmuntal/stateless" name="Test_invocationInfo_String/empty" time="0"></testcase>
	<testcase classname="github.com/qmuntal/stateless" name="Test_invocationInfo_String/named" time="0"></testcase>
	<testcase classname="github.com/qmuntal/stateless" name="TestStateMachine_ToGraph" time="0"></testcase>
	<testcase classname="github.com/qmuntal/stateless" name="TestStateMachine_ToGraph/emptyWithInitial" time="0"></testcase>
	<testcase classname="github.com/qmuntal/stateless" name="TestStateMachine_ToGraph/withSubstate" time="0"></testcase>
	<testcase classname="github.com/qmuntal/stateless" name="TestStateMachine_ToGraph/withInitialState" time="0"></testcase>
	<testcase classname="github.com/qmuntal/stateless" name="TestStateMachine_ToGraph/withGuards" time="0"></testcase>
	<testcase classname="github.com/qmuntal/stateless" name="TestStateMachine_ToGraph/withUnicodeNames" time="0"></testcase>
	<testcase classname="github.com/qmuntal/stateless" name="TestStateMachine_ToGraph/phoneCall" time="0"></testcase>
	<testcase classname="github.com/qmuntal/stateless" name="Example" time="0"></testcase>
</testsuite>
<testsuite name="github.com/qmuntal/gltf" tests="238" failures="0" skipped="0" time="0.02" timestamp="2025-02-13T10:13:39Z">
	<testcase classname="github.com/qmuntal/gltf" name="TestOpen" time="0"></testcase>
	<testcase classname="github.com/qmuntal/gltf" name="TestOpen/openError" time="0"></testcase>
	<testcase classname="github.com/qmuntal/gltf" name="TestOpen/testdata/Cube/glTF/Cube.gltf" time="0"></testcase>
	<testcase classname="github.com/qmuntal/gltf" name="TestOpen/testdata/Cameras/glTF/Cameras.gltf" time="0"></testcase>
	<testcase classname="github.com/qmuntal/gltf" name="TestOpen/testdata/BoxVertexColors/glTF-Binary/BoxVertexColors.glb" time="0"></testcase>
	<testcase classname="github.com/qmuntal/gltf" name="TestOpen/testdata/Box_With_Spaces/glTF/Box_With_Spaces.gltf" time="0"></testcase>
	<testcase classname="github.com/qmuntal/gltf" name="TestDecoder_decodeBuffer" time="0"></testcase>
	<testcase classname="github.com/qmuntal/gltf" name="TestDecoder_decodeBuffer/byteLength_0" time="0"></testcase>
	<testcase classname="github.com/qmuntal/gltf" name="TestDecoder_decodeBuffer/noURI" time="0"></testcase>
	<testcase classname="github.com/qmuntal/gltf" name="TestDecoder_decodeBuffer/invalidURI" time="0"></testcase>
	<testcase classname="github.com/qmuntal/gltf" name="TestDecoder_decodeBuffer/noSchemeErr" time="0"></testcase>
	<testcase classname="github.com/qmuntal/gltf" name="TestDecoder_decodeBuffer/base" time="0"></testcase>
	<testcase classname="github.com/qmuntal/gltf" name="TestDecoder_decodeBuffer/dotdot" time="0"></testcase>
	<testcase classname="github.com/qmuntal/gltf" name="TestDecoder_decodeBinaryBuffer" time="0"></testcase>
	<testcase classname="github.com/qmuntal/gltf" name="TestDecoder_decodeBinaryBuffer/base" time="0"></testcase>
	<testcase classname="github.com/qmuntal/gltf" name="TestDecoder_decodeBinaryBuffer/smallbuffer" time="0"></testcase>
	<testcase classname="github.com/qmuntal/gltf" name="TestDecoder_decodeBinaryBuffer/bigbuffer" time="0"></testcase>
	<testcase classname="github.com/qmuntal/gltf" name="TestDecoder_decodeBinaryBuffer/invalidBuffer" time="0"></testcase>
	<testcase classname="github.com/qmuntal/gltf" name="TestDecoder_decodeBinaryBuffer/readErr" time="0"></testcase>
	<testcase classname="github.com/qmuntal/gltf" name="TestDecoder_decodeBinaryBuffer/invalidHeader" time="0"></testcase>
	<testcase classname="github.com/qmuntal/gltf" name="TestDecoder_Decode" time="0"></testcase>
	<testcase classname="github.com/qmuntal/gltf" name="TestDecoder_Decode/baseJSON" time="0"></testcase>
	<testcase classname="github.com/qmuntal/gltf" name="TestDecoder_Decode/onlyGLBHeader" time="0"></testcase>
	<testcase classname="github.com/qmuntal/gltf" name="TestDecoder_Decode/glbNoJSONChunk" time="0"></testcase>
	<testcase classname="github.com/qmuntal/gltf" name="TestDecoder_Decode/empty" time="0"></testcase>
	<testcase classname="github.com/qmuntal/gltf" name="TestDecoder_Decode/invalidJSON" time="0"></testcase>
	<testcase classname="github.com/qmuntal/gltf" name="TestDecoder_Decode/invalidBuffer" time="0"></testcase>
	<testcase classname="github.com/qmuntal/gltf" name="TestSampler_Decode" time="0"></testcase>
	<testcase classname="github.com/qmuntal/gltf" name="TestSampler_Decode/empty" time="0"></testcase>
	<testcase classname="github.com/qmuntal/gltf" name="TestSampler_Decode/nondefault" time="0"></testcase>
	<testcase classname="github.com/qmuntal/gltf" name="TestDocument" time="0"></testcase>
	<testcase classname="github.com/qmuntal/gltf" name="TestDocument/base" time="0"></testcase>
	<testcase classname="github.com/qmuntal/gltf" name="TestBuffer_IsEmbeddedResource" time="0"></testcase>
	<testcase classname="github.com/qmuntal/gltf" name="TestBuffer_IsEmbeddedResource/embedded" time="0"></testcase>
	<testcase classname="github.com/qmuntal/gltf" name="TestBuffer_IsEmbeddedResource/external" time="0"></testcase>
	<testcase classname="github.com/qmuntal/gltf" name="TestBuffer_EmbeddedResource" time="0"></testcase>
	<testcase classname="github.com/qmuntal/gltf" name="TestBuffer_EmbeddedResource/base" time="0"></testcase>
	<testcase classname="github.com/qmuntal/gltf" name="TestImage_IsEmbeddedResource" time="0"></testcase>
	<testcase classname="github.com/qmuntal/gltf" name="TestImage_IsEmbeddedResource/png" time="0"></testcase>
	<testcase classname="github.com/qmuntal/gltf" name="TestImage_IsEmbeddedResource/jpg" time="0"></testcase>
	<testcase classname="github.com/qmuntal/gltf" name="TestImage_IsEmbeddedResource/external" time="0"></testcase>
	<testcase classname="github.com/qmuntal/gltf" name="TestBuffer_marshalData" time="0"></testcase>
	<testcase classname="github.com/qmuntal/gltf" name="TestBuffer_marshalData/error" time="0"></testcase>
	<testcase classname="github.com/qmuntal/gltf" name="TestBuffer_marshalData/external" time="0"></testcase>
	<testcase classname="github.com/qmuntal/gltf" name="TestBuffer_marshalData/empty" time="0"></testcase>
	<testcase classname="github.com/qmuntal/gltf" name="TestBuffer_marshalData/test" time="0"></testcase>
	<testcase classname="github.com/qmuntal/gltf" name="TestBuffer_marshalData/complex" time="0"></testcase>
	<testcase classname="github.com/qmuntal/gltf" name="TestBuffer_marshalData/invalid" time="0"></testcase>
	<testcase classname="github.com/qmuntal/gltf" name="TestNode_MatrixOrDefault" time="0"></testcase>
	<testcase classname="github.com/qmuntal/gltf" name="TestNode_MatrixOrDefault/default" time="0"></testcase>
	<testcase classname="github.com/qmuntal/gltf" name="TestNode_MatrixOrDefault/zeros" time="0"></testcase>
	<testcase classname="github.com/qmuntal/gltf" name="TestNode_MatrixOrDefault/other" time="0"></testcase>
	<testcase classname="github.com/qmuntal/gltf" name="TestNode_RotationOrDefault" time="0"></testcase>
	<testcase classname="github.com/qmuntal/gltf" name="TestNode_RotationOrDefault/default" time="0"></testcase>
	<testcase classname="github.com/qmuntal/gltf" name="TestNode_RotationOrDefault/zeros" time="0"></testcase>
	<testcase classname="github.com/qmuntal/gltf" name="TestNode_RotationOrDefault/other" time="0"></testcase>
	<testcase classname="github.com/qmuntal/gltf" name="TestNode_ScaleOrDefault" time="0"></testcase>
	<testcase classname="github.com/qmuntal/gltf" name="TestNode_ScaleOrDefault/default" time="0"></testcase>
	<testcase classname="github.com/qmuntal/gltf" name="TestNode_ScaleOrDefault/zeros" time="0"></testcase>
	<testcase classname="github.com/qmuntal/gltf" name="TestNode_ScaleOrDefault/other" time="0"></testcase>
	<testcase classname="github.com/qmuntal/gltf" name="TestNode_TranslationOrDefault" time="0"></testcase>
	<testcase classname="github.com/qmuntal/gltf" name="TestNode_TranslationOrDefault/default" time="0"></testcase>
	<testcase classname="github.com/qmuntal/gltf" name="TestNode_TranslationOrDefault/other" time="0"></testcase>
	<testcase classname="github.com/qmuntal/gltf" name="TestPBRMetallicRoughness_BaseColorFactorOrDefault" time="0"></testcase>
	<testcase classname="github.com/qmuntal/gltf" name="TestPBRMetallicRoughness_BaseColorFactorOrDefault/empty" time="0"></testcase>
	<testcase classname="github.com/qmuntal/gltf" name="TestPBRMetallicRoughness_BaseColorFactorOrDefault/other" time="0"></testcase>
	<testcase classname="github.com/qmuntal/gltf" name="TestOcclusionTexture_StrengthOrDefault" time="0"></testcase>
	<testcase classname="github.com/qmuntal/gltf" name="TestOcclusionTexture_StrengthOrDefault/empty" time="0"></testcase>
	<testcase classname="github.com/qmuntal/gltf" name="TestOcclusionTexture_StrengthOrDefault/other" time="0"></testcase>
	<testcase classname="github.com/qmuntal/gltf" name="TestNormalTexture_ScaleOrDefault" time="0"></testcase>
	<testcase classname="github.com/qmuntal/gltf" name="TestNormalTexture_ScaleOrDefault/empty" time="0"></testcase>
	<testcase classname="github.com/qmuntal/gltf" name="TestNormalTexture_ScaleOrDefault/other" time="0"></testcase>
	<testcase classname="github.com/qmuntal/gltf" name="TestMaterial_AlphaCutoffOrDefault" time="0"></testcase>
	<testcase classname="github.com/qmuntal/gltf" name="TestMaterial_AlphaCutoffOrDefault/empty" time="0"></testcase>
	<testcase classname="github.com/qmuntal/gltf" name="TestMaterial_AlphaCutoffOrDefault/other" time="0"></testcase>
	<testcase classname="github.com/qmuntal/gltf" name="TestPBRMetallicRoughness_MetallicFactorOrDefault" time="0"></testcase>
	<testcase classname="github.com/qmuntal/gltf" name="TestPBRMetallicRoughness_MetallicFactorOrDefault/empty" time="0"></testcase>
	<testcase classname="github.com/qmuntal/gltf" name="TestPBRMetallicRoughness_MetallicFactorOrDefault/other" time="0"></testcase>
	<testcase classname="github.com/qmuntal/gltf" name="TestPBRMetallicRoughness_RoughnessFactorOrDefault" time="0"></testcase>
	<testcase classname="github.com/qmuntal/gltf" name="TestPBRMetallicRoughness_RoughnessFactorOrDefault/empty" time="0"></testcase>
	<testcase classname="github.com/qmuntal/gltf" name="TestPBRMetallicRoughness_RoughnessFactorOrDefault/other" time="0"></testcase>
	<testcase classname="github.com/qmuntal/gltf" name="TestSizeOfElement" time="0"></testcase>
	<testcase classname="github.com/qmuntal/gltf" name="TestSizeOfElement/byte-vec2" time="0"></testcase>
	<testcase classname="github.com/qmuntal/gltf" name="TestSizeOfElement/ubyte-vec2" time="0"></testcase>
	<testcase classname="github.com/qmuntal/gltf" name="TestSizeOfElement/byte-vec3" time="0"></testcase>
	<testcase classname="github.com/qmuntal/gltf" name="TestSizeOfElement/ubyte-vec3" time="0"></testcase>
	<testcase classname="github.com/qmuntal/gltf" name="TestSizeOfElement/short-vec3" time="0"></testcase>
	<testcase classname="github.com/qmuntal/gltf" name="TestSizeOfElement/ushort-vec3" time="0"></testcase>
	<testcase classname="github.com/qmuntal/gltf" name="TestSizeOfElement/byte-mat2" time="0"></testcase>
	<testcase classname="github.com/qmuntal/gltf" name="TestSizeOfElement/ubyte-mat2" time="0"></testcase>
	<testcase classname="github.com/qmuntal/gltf" name="TestSizeOfElement/byte-mat3" time="0"></testcase>
	<testcase classname="github.com/qmuntal/gltf" name="TestSizeOfElement/ubyte-mat3" time="0"></testcase>
	<testcase classname="github.com/qmuntal/gltf" name="TestSizeOfElement/short-mat3" time="0"></testcase>
	<testcase classname="github.com/qmuntal/gltf" name="TestSizeOfElement/ushort-mat3" time="0"></testcase>
	<testcase classname="github.com/qmuntal/gltf" name="TestSizeOfElement/other" time="0"></testcase>
	<testcase classname="github.com/qmuntal/gltf" name="TestIssue63" time="0"></testcase>
	<testcase classname="github.com/qmuntal/gltf" name="TestAccessorType_UnmarshalJSON" time="0"></testcase>
	<testcase classname="github.com/qmuntal/gltf" name="TestAccessorType_UnmarshalJSON/base" time="0"></testcase>
	<testcase classname="github.com/qmuntal/gltf" name="TestAccessorType_UnmarshalJSON/incorrect-type" time="0"></testcase>
	<testcase classname="github.com/qmuntal/gltf" name="TestEncoder_Encode_AsBinary_WithoutBuffer" time="0"></testcase>
	<testcase classname="github.com/qmuntal/gltf" name="TestEncoder_Encode_AsBinary_WithoutBinChunk" time="0"></testcase>
	<testcase classname="github.com/qmuntal/gltf" name="TestEncoder_Encode_AsBinary_WithBinChunk" time="0"></testcase>
	<testcase classname="github.com/qmuntal/gltf" name="TestEncoder_Encode_Buffers_Without_URI" time="0"></testcase>
	<testcase classname="github.com/qmuntal/gltf" name="TestEncoder_Encode" time="0.01"></testcase>
	<testcase classname="github.com/qmuntal/gltf" name="TestEncoder_Encode/withInvalidBuffer_json" time="0"></testcase>
	<testcase classname="github.com/qmuntal/gltf" name="TestEncoder_Encode/withInvalidBuffer_binary" time="0"></testcase>
	<testcase classname="github.com/qmuntal/gltf" name="TestEncoder_Encode/empty_json" time="0"></testcase>
	<testcase classname="github.com/qmuntal/gltf" name="TestEncoder_Encode/empty_binary" time="0"></testcase>
	<testcase classname="github.com/qmuntal/gltf" name="TestEncoder_Encode/withExtensions_json" time="0"></testcase>
	<testcase classname="github.com/qmuntal/gltf" name="TestEncoder_Encode/withExtensions_binary" time="0"></testcase>
	<testcase classname="github.com/qmuntal/gltf" name="TestEncoder_Encode/withAsset_json" time="0"></testcase>
	<testcase classname="github.com/qmuntal/gltf" name="TestEncoder_Encode/withAsset_binary" time="0"></testcase>
	<testcase classname="github.com/qmuntal/gltf" name="TestEncoder_Encode/withAccessors_json" time="0"></testcase>
	<testcase classname="github.com/qmuntal/gltf" name="TestEncoder_Encode/withAccessors_binary" time="0"></testcase>
	<testcase classname="github.com/qmuntal/gltf" name="TestEncoder_Encode/withAnimations_json" time="0"></testcase>
	<testcase classname="github.com/qmuntal/gltf" name="TestEncoder_Encode/withAnimations_binary" time="0"></testcase>
	<testcase classname="github.com/qmuntal/gltf" name="TestEncoder_Encode/withBufView_json" time="0"></testcase>
	<testcase classname="github.com/qmuntal/gltf" name="TestEncoder_Encode/withBufView_binary" time="0"></testcase>
	<testcase classname="github.com/qmuntal/gltf" name="TestEncoder_Encode/withCameras_json" time="0"></testcase>
	<testcase classname="github.com/qmuntal/gltf" name="TestEncoder_Encode/withCameras_binary" time="0"></testcase>
	<testcase classname="github.com/qmuntal/gltf" name="TestEncoder_Encode/withImages_json" time="0"></testcase>
	<testcase classname="github.com/qmuntal/gltf" name="TestEncoder_Encode/withImages_binary" time="0"></testcase>
	<testcase classname="github.com/qmuntal/gltf" name="TestEncoder_Encode/withMaterials_json" time="0"></testcase>
	<testcase classname="github.com/qmuntal/gltf" name="TestEncoder_Encode/withMaterials_binary" time="0"></testcase>
	<testcase classname="github.com/qmuntal/gltf" name="TestEncoder_Encode/withMeshes_json" time="0"></testcase>
	<testcase classname="github.com/qmuntal/gltf" name="TestEncoder_Encode/withMeshes_binary" time="0"></testcase>
	<testcase classname="github.com/qmuntal/gltf" name="TestEncoder_Encode/withNodes_json" time="0"></testcase>
	<testcase classname="github.com/qmuntal/gltf" name="TestEncoder_Encode/withNodes_binary" time="0"></testcase>
	<testcase classname="github.com/qmuntal/gltf" name="TestEncoder_Encode/withSampler_json" time="0"></testcase>
	<testcase classname="github.com/qmuntal/gltf" name="TestEncoder_Encode/withSampler_binary" time="0"></testcase>
	<testcase classname="github.com/qmuntal/gltf" name="TestEncoder_Encode/withScene_json" time="0"></testcase>
	<testcase classname="github.com/qmuntal/gltf" name="TestEncoder_Encode/withScene_binary" time="0"></testcase>
	<testcase classname="github.com/qmuntal/gltf" name="TestEncoder_Encode/withScenes_json" time="0"></testcase>
	<testcase classname="github.com/qmuntal/gltf" name="TestEncoder_Encode/withScenes_binary" time="0"></testcase>
	<testcase classname="github.com/qmuntal/gltf" name="TestEncoder_Encode/withSkins_json" time="0"></testcase>
	<testcase classname="github.com/qmuntal/gltf" name="TestEncoder_Encode/withSkins_binary" time="0"></testcase>
	<testcase classname="github.com/qmuntal/gltf" name="TestEncoder_Encode/withTextures_json" time="0"></testcase>
	<testcase classname="github.com/qmuntal/gltf" name="TestEncoder_Encode/withTextures_binary" time="0"></testcase>
	<testcase classname="github.com/qmuntal/gltf" name="TestImage_MarshalData" time="0"></testcase>
	<testcase classname="github.com/qmuntal/gltf" name="TestImage_MarshalData/error" time="0"></testcase>
	<testcase classname="github.com/qmuntal/gltf" name="TestImage_MarshalData/external" time="0"></testcase>
	<testcase classname="github.com/qmuntal/gltf" name="TestImage_MarshalData/empty" time="0"></testcase>
	<testcase classname="github.com/qmuntal/gltf" name="TestImage_MarshalData/empty#01" time="0"></testcase>
	<testcase classname="github.com/qmuntal/gltf" name="TestImage_MarshalData/test" time="0"></testcase>
	<testcase classname="github.com/qmuntal/gltf" name="TestImage_MarshalData/complex" time="0"></testcase>
	<testcase classname="github.com/qmuntal/gltf" name="TestImage_MarshalData/invalid" time="0"></testcase>
	<testcase classname="github.com/qmuntal/gltf" name="TestNode_UnmarshalJSON" time="0"></testcase>
	<testcase classname="github.com/qmuntal/gltf" name="TestNode_UnmarshalJSON/default" time="0"></testcase>
	<testcase classname="github.com/qmuntal/gltf" name="TestNode_UnmarshalJSON/nodefault" time="0"></testcase>
	<testcase classname="github.com/qmuntal/gltf" name="TestNode_UnmarshalJSON/nodefault#01" time="0"></testcase>
	<testcase classname="github.com/qmuntal/gltf" name="TestMaterial_UnmarshalJSON" time="0"></testcase>
	<testcase classname="github.com/qmuntal/gltf" name="TestMaterial_UnmarshalJSON/default" time="0"></testcase>
	<testcase classname="github.com/qmuntal/gltf" name="TestMaterial_UnmarshalJSON/nodefault" time="0"></testcase>
	<testcase classname="github.com/qmuntal/gltf" name="TestNormalTexture_UnmarshalJSON" time="0"></testcase>
	<testcase classname="github.com/qmuntal/gltf" name="TestNormalTexture_UnmarshalJSON/default" time="0"></testcase>
	<testcase classname="github.com/qmuntal/gltf" name="TestNormalTexture_UnmarshalJSON/empty" time="0"></testcase>
	<testcase classname="github.com/qmuntal/gltf" name="TestNormalTexture_UnmarshalJSON/nodefault" time="0"></testcase>
	<testcase classname="github.com/qmuntal/gltf" name="TestOcclusionTexture_UnmarshalJSON" time="0"></testcase>
	<testcase classname="github.com/qmuntal/gltf" name="TestOcclusionTexture_UnmarshalJSON/default" time="0"></testcase>
	<testcase classname="github.com/qmuntal/gltf" name="TestOcclusionTexture_UnmarshalJSON/empty" time="0"></testcase>
	<testcase classname="github.com/qmuntal/gltf" name="TestOcclusionTexture_UnmarshalJSON/nodefault" time="0"></testcase>
	<testcase classname="github.com/qmuntal/gltf" name="TestPBRMetallicRoughness_UnmarshalJSON" time="0"></testcase>
	<testcase classname="github.com/qmuntal/gltf" name="TestPBRMetallicRoughness_UnmarshalJSON/default" time="0"></testcase>
	<testcase classname="github.com/qmuntal/gltf" name="TestPBRMetallicRoughness_UnmarshalJSON/nodefault" time="0"></testcase>
	<testcase classname="github.com/qmuntal/gltf" name="TestNode_MarshalJSON" time="0"></testcase>
	<testcase classname="github.com/qmuntal/gltf" name="TestNode_MarshalJSON/default" time="0"></testcase>
	<testcase classname="github.com/qmuntal/gltf" name="TestNode_MarshalJSON/default2" time="0"></testcase>
	<testcase classname="github.com/qmuntal/gltf" name="TestNode_MarshalJSON/empty" time="0"></testcase>
	<testcase classname="github.com/qmuntal/gltf" name="TestNode_MarshalJSON/nodefault" time="0"></testcase>
	<testcase classname="github.com/qmuntal/gltf" name="TestMaterial_MarshalJSON" time="0"></testcase>
	<testcase classname="github.com/qmuntal/gltf" name="TestMaterial_MarshalJSON/default" time="0"></testcase>
	<testcase classname="github.com/qmuntal/gltf" name="TestMaterial_MarshalJSON/empty" time="0"></testcase>
	<testcase classname="github.com/qmuntal/gltf" name="TestMaterial_MarshalJSON/nodefault" time="0"></testcase>
	<testcase classname="github.com/qmuntal/gltf" name="TestNormalTexture_MarshalJSON" time="0"></testcase>
	<testcase classname="github.com/qmuntal/gltf" name="TestNormalTexture_MarshalJSON/default" time="0"></testcase>
	<testcase classname="github.com/qmuntal/gltf" name="TestNormalTexture_MarshalJSON/empty" time="0"></testcase>
	<testcase classname="github.com/qmuntal/gltf" name="TestNormalTexture_MarshalJSON/nodefault" time="0"></testcase>
	<testcase classname="github.com/qmuntal/gltf" name="TestOcclusionTexture_MarshalJSON" time="0"></testcase>
	<testcase classname="github.com/qmuntal/gltf" name="TestOcclusionTexture_MarshalJSON/default" time="0"></testcase>
	<testcase classname="github.com/qmuntal/gltf" name="TestOcclusionTexture_MarshalJSON/empty" time="0"></testcase>
	<testcase classname="github.com/qmuntal/gltf" name="TestOcclusionTexture_MarshalJSON/nodefault" time="0"></testcase>
	<testcase classname="github.com/qmuntal/gltf" name="TestPBRMetallicRoughness_MarshalJSON" time="0"></testcase>
	<testcase classname="github.com/qmuntal/gltf" name="TestPBRMetallicRoughness_MarshalJSON/default" time="0"></testcase>
	<testcase classname="github.com/qmuntal/gltf" name="TestPBRMetallicRoughness_MarshalJSON/empty" time="0"></testcase>
	<testcase classname="github.com/qmuntal/gltf" name="TestPBRMetallicRoughness_MarshalJSON/nodefault" time="0"></testcase>
	<testcase classname="github.com/qmuntal/gltf" name="TestCamera_MarshalJSON" time="0"></testcase>
	<testcase classname="github.com/qmuntal/gltf" name="TestCamera_MarshalJSON/empty" time="0"></testcase>
	<testcase classname="github.com/qmuntal/gltf" name="TestSampler_Encode" time="0"></testcase>
	<testcase classname="github.com/qmuntal/gltf" name="TestSampler_Encode/default" time="0"></testcase>
	<testcase classname="github.com/qmuntal/gltf" name="TestSampler_Encode/empty" time="0"></testcase>
	<testcase classname="github.com/qmuntal/gltf" name="TestSampler_Encode/nondefault" time="0"></testcase>
	<testcase classname="github.com/qmuntal/gltf" name="TestExtensions_UnmarshalJSON" time="0"></testcase>
	<testcase classname="github.com/qmuntal/gltf" name="TestExtensions_UnmarshalJSON/fake_ext" time="0"></testcase>
	<testcase classname="github.com/qmuntal/gltf" name="TestExtensions_UnmarshalJSON/err" time="0"></testcase>
	<testcase classname="github.com/qmuntal/gltf" name="TestExtensions_UnmarshalJSON/errext" time="0"></testcase>
	<testcase classname="github.com/qmuntal/gltf" name="TestExtensions_UnmarshalJSON/noregistered" time="0"></testcase>
	<testcase classname="github.com/qmuntal/gltf" name="TestNormalize" time="0"></testcase>
	<testcase classname="github.com/qmuntal/gltf" name="TestDenormalize" time="0"></testcase>
	<testcase classname="github.com/qmuntal/gltf" name="TestNormalizeRGBA" time="0"></testcase>
	<testcase classname="github.com/qmuntal/gltf" name="TestNormalizeRGBA/empty" time="0"></testcase>
	<testcase classname="github.com/qmuntal/gltf" name="TestNormalizeRGBA/base" time="0"></testcase>
	<testcase classname="github.com/qmuntal/gltf" name="TestNormalizeRGBA/max" time="0"></testcase>
	<testcase classname="github.com/qmuntal/gltf" name="TestNormalizeRGBA/other" time="0"></testcase>
	<testcase classname="github.com/qmuntal/gltf" name="TestNormalizeRGB" time="0"></testcase>
	<testcase classname="github.com/qmuntal/gltf" name="TestNormalizeRGB/empty" time="0"></testcase>
	<testcase classname="github.com/qmuntal/gltf" name="TestNormalizeRGB/base" time="0"></testcase>
	<testcase classname="github.com/qmuntal/gltf" name="TestNormalizeRGB/max" time="0"></testcase>
	<testcase classname="github.com/qmuntal/gltf" name="TestNormalizeRGB/other" time="0"></testcase>
	<testcase classname="github.com/qmuntal/gltf" name="TestNormalizeRGBA64" time="0"></testcase>
	<testcase classname="github.com/qmuntal/gltf" name="TestNormalizeRGBA64/empty" time="0"></testcase>
	<testcase classname="github.com/qmuntal/gltf" name="TestNormalizeRGBA64/base" time="0"></testcase>
	<testcase classname="github.com/qmuntal/gltf" name="TestNormalizeRGBA64/max" time="0"></testcase>
	<testcase classname="github.com/qmuntal/gltf" name="TestNormalizeRGBA64/other" time="0"></testcase>
	<testcase classname="github.com/qmuntal/gltf" name="TestNormalizeRGB64" time="0"></testcase>
	<testcase classname="github.com/qmuntal/gltf" name="TestNormalizeRGB64/empty" time="0"></testcase>
	<testcase classname="github.com/qmuntal/gltf" name="TestNormalizeRGB64/base" time="0"></testcase>
	<testcase classname="github.com/qmuntal/gltf" name="TestNormalizeRGB64/max" time="0"></testcase>
	<testcase classname="github.com/qmuntal/gltf" name="TestNormalizeRGB64/other" time="0"></testcase>
	<testcase classname="github.com/qmuntal/gltf" name="TestDenormalizeRGBA" time="0"></testcase>
	<testcase classname="github.com/qmuntal/gltf" name="TestDenormalizeRGBA/empty" time="0"></testcase>
	<testcase classname="github.com/qmuntal/gltf" name="TestDenormalizeRGBA/base" time="0"></testcase>
	<testcase classname="github.com/qmuntal/gltf" name="TestDenormalizeRGBA/max" time="0"></testcase>
	<testcase classname="github.com/qmuntal/gltf" name="TestDenormalizeRGBA/other" time="0"></testcase>
	<testcase classname="github.com/qmuntal/gltf" name="TestDenormalizeRGB" time="0"></testcase>
	<testcase classname="github.com/qmuntal/gltf" name="TestDenormalizeRGB/empty" time="0"></testcase>
	<testcase classname="github.com/qmuntal/gltf" name="TestDenormalizeRGB/base" time="0"></testcase>
	<testcase classname="github.com/qmuntal/gltf" name="TestDenormalizeRGB/max" time="0"></testcase>
	<testcase classname="github.com/qmuntal/gltf" name="TestDenormalizeRGB/other" time="0"></testcase>
	<testcase classname="github.com/qmuntal/gltf" name="TestDenormalizeRGBA64" time="0"></testcase>
	<testcase classname="github.com/qmuntal/gltf" name="TestDenormalizeRGBA64/empty" time="0"></testcase>
	<testcase classname="github.com/qmuntal/gltf" name="TestDenormalizeRGBA64/base" time="0"></testcase>
	<testcase classname="github.com/qmuntal/gltf" name="TestDenormalizeRGBA64/max" time="0"></testcase>
	<testcase classname="github.com/qmuntal/gltf" name="TestDenormalizeRGBA64/other" time="0"></testcase>
	<testcase classname="github.com/qmuntal/gltf" name="TestDenormalizeRGB64" time="0"></testcase>
	<testcase classname="github.com/qmuntal/gltf" name="TestDenormalizeRGB64/empty" time="0"></testcase>
	<testcase classname="github.com/qmuntal/gltf" name="TestDenormalizeRGB64/base" time="0"></testcase>
	<testcase classname="github.com/qmuntal/gltf" name="TestDenormalizeRGB64/max" time="0"></testcase>
	<testcase classname="github.com/qmuntal/gltf" name="TestDenormalizeRGB64/other" time="0"></testcase>
</testsuite>
<testsuite name="github.com/qmuntal/gltf/ext/unlit" tests="6" failures="0" skipped="0" time="0.006" timestamp="2025-02-13T10:13:39Z">
	<testcase classname="github.com/qmuntal/gltf/ext/unlit" name="TestUnlit_UnmarshalJSON" time="0"></testcase>
	<testcase classname="github.com/qmuntal/gltf/ext/unlit" name="TestUnlit_UnmarshalJSON/err" time="0"></testcase>
	<testcase classname="github.com/qmuntal/gltf/ext/unlit" name="TestUnlit_UnmarshalJSON/empty" time="0"></testcase>
	<testcase classname="github.com/qmuntal/gltf/ext/unlit" name="TestUnlit_UnmarshalJSON/withProps" time="0"></testcase>
	<testcase classname="github.com/qmuntal/gltf/ext/unlit" name="TestUnmarshal" time="0"></testcase>
	<testcase classname="github.com/qmuntal/gltf/ext/unlit" name="TestUnmarshal/base" time="0"></testcase>
</testsuite>
<testsuite name="github.com/qmuntal/gltf/ext/specular" tests="9" failures="0" skipped="0" time="0.006" timestamp="2025-02-13T10:13:39Z">
	<testcase classname="github.com/qmuntal/gltf/ext/specular" name="TestPBRSpecularGlossiness_UnmarshalJSON" time="0"></testcase>
	<testcase classname="github.com/qmuntal/gltf/ext/specular" name="TestPBRSpecularGlossiness_UnmarshalJSON/default" time="0"></testcase>
	<testcase classname="github.com/qmuntal/gltf/ext/specular" name="TestPBRSpecularGlossiness_UnmarshalJSON/nodefault" time="0"></testcase>
	<testcase classname="github.com/qmuntal/gltf/ext/specular" name="TestPBRSpecularGlossiness_MarshalJSON" time="0"></testcase>
	<testcase classname="github.com/qmuntal/gltf/ext/specular" name="TestPBRSpecularGlossiness_MarshalJSON/default" time="0"></testcase>
	<testcase classname="github.com/qmuntal/gltf/ext/specular" name="TestPBRSpecularGlossiness_MarshalJSON/empty" time="0"></testcase>
	<testcase classname="github.com/qmuntal/gltf/ext/specular" name="TestPBRSpecularGlossiness_MarshalJSON/nodefault" time="0"></testcase>
	<testcase classname="github.com/qmuntal/gltf/ext/specular" name="TestUnmarshal" time="0"></testcase>
	<testcase classname="github.com/qmuntal/gltf/ext/specular" name="TestUnmarshal/base" time="0"></testcase>
</testsuite>
<testsuite name="github.com/qmuntal/gltf/ext/texturetransform" tests="13" failures="0" skipped="0" time="0.007" timestamp="2025-02-13T10:13:39Z">
	<testcase classname="github.com/qmuntal/gltf/ext/texturetransform" name="TestTextureTranform_ScaleOrDefault" time="0"></testcase>
	<testcase classname="github.com/qmuntal/gltf/ext/texturetransform" name="TestTextureTranform_ScaleOrDefault/default" time="0"></testcase>
	<testcase classname="github.com/qmuntal/gltf/ext/texturetransform" name="TestTextureTranform_ScaleOrDefault/zeros" time="0"></testcase>
	<testcase classname="github.com/qmuntal/gltf/ext/texturetransform" name="TestTextureTranform_ScaleOrDefault/other" time="0"></testcase>
	<testcase classname="github.com/qmuntal/gltf/ext/texturetransform" name="TestTextureTranform_UnmarshalJSON" time="0"></testcase>
	<testcase classname="github.com/qmuntal/gltf/ext/texturetransform" name="TestTextureTranform_UnmarshalJSON/default" time="0"></testcase>
	<testcase classname="github.com/qmuntal/gltf/ext/texturetransform" name="TestTextureTranform_UnmarshalJSON/nodefault" time="0"></testcase>
	<testcase classname="github.com/qmuntal/gltf/ext/texturetransform" name="TestTextureTranform_MarshalJSON" time="0"></testcase>
	<testcase classname="github.com/qmuntal/gltf/ext/texturetransform" name="TestTextureTranform_MarshalJSON/default" time="0"></testcase>
	<testcase classname="github.com/qmuntal/gltf/ext/texturetransform" name="TestTextureTranform_MarshalJSON/empty" time="0"></testcase>
	<testcase classname="github.com/qmuntal/gltf/ext/texturetransform" name="TestTextureTranform_MarshalJSON/nodefault" time="0"></testcase>
	<testcase classname="github.com/qmuntal/gltf/ext/texturetransform" name="TestUnmarshal" time="0"></testcase>
	<testcase classname="github.com/qmuntal/gltf/ext/texturetransform" name="TestUnmarshal/base" time="0"></testcase>
</testsuite>
<testsuite name="github.com/qmuntal/gltf/ext/lightspunctual" tests="16" failures="0" skipped="0" time="0.008" timestamp="2025-02-13T10:13:39Z">
	<testcase classname="github.com/qmuntal/gltf/ext/lightspunctual" name="TestLight_IntensityOrDefault" time="0"></testcase>
	<testcase classname="github.com/qmuntal/gltf/ext/lightspunctual" name="TestLight_IntensityOrDefault/empty" time="0"></testcase>
	<testcase classname="github.com/qmuntal/gltf/ext/lightspunctual" name="TestLight_IntensityOrDefault/other" time="0"></testcase>
	<testcase classname="github.com/qmuntal/gltf/ext/lightspunctual" name="TestLight_ColorOrDefault" time="0"></testcase>
	<testcase classname="github.com/qmuntal/gltf/ext/lightspunctual" name="TestLight_ColorOrDefault/empty" time="0"></testcase>
	<testcase classname="github.com/qmuntal/gltf/ext/lightspunctual" name="TestLight_ColorOrDefault/other" time="0"></testcase>
	<testcase classname="github.com/qmuntal/gltf/ext/lightspunctual" name="TestSpot_OuterConeAngleOrDefault" time="0"></testcase>
	<testcase classname="github.com/qmuntal/gltf/ext/lightspunctual" name="TestSpot_OuterConeAngleOrDefault/empty" time="0"></testcase>
	<testcase classname="github.com/qmuntal/gltf/ext/lightspunctual" name="TestSpot_OuterConeAngleOrDefault/other" time="0"></testcase>
	<testcase classname="github.com/qmuntal/gltf/ext/lightspunctual" name="TestLight_UnmarshalJSON" time="0"></testcase>
	<testcase classname="github.com/qmuntal/gltf/ext/lightspunctual" name="TestLight_UnmarshalJSON/default" time="0"></testcase>
	<testcase classname="github.com/qmuntal/gltf/ext/lightspunctual" name="TestLight_UnmarshalJSON/nodefault" time="0"></testcase>
	<testcase classname="github.com/qmuntal/gltf/ext/lightspunctual" name="TestUnmarshal" time="0"></testcase>
	<testcase classname="github.com/qmuntal/gltf/ext/lightspunctual" name="TestUnmarshal/error" time="0"></testcase>
	<testcase classname="github.com/qmuntal/gltf/ext/lightspunctual" name="TestUnmarshal/index" time="0"></testcase>
	<testcase classname="github.com/qmuntal/gltf/ext/lightspunctual" name="TestUnmarshal/lights" time="0"></testcase>
</testsuite>
<testsuite name="github.com/qmuntal/gltf/binary" tests="162" failures="0" skipped="0" time="0.012" timestamp="2025-02-13T10:13:39Z">
	<testcase classname="github.com/qmuntal/gltf/binary" name="TestRead" time="0"></testcase>
	<testcase classname="github.com/qmuntal/gltf/binary" name="TestRead/small" time="0"></testcase>
	<testcase classname="github.com/qmuntal/gltf/binary" name="TestRead/empty" time="0"></testcase>
	<testcase classname="github.com/qmuntal/gltf/binary" name="TestRead/int8" time="0"></testcase>
	<testcase classname="github.com/qmuntal/gltf/binary" name="TestRead/int8-FE" time="0"></testcase>
	<testcase classname="github.com/qmuntal/gltf/binary" name="TestRead/[2]int8" time="0"></testcase>
	<testcase classname="github.com/qmuntal/gltf/binary" name="TestRead/[3]int8" time="0"></testcase>
	<testcase classname="github.com/qmuntal/gltf/binary" name="TestRead/[4]int8" time="0"></testcase>
	<testcase classname="github.com/qmuntal/gltf/binary" name="TestRead/[2][2]int8" time="0"></testcase>
	<testcase classname="github.com/qmuntal/gltf/binary" name="TestRead/[3][3]int8" time="0"></testcase>
	<testcase classname="github.com/qmuntal/gltf/binary" name="TestRead/[4][4]int8" time="0"></testcase>
	<testcase classname="github.com/qmuntal/gltf/binary" name="TestRead/uint8" time="0"></testcase>
	<testcase classname="github.com/qmuntal/gltf/binary" name="TestRead/uint8-FE" time="0"></testcase>
	<testcase classname="github.com/qmuntal/gltf/binary" name="TestRead/[2]uint8" time="0"></testcase>
	<testcase classname="github.com/qmuntal/gltf/binary" name="TestRead/[3]uint8" time="0"></testcase>
	<testcase classname="github.com/qmuntal/gltf/binary" name="TestRead/[4]uint8" time="0"></testcase>
	<testcase classname="github.com/qmuntal/gltf/binary" name="TestRead/[2][2]uint8" time="0"></testcase>
	<testcase classname="github.com/qmuntal/gltf/binary" name="TestRead/[3][3]uint8" time="0"></testcase>
	<testcase classname="github.com/qmuntal/gltf/binary" name="TestRead/[4][4]uint8" time="0"></testcase>
	<testcase classname="github.com/qmuntal/gltf/binary" name="TestRead/int16" time="0"></testcase>
	<testcase classname="github.com/qmuntal/gltf/binary" name="TestRead/int16-FE" time="0"></testcase>
	<testcase classname="github.com/qmuntal/gltf/binary" name="TestRead/[2]int16" time="0"></testcase>
	<testcase classname="github.com/qmuntal/gltf/binary" name="TestRead/[3]int16" time="0"></testcase>
	<testcase classname="github.com/qmuntal/gltf/binary" name="TestRead/[4]int16" time="0"></testcase>
	<testcase classname="github.com/qmuntal/gltf/binary" name="TestRead/[2][2]int16" time="0"></testcase>
	<testcase classname="github.com/qmuntal/gltf/binary" name="TestRead/[3][3]int16" time="0"></testcase>
	<testcase classname="github.com/qmuntal/gltf/binary" name="TestRead/[4][4]int16" time="0"></testcase>
	<testcase classname="github.com/qmuntal/gltf/binary" name="TestRead/uint16" time="0"></testcase>
	<testcase classname="github.com/qmuntal/gltf/binary" name="TestRead/uint16-FE" time="0"></testcase>
	<testcase classname="github.com/qmuntal/gltf/binary" name="TestRead/[2]uint16" time="0"></testcase>
	<testcase classname="github.com/qmuntal/gltf/binary" name="TestRead/[3]uint16" time="0"></testcase>
	<testcase classname="github.com/qmuntal/gltf/binary" name="TestRead/[4]uint16" time="0"></testcase>
	<testcase classname="github.com/qmuntal/gltf/binary" name="TestRead/[2][2]uint16" time="0"></testcase>
	<testcase classname="github.com/qmuntal/gltf/binary" name="TestRead/[3][3]uint16" time="0"></testcase>
	<testcase classname="github.com/qmuntal/gltf/binary" name="TestRead/[4][4]uint16" time="0"></testcase>
	<testcase classname="github.com/qmuntal/gltf/binary" name="TestRead/uint32" time="0"></testcase>
	<testcase classname="github.com/qmuntal/gltf/binary" name="TestRead/uint32-FE" time="0"></testcase>
	<testcase classname="github.com/qmuntal/gltf/binary" name="TestRead/[2]uint32" time="0"></testcase>
	<testcase classname="github.com/qmuntal/gltf/binary" name="TestRead/[3]uint32" time="0"></testcase>
	<testcase classname="github.com/qmuntal/gltf/binary" name="TestRead/[4]uint32" time="0"></testcase>
	<testcase classname="github.com/qmuntal/gltf/binary" name="TestRead/[2][2]uint32" time="0"></testcase>
	<testcase classname="github.com/qmuntal/gltf/binary" name="TestRead/[3][3]uint32" time="0"></testcase>
	<testcase classname="github.com/qmuntal/gltf/binary" name="TestRead/[4][4]uint32" time="0"></testcase>
	<testcase classname="github.com/qmuntal/gltf/binary" name="TestRead/float32" time="0"></testcase>
	<testcase classname="github.com/qmuntal/gltf/binary" name="TestRead/float32-FE" time="0"></testcase>
	<testcase classname="github.com/qmuntal/gltf/binary" name="TestRead/[2]float32" time="0"></testcase>
	<testcase classname="github.com/qmuntal/gltf/binary" name="TestRead/[3]float32" time="0"></testcase>
	<testcase classname="github.com/qmuntal/gltf/binary" name="TestRead/[4]float32" time="0"></testcase>
	<testcase classname="github.com/qmuntal/gltf/binary" name="TestRead/[2][2]float32" time="0"></testcase>
	<testcase classname="github.com/qmuntal/gltf/binary" name="TestRead/[3][3]float32" time="0"></testcase>
	<testcase classname="github.com/qmuntal/gltf/binary" name="TestRead/[4][4]float32" time="0"></testcase>
	<testcase classname="github.com/qmuntal/gltf/binary" name="TestRead/color.RGBA" time="0"></testcase>
	<testcase classname="github.com/qmuntal/gltf/binary" name="TestRead/color.RGBA64" time="0"></testcase>
	<testcase classname="github.com/qmuntal/gltf/binary" name="TestWrite" time="0"></testcase>
	<testcase classname="github.com/qmuntal/gltf/binary" name="TestWrite/small" time="0"></testcase>
	<testcase classname="github.com/qmuntal/gltf/binary" name="TestWrite/empty" time="0"></testcase>
	<testcase classname="github.com/qmuntal/gltf/binary" name="TestWrite/int8" time="0"></testcase>
	<testcase classname="github.com/qmuntal/gltf/binary" name="TestWrite/int8-FE" time="0"></testcase>
	<testcase classname="github.com/qmuntal/gltf/binary" name="TestWrite/[2]int8" time="0"></testcase>
	<testcase classname="github.com/qmuntal/gltf/binary" name="TestWrite/[3]int8" time="0"></testcase>
	<testcase classname="github.com/qmuntal/gltf/binary" name="TestWrite/[4]int8" time="0"></testcase>
	<testcase classname="github.com/qmuntal/gltf/binary" name="TestWrite/[2][2]int8" time="0"></testcase>
	<testcase classname="github.com/qmuntal/gltf/binary" name="TestWrite/[3][3]int8" time="0"></testcase>
	<testcase classname="github.com/qmuntal/gltf/binary" name="TestWrite/[4][4]int8" time="0"></testcase>
	<testcase classname="github.com/qmuntal/gltf/binary" name="TestWrite/uint8" time="0"></testcase>
	<testcase classname="github.com/qmuntal/gltf/binary" name="TestWrite/uint8-FE" time="0"></testcase>
	<testcase classname="github.com/qmuntal/gltf/binary" name="TestWrite/[2]uint8" time="0"></testcase>
	<testcase classname="github.com/qmuntal/gltf/binary" name="TestWrite/[3]uint8" time="0"></testcase>
	<testcase classname="github.com/qmuntal/gltf/binary" name="TestWrite/[4]uint8" time="0"></testcase>
	<testcase classname="github.com/qmuntal/gltf/binary" name="TestWrite/[2][2]uint8" time="0"></testcase>
	<testcase classname="github.com/qmuntal/gltf/binary" name="TestWrite/[3][3]uint8" time="0"></testcase>
	<testcase classname="github.com/qmuntal/gltf/binary" name="TestWrite/[4][4]uint8" time="0"></testcase>
	<testcase classname="github.com/qmuntal/gltf/binary" name="TestWrite/int16" time="0"></testcase>
	<testcase classname="github.com/qmuntal/gltf/binary" name="TestWrite/int16-FE" time="0"></testcase>
	<testcase classname="github.com/qmuntal/gltf/binary" name="TestWrite/[2]int16" time="0"></testcase>
	<testcase classname="github.com/qmuntal/gltf/binary" name="TestWrite/[3]int16" time="0"></testcase>
	<testcase classname="github.com/qmuntal/gltf/binary" name="TestWrite/[4]int16" time="0"></testcase>
	<testcase classname="github.com/qmuntal/gltf/binary" name="TestWrite/[2][2]int16" time="0"></testcase>
	<testcase classname="github.com/qmuntal/gltf/binary" name="TestWrite/[3][3]int16" time="0"></testcase>
	<testcase classname="github.com/qmuntal/gltf/binary" name="TestWrite/[4][4]int16" time="0"></testcase>
	<testcase classname="github.com/qmuntal/gltf/binary" name="TestWrite/uint16" time="0"></testcase>
	<testcase classname="github.com/qmuntal/gltf/binary" name="TestWrite/uint16-FE" time="0"></testcase>
	<testcase classname="github.com/qmuntal/gltf/binary" name="TestWrite/[2]uint16" time="0"></testcase>
	<testcase classname="github.com/qmuntal/gltf/binary" name="TestWrite/[3]uint16" time="0"></testcase>
	<testcase classname="github.com/qmuntal/gltf/binary" name="TestWrite/[4]uint16" time="0"></testcase>
	<testcase classname="github.com/qmuntal/gltf/binary" name="TestWrite/[2][2]uint16" time="0"></testcase>
	<testcase classname="github.com/qmuntal/gltf/binary" name="TestWrite/[3][3]uint16" time="0"></testcase>
	<testcase classname="github.com/qmuntal/gltf/binary" name="TestWrite/[4][4]uint16" time="0"></testcase>
	<testcase classname="github.com/qmuntal/gltf/binary" name="TestWrite/uint32" time="0"></testcase>
	<testcase classname="github.com/qmuntal/gltf/binary" name="TestWrite/uint32-FE" time="0"></testcase>
	<testcase classname="github.com/qmuntal/gltf/binary" name="TestWrite/[2]uint32" time="0"></testcase>
	<testcase classname="github.com/qmuntal/gltf/binary" name="TestWrite/[3]uint32" time="0"></testcase>
	<testcase classname="github.com/qmuntal/gltf/binary" name="TestWrite/[4]uint32" time="0"></testcase>
	<testcase classname="github.com/qmuntal/gltf/binary" name="TestWrite/[2][2]uint32" time="0"></testcase>
	<testcase classname="github.com/qmuntal/gltf/binary" name="TestWrite/[3][3]uint32" time="0"></testcase>
	<testcase classname="github.com/qmuntal/gltf/binary" name="TestWrite/[4][4]uint32" time="0"></testcase>
	<testcase classname="github.com/qmuntal/gltf/binary" name="TestWrite/float32" time="0"></testcase>
	<testcase classname="github.com/qmuntal/gltf/binary" name="TestWrite/float32-FE" time="0"></testcase>
	<testcase classname="github.com/qmuntal/gltf/binary" name="TestWrite/[2]float32" time="0"></testcase>
	<testcase classname="github.com/qmuntal/gltf/binary" name="TestWrite/[3]float32" time="0"></testcase>
	<testcase classname="github.com/qmuntal/gltf/binary" name="TestWrite/[4]float32" time="0"></testcase>
	<testcase classname="github.com/qmuntal/gltf/binary" name="TestWrite/[2][2]float32" time="0"></testcase>
	<testcase classname="github.com/qmuntal/gltf/binary" name="TestWrite/[3][3]float32" time="0"></testcase>
	<testcase classname="github.com/qmuntal/gltf/binary" name="TestWrite/[4][4]float32" time="0"></testcase>
	<testcase classname="github.com/qmuntal/gltf/binary" name="TestWrite/color.RGBA" time="0"></testcase>
	<testcase classname="github.com/qmuntal/gltf/binary" name="TestWrite/color.RGBA64" time="0"></testcase>
	<testcase classname="github.com/qmuntal/gltf/binary" name="Test_ubyteComponent_Scalar" time="0"></testcase>
	<testcase classname="github.com/qmuntal/gltf/binary" name="Test_ubyteComponent_Scalar/base" time="0"></testcase>
	<testcase classname="github.com/qmuntal/gltf/binary" name="Test_byteComponent_Scalar" time="0"></testcase>
	<testcase classname="github.com/qmuntal/gltf/binary" name="Test_byteComponent_Scalar/base" time="0"></testcase>
	<testcase classname="github.com/qmuntal/gltf/binary" name="TestMakeSlice" time="0"></testcase>
	<testcase classname="github.com/qmuntal/gltf/binary" name="TestMakeSlice/[]uint8" time="0"></testcase>
	<testcase classname="github.com/qmuntal/gltf/binary" name="TestMakeSlice/[]int8" time="0"></testcase>
	<testcase classname="github.com/qmuntal/gltf/binary" name="TestMakeSlice/[]uint16" time="0"></testcase>
	<testcase classname="github.com/qmuntal/gltf/binary" name="TestMakeSlice/[]int16" time="0"></testcase>
	<testcase classname="github.com/qmuntal/gltf/binary" name="TestMakeSlice/[]uint32" time="0"></testcase>
	<testcase classname="github.com/qmuntal/gltf/binary" name="TestMakeSlice/[]float32" time="0"></testcase>
	<testcase classname="github.com/qmuntal/gltf/binary" name="TestMakeSlice/[][2]uint8" time="0"></testcase>
	<testcase classname="github.com/qmuntal/gltf/binary" name="TestMakeSlice/[][2]int8" time="0"></testcase>
	<testcase classname="github.com/qmuntal/gltf/binary" name="TestMakeSlice/[][2]uint16" time="0"></testcase>
	<testcase classname="github.com/qmuntal/gltf/binary" name="TestMakeSlice/[][2]int16" time="0"></testcase>
	<testcase classname="github.com/qmuntal/gltf/binary" name="TestMakeSlice/[][2]uint32" time="0"></testcase>
	<testcase classname="github.com/qmuntal/gltf/binary" name="TestMakeSlice/[][2]float32" time="0"></testcase>
	<testcase classname="github.com/qmuntal/gltf/binary" name="TestMakeSlice/[][3]uint8" time="0"></testcase>
	<testcase classname="github.com/qmuntal/gltf/binary" name="TestMakeSlice/[][3]int8" time="0"></testcase>
	<testcase classname="github.com/qmuntal/gltf/binary" name="TestMakeSlice/[][3]uint16" time="0"></testcase>
	<testcase classname="github.com/qmuntal/gltf/binary" name="TestMakeSlice/[][3]int16" time="0"></testcase>
	<testcase classname="github.com/qmuntal/gltf/binary" name="TestMakeSlice/[][3]uint32" time="0"></testcase>
	<testcase classname="github.com/qmuntal/gltf/binary" name="TestMakeSlice/[][3]float32" time="0"></testcase>
	<testcase classname="github.com/qmuntal/gltf/binary" name="TestMakeSlice/[][4]uint8" time="0"></testcase>
	<testcase classname="github.com/qmuntal/gltf/binary" name="TestMakeSlice/[][4]int8" time="0"></testcase>
	<testcase classname="github.com/qmuntal/gltf/binary" name="TestMakeSlice/[][4]uint16" time="0"></testcase>
	<testcase classname="github.com/qmuntal/gltf/binary" name="TestMakeSlice/[][4]int16" time="0"></testcase>
	<testcase classname="github.com/qmuntal/gltf/binary" name="TestMakeSlice/[][4]uint32" time="0"></testcase>
	<testcase classname="github.com/qmuntal/gltf/binary" name="TestMakeSlice/[][4]float32" time="0"></testcase>
	<testcase classname="github.com/qmuntal/gltf/binary" name="TestMakeSlice/[][2][2]uint8" time="0"></testcase>
	<testcase classname="github.com/qmuntal/gltf/binary" name="TestMakeSlice/[][2][2]int8" time="0"></testcase>
	<testcase classname="github.com/qmuntal/gltf/binary" name="TestMakeSlice/[][2][2]uint16" time="0"></testcase>
	<testcase classname="github.com/qmuntal/gltf/binary" name="TestMakeSlice/[][2][2]int16" time="0"></testcase>
	<testcase classname="github.com/qmuntal/gltf/binary" name="TestMakeSlice/[][2][2]uint32" time="0"></testcase>
	<testcase classname="github.com/qmuntal/gltf/binary" name="TestMakeSlice/[][2][2]float32" time="0"></testcase>
	<testcase classname="github.com/qmuntal/gltf/binary" name="TestMakeSlice/[][3][3]uint8" time="0"></testcase>
	<testcase classname="github.com/qmuntal/gltf/binary" name="TestMakeSlice/[][3][3]int8" time="0"></testcase>
	<testcase classname="github.com/qmuntal/gltf/binary" name="TestMakeSlice/[][3][3]uint16" time="0"></testcase>
	<testcase classname="github.com/qmuntal/gltf/binary" name="TestMakeSlice/[][3][3]int16" time="0"></testcase>
	<testcase classname="github.com/qmuntal/gltf/binary" name="TestMakeSlice/[][3][3]uint32" time="0"></testcase>
	<testcase classname="github.com/qmuntal/gltf/binary" name="TestMakeSlice/[][3][3]float32" time="0"></testcase>
	<testcase classname="github.com/qmuntal/gltf/binary" name="TestMakeSlice/[][4][4]uint8" time="0"></testcase>
	<testcase classname="github.com/qmuntal/gltf/binary" name="TestMakeSlice/[][4][4]int8" time="0"></testcase>
	<testcase classname="github.com/qmuntal/gltf/binary" name="TestMakeSlice/[][4][4]uint16" time="0"></testcase>
	<testcase classname="github.com/qmuntal/gltf/binary" name="TestMakeSlice/[][4][4]int16" time="0"></testcase>
	<testcase classname="github.com/qmuntal/gltf/binary" name="TestMakeSlice/[][4][4]uint32" time="0"></testcase>
	<testcase classname="github.com/qmuntal/gltf/binary" name="TestMakeSlice/[][4][4]float32" time="0"></testcase>
	<testcase classname="github.com/qmuntal/gltf/binary" name="TestMakeSliceBuffer" time="0"></testcase>
	<testcase classname="github.com/qmuntal/gltf/binary" name="TestMakeSliceBuffer/nil_buffer" time="0"></testcase>
	<testcase classname="github.com/qmuntal/gltf/binary" name="TestMakeSliceBuffer/empty_buffer" time="0"></testcase>
	<testcase classname="github.com/qmuntal/gltf/binary" name="TestMakeSliceBuffer/different_buffer" time="0"></testcase>
	<testcase classname="github.com/qmuntal/gltf/binary" name="TestMakeSliceBuffer/small_buffer" time="0"></testcase>
	<testcase classname="github.com/qmuntal/gltf/binary" name="TestMakeSliceBuffer/large_buffer" time="0"></testcase>
	<testcase classname="github.com/qmuntal/gltf/binary" name="TestMakeSliceBuffer/same_buffer" time="0"></testcase>
	<testcase classname="github.com/qmuntal/gltf/binary" name="ExampleWrite" time="0"></testcase>
	<testcase classname="github.com/qmuntal/gltf/binary" name="ExampleRead" time="0"></testcase>
</testsuite>
<testsuite name="github.com/qmuntal/gltf/modeler" tests="119" failures="0" skipped="0" time="0.009" timestamp="2025-02-13T10:13:39Z">
	<testcase classname="github.com/qmuntal/gltf/modeler" name="TestReadColor64_ReuseBuffer" time="0"></testcase>
	<testcase classname="github.com/qmuntal/gltf/modeler" name="TestReadBufferView" time="0"></testcase>
	<testcase classname="github.com/qmuntal/gltf/modeler" name="TestReadBufferView/base" time="0"></testcase>
	<testcase classname="github.com/qmuntal/gltf/modeler" name="TestReadBufferView/errbuffer" time="0"></testcase>
	<testcase classname="github.com/qmuntal/gltf/modeler" name="TestReadBufferView/shortbuffer" time="0"></testcase>
	<testcase classname="github.com/qmuntal/gltf/modeler" name="TestReadAccessor_Buffered" time="0"></testcase>
	<testcase classname="github.com/qmuntal/gltf/modeler" name="TestReadAccessor" time="0"></testcase>
	<testcase classname="github.com/qmuntal/gltf/modeler" name="TestReadAccessor/nodata" time="0"></testcase>
	<testcase classname="github.com/qmuntal/gltf/modeler" name="TestReadAccessor/base" time="0"></testcase>
	<testcase classname="github.com/qmuntal/gltf/modeler" name="TestReadAccessor/shortbuffer" time="0"></testcase>
	<testcase classname="github.com/qmuntal/gltf/modeler" name="TestReadAccessor/viewoverflow" time="0"></testcase>
	<testcase classname="github.com/qmuntal/gltf/modeler" name="TestReadAccessor/interleaved" time="0"></testcase>
	<testcase classname="github.com/qmuntal/gltf/modeler" name="TestReadAccessor/sparse" time="0"></testcase>
	<testcase classname="github.com/qmuntal/gltf/modeler" name="TestReadAccessorAllocs" time="0"></testcase>
	<testcase classname="github.com/qmuntal/gltf/modeler" name="TestReadAccessorAllocs/nil" time="0"></testcase>
	<testcase classname="github.com/qmuntal/gltf/modeler" name="TestReadAccessorAllocs/2" time="0"></testcase>
	<testcase classname="github.com/qmuntal/gltf/modeler" name="TestReadAccessorAllocs/4" time="0"></testcase>
	<testcase classname="github.com/qmuntal/gltf/modeler" name="TestReadIndices" time="0"></testcase>
	<testcase classname="github.com/qmuntal/gltf/modeler" name="TestReadIndices/uint8" time="0"></testcase>
	<testcase classname="github.com/qmuntal/gltf/modeler" name="TestReadIndices/uint16" time="0"></testcase>
	<testcase classname="github.com/qmuntal/gltf/modeler" name="TestReadIndices/uint32" time="0"></testcase>
	<testcase classname="github.com/qmuntal/gltf/modeler" name="TestReadIndices/uint32-withbuffer" time="0"></testcase>
	<testcase classname="github.com/qmuntal/gltf/modeler" name="TestReadIndices/incorrect-type" time="0"></testcase>
	<testcase classname="github.com/qmuntal/gltf/modeler" name="TestReadIndices/incorrect-componenttype" time="0"></testcase>
	<testcase classname="github.com/qmuntal/gltf/modeler" name="TestReadNormal" time="0"></testcase>
	<testcase classname="github.com/qmuntal/gltf/modeler" name="TestReadNormal/float32" time="0"></testcase>
	<testcase classname="github.com/qmuntal/gltf/modeler" name="TestReadNormal/float32-withbuffer" time="0"></testcase>
	<testcase classname="github.com/qmuntal/gltf/modeler" name="TestReadNormal/incorrect-type" time="0"></testcase>
	<testcase classname="github.com/qmuntal/gltf/modeler" name="TestReadNormal/incorrect-componenttype" time="0"></testcase>
	<testcase classname="github.com/qmuntal/gltf/modeler" name="TestReadTangent" time="0"></testcase>
	<testcase classname="github.com/qmuntal/gltf/modeler" name="TestReadTangent/float32" time="0"></testcase>
	<testcase classname="github.com/qmuntal/gltf/modeler" name="TestReadTangent/float32-withbuffer" time="0"></testcase>
	<testcase classname="github.com/qmuntal/gltf/modeler" name="TestReadTangent/incorrect-type" time="0"></testcase>
	<testcase classname="github.com/qmuntal/gltf/modeler" name="TestReadTangent/incorrect-componenttype" time="0"></testcase>
	<testcase classname="github.com/qmuntal/gltf/modeler" name="TestReadTextureCoord" time="0"></testcase>
	<testcase classname="github.com/qmuntal/gltf/modeler" name="TestReadTextureCoord/uint8" time="0"></testcase>
	<testcase classname="github.com/qmuntal/gltf/modeler" name="TestReadTextureCoord/uint16" time="0"></testcase>
	<testcase classname="github.com/qmuntal/gltf/modeler" name="TestReadTextureCoord/float32" time="0"></testcase>
	<testcase classname="github.com/qmuntal/gltf/modeler" name="TestReadTextureCoord/float32-withbuffer" time="0"></testcase>
	<testcase classname="github.com/qmuntal/gltf/modeler" name="TestReadTextureCoord/incorrect-type" time="0"></testcase>
	<testcase classname="github.com/qmuntal/gltf/modeler" name="TestReadTextureCoord/incorrect-componenttype" time="0"></testcase>
	<testcase classname="github.com/qmuntal/gltf/modeler" name="TestReadWeights" time="0"></testcase>
	<testcase classname="github.com/qmuntal/gltf/modeler" name="TestReadWeights/uint8" time="0"></testcase>
	<testcase classname="github.com/qmuntal/gltf/modeler" name="TestReadWeights/uint16" time="0"></testcase>
	<testcase classname="github.com/qmuntal/gltf/modeler" name="TestReadWeights/float32" time="0"></testcase>
	<testcase classname="github.com/qmuntal/gltf/modeler" name="TestReadWeights/float32-withbuffer" time="0"></testcase>
	<testcase classname="github.com/qmuntal/gltf/modeler" name="TestReadWeights/incorrect-type" time="0"></testcase>
	<testcase classname="github.com/qmuntal/gltf/modeler" name="TestReadWeights/incorrect-componenttype" time="0"></testcase>
	<testcase classname="github.com/qmuntal/gltf/modeler" name="TestReadJoints" time="0"></testcase>
	<testcase classname="github.com/qmuntal/gltf/modeler" name="TestReadJoints/uint8" time="0"></testcase>
	<testcase classname="github.com/qmuntal/gltf/modeler" name="TestReadJoints/uint16" time="0"></testcase>
	<testcase classname="github.com/qmuntal/gltf/modeler" name="TestReadJoints/incorrect-type" time="0"></testcase>
	<testcase classname="github.com/qmuntal/gltf/modeler" name="TestReadJoints/incorrect-componenttype" time="0"></testcase>
	<testcase classname="github.com/qmuntal/gltf/modeler" name="TestReadPosition" time="0"></testcase>
	<testcase classname="github.com/qmuntal/gltf/modeler" name="TestReadPosition/nil-bufferView" time="0"></testcase>
	<testcase classname="github.com/qmuntal/gltf/modeler" name="TestReadPosition/float32" time="0"></testcase>
	<testcase classname="github.com/qmuntal/gltf/modeler" name="TestReadPosition/float32-withbuffer" time="0"></testcase>
	<testcase classname="github.com/qmuntal/gltf/modeler" name="TestReadPosition/incorrect-type" time="0"></testcase>
	<testcase classname="github.com/qmuntal/gltf/modeler" name="TestReadPosition/incorrect-componenttype" time="0"></testcase>
	<testcase classname="github.com/qmuntal/gltf/modeler" name="TestReadColor" time="0"></testcase>
	<testcase classname="github.com/qmuntal/gltf/modeler" name="TestReadColor/[4]uint8" time="0"></testcase>
	<testcase classname="github.com/qmuntal/gltf/modeler" name="TestReadColor/[4]uint16" time="0"></testcase>
	<testcase classname="github.com/qmuntal/gltf/modeler" name="TestReadColor/[4]float32" time="0"></testcase>
	<testcase classname="github.com/qmuntal/gltf/modeler" name="TestReadColor/[3]uint8" time="0"></testcase>
	<testcase classname="github.com/qmuntal/gltf/modeler" name="TestReadColor/[3]uint16" time="0"></testcase>
	<testcase classname="github.com/qmuntal/gltf/modeler" name="TestReadColor/[3]float32" time="0"></testcase>
	<testcase classname="github.com/qmuntal/gltf/modeler" name="TestReadColor/incorrect-type" time="0"></testcase>
	<testcase classname="github.com/qmuntal/gltf/modeler" name="TestReadColor/incorrect-componenttype" time="0"></testcase>
	<testcase classname="github.com/qmuntal/gltf/modeler" name="TestReadColor64" time="0"></testcase>
	<testcase classname="github.com/qmuntal/gltf/modeler" name="TestReadColor64/[4]uint8" time="0"></testcase>
	<testcase classname="github.com/qmuntal/gltf/modeler" name="TestReadColor64/[4]uint16" time="0"></testcase>
	<testcase classname="github.com/qmuntal/gltf/modeler" name="TestReadColor64/[4]float32" time="0"></testcase>
	<testcase classname="github.com/qmuntal/gltf/modeler" name="TestReadColor64/[3]uint8" time="0"></testcase>
	<testcase classname="github.com/qmuntal/gltf/modeler" name="TestReadColor64/[3]uint16" time="0"></testcase>
	<testcase classname="github.com/qmuntal/gltf/modeler" name="TestReadColor64/[3]float32" time="0"></testcase>
	<testcase classname="github.com/qmuntal/gltf/modeler" name="TestReadColor64/incorrect-type" time="0"></testcase>
	<testcase classname="github.com/qmuntal/gltf/modeler" name="TestReadColor64/incorrect-componenttype" time="0"></testcase>
	<testcase classname="github.com/qmuntal/gltf/modeler" name="TestReadInverseBindMatrices" time="0"></testcase>
	<testcase classname="github.com/qmuntal/gltf/modeler" name="TestReadInverseBindMatrices/base" time="0"></testcase>
	<testcase classname="github.com/qmuntal/gltf/modeler" name="TestReadInverseBindMatrices/incorrect-type" time="0"></testcase>
	<testcase classname="github.com/qmuntal/gltf/modeler" name="TestReadInverseBindMatrices/incorrect-componenttype" time="0"></testcase>
	<testcase classname="github.com/qmuntal/gltf/modeler" name="TestAlignment" time="0"></testcase>
	<testcase classname="github.com/qmuntal/gltf/modeler" name="TestWriteAttributesInterleaved" time="0"></testcase>
	<testcase classname="github.com/qmuntal/gltf/modeler" name="TestWriteAttributesInterleaved_OnlyPosition" time="0"></testcase>
	<testcase classname="github.com/qmuntal/gltf/modeler" name="TestWriteAttributesInterleaved_Error" time="0"></testcase>
	<testcase classname="github.com/qmuntal/gltf/modeler" name="TestWriteAccessorsInterleaved" time="0"></testcase>
	<testcase classname="github.com/qmuntal/gltf/modeler" name="TestWriteAccessorsInterleaved_Error" time="0"></testcase>
	<testcase classname="github.com/qmuntal/gltf/modeler" name="TestWriteBufferViewInterleaved" time="0"></testcase>
	<testcase classname="github.com/qmuntal/gltf/modeler" name="TestWriteBufferViewInterleaved_Error" time="0"></testcase>
	<testcase classname="github.com/qmuntal/gltf/modeler" name="TestWriteNormal" time="0"></testcase>
	<testcase classname="github.com/qmuntal/gltf/modeler" name="TestWriteNormal/base" time="0"></testcase>
	<testcase classname="github.com/qmuntal/gltf/modeler" name="TestWriteTangent" time="0"></testcase>
	<testcase classname="github.com/qmuntal/gltf/modeler" name="TestWriteTangent/base" time="0"></testcase>
	<testcase classname="github.com/qmuntal/gltf/modeler" name="TestWritePosition" time="0"></testcase>
	<testcase classname="github.com/qmuntal/gltf/modeler" name="TestWritePosition/base" time="0"></testcase>
	<testcase classname="github.com/qmuntal/gltf/modeler" name="TestWriteJoints" time="0"></testcase>
	<testcase classname="github.com/qmuntal/gltf/modeler" name="TestWriteJoints/uint8" time="0"></testcase>
	<testcase classname="github.com/qmuntal/gltf/modeler" name="TestWriteJoints/uint16" time="0"></testcase>
	<testcase classname="github.com/qmuntal/gltf/modeler" name="TestWriteWeights" time="0"></testcase>
	<testcase classname="github.com/qmuntal/gltf/modeler" name="TestWriteWeights/uint8" time="0"></testcase>
	<testcase classname="github.com/qmuntal/gltf/modeler" name="TestWriteWeights/uint16" time="0"></testcase>
	<testcase classname="github.com/qmuntal/gltf/modeler" name="TestWriteWeights/float" time="0"></testcase>
	<testcase classname="github.com/qmuntal/gltf/modeler" name="TestWriteTextureCoord" time="0"></testcase>
	<testcase classname="github.com/qmuntal/gltf/modeler" name="TestWriteTextureCoord/uint8" time="0"></testcase>
	<testcase classname="github.com/qmuntal/gltf/modeler" name="TestWriteTextureCoord/uint16" time="0"></testcase>
	<testcase classname="github.com/qmuntal/gltf/modeler" name="TestWriteTextureCoord/float" time="0"></testcase>
	<testcase classname="github.com/qmuntal/gltf/modeler" name="TestWriteIndices" time="0"></testcase>
	<testcase classname="github.com/qmuntal/gltf/modeler" name="TestWriteIndices/uint16" time="0"></testcase>
	<testcase classname="github.com/qmuntal/gltf/modeler" name="TestWriteIndices/uint32" time="0"></testcase>
	<testcase classname="github.com/qmuntal/gltf/modeler" name="TestWriteColor" time="0"></testcase>
	<testcase classname="github.com/qmuntal/gltf/modeler" name="TestWriteColor/uint8" time="0"></testcase>
	<testcase classname="github.com/qmuntal/gltf/modeler" name="TestWriteColor/uint16" time="0"></testcase>
	<testcase classname="github.com/qmuntal/gltf/modeler" name="TestWriteColor/float" time="0"></testcase>
	<testcase classname="github.com/qmuntal/gltf/modeler" name="TestWriteImage" time="0"></testcase>
	<testcase classname="github.com/qmuntal/gltf/modeler" name="TestWriteImage/base" time="0"></testcase>
	<testcase classname="github.com/qmuntal/gltf/modeler" name="TestWriteImage/buffer" time="0"></testcase>
	<testcase classname="github.com/qmuntal/gltf/modeler" name="TestWriteImage/err" time="0"></testcase>
	<testcase classname="github.com/qmuntal/gltf/modeler" name="TestWriteInverseBindMatrices" time="0"></testcase>
	<testcase classname="github.com/qmuntal/gltf/modeler" name="TestWriteInverseBindMatrices/base" time="0"></testcase>
</testsuite>
<testsuite name="golang.org/x/crypto/acme" tests="81" failures="0" skipped="0" time="3.885" timestamp="2025-02-13T10:13:47Z">
[...]
	<testcase classname="github.com/microsoft/go-sqlcmd/internal/io/file" name="TestCreateEmptyIfNotExists/default" time="0"></testcase>
	<testcase classname="github.com/microsoft/go-sqlcmd/internal/io/file" name="TestCreateEmptyIfNotExists/alreadyExists" time="0"></testcase>
	<testcase classname="github.com/microsoft/go-sqlcmd/internal/io/file" name="TestCreateEmptyIfNotExists/emptyInputPanic" time="0"></testcase>
	<testcase classname="github.com/microsoft/go-sqlcmd/internal/io/file" name="TestCreateEmptyIfNotExists/incFolder" time="0"></testcase>
	<testcase classname="github.com/microsoft/go-sqlcmd/internal/io/file" name="TestExists" time="0"></testcase>
	<testcase classname="github.com/microsoft/go-sqlcmd/internal/io/file" name="TestExists/exists" time="0"></testcase>
	<testcase classname="github.com/microsoft/go-sqlcmd/internal/io/file" name="TestExists/notExists" time="0"></testcase>
	<testcase classname="github.com/microsoft/go-sqlcmd/internal/io/file" name="TestExists/noFilenamePanic" time="0"></testcase>
	<testcase classname="github.com/microsoft/go-sqlcmd/internal/io/file" name="TestCloseFile" time="0"></testcase>
	<testcase classname="github.com/microsoft/go-sqlcmd/internal/io/file" name="TestGetContents" time="0.82"></testcase>
	<testcase classname="github.com/microsoft/go-sqlcmd/internal/io/file" name="TestGetContentsBadFileName" time="0"></testcase>
	<testcase classname="github.com/microsoft/go-sqlcmd/internal/io/file" name="TestOpenFile" time="0.79"></testcase>
	<testcase classname="github.com/microsoft/go-sqlcmd/internal/io/file" name="TestWriteString" time="0"></testcase>
</testsuite>
<testsuite name="github.com/microsoft/go-sqlcmd/internal/test" tests="1" failures="0" skipped="0" time="0.024" timestamp="2025-02-13T10:15:03Z">
	<testcase classname="github.com/microsoft/go-sqlcmd/internal/test" name="TestIsRunningInTestExecutor" time="0"></testcase>
</testsuite>
<testsuite name="github.com/microsoft/go-sqlcmd/internal/tools" tests="1" failures="0" skipped="0" time="0.024" timestamp="2025-02-13T10:15:03Z">
	<testcase classname="github.com/microsoft/go-sqlcmd/internal/tools" name="TestNewTool" time="0"></testcase>
</testsuite>
<testsuite name="github.com/microsoft/go-sqlcmd/internal/sql" tests="6" failures="0" skipped="0" time="0.025" timestamp="2025-02-13T10:15:03Z">
	<testcase classname="github.com/microsoft/go-sqlcmd/internal/sql" name="Test_checkErr" time="0"></testcase>
	<testcase classname="github.com/microsoft/go-sqlcmd/internal/sql" name="TestMockConnect" time="0"></testcase>
	<testcase classname="github.com/microsoft/go-sqlcmd/internal/sql" name="TestMockQuery" time="0"></testcase>
	<testcase classname="github.com/microsoft/go-sqlcmd/internal/sql" name="TestConnect" time="0"></testcase>
	<testcase classname="github.com/microsoft/go-sqlcmd/internal/sql" name="TestConnect/connectBasicPanic" time="0"></testcase>
	<testcase classname="github.com/microsoft/go-sqlcmd/internal/sql" name="TestConnect/invalidAuthTypePanic" time="0"></testcase>
</testsuite>
<testsuite name="github.com/microsoft/go-sqlcmd/internal/config" tests="44" failures="0" skipped="0" time="2.428" timestamp="2025-02-13T10:15:01Z">
	<testcase classname="github.com/microsoft/go-sqlcmd/internal/config" name="TestConfig" time="2.21"></testcase>
	<testcase classname="github.com/microsoft/go-sqlcmd/internal/config" name="TestConfig/config" time="2.21"></testcase>
	<testcase classname="github.com/microsoft/go-sqlcmd/internal/config" name="TestAddContextWithEmptyUser" time="0.03"></testcase>
	<testcase classname="github.com/microsoft/go-sqlcmd/internal/config" name="TestDeleteUser" time="0"></testcase>
	<testcase classname="github.com/microsoft/go-sqlcmd/internal/config" name="TestFindUniqueUserName" time="0"></testcase>
	<testcase classname="github.com/microsoft/go-sqlcmd/internal/config" name="TestGetUser" time="0"></testcase>
	<testcase classname="github.com/microsoft/go-sqlcmd/internal/config" name="TestOutputUsers" time="0"></testcase>
	<testcase classname="github.com/microsoft/go-sqlcmd/internal/config" name="TestUserExists" time="0"></testcase>
	<testcase classname="github.com/microsoft/go-sqlcmd/internal/config" name="TestUserNameExists" time="0"></testcase>
	<testcase classname="github.com/microsoft/go-sqlcmd/internal/config" name="Test_userOrdinal" time="0"></testcase>
	<testcase classname="github.com/microsoft/go-sqlcmd/internal/config" name="TestAddContextWithContainerPanic" time="0"></testcase>
	<testcase classname="github.com/microsoft/go-sqlcmd/internal/config" name="TestAddContextWithContainerPanic/AddContextWithContainerDefensePanics" time="0"></testcase>
	<testcase classname="github.com/microsoft/go-sqlcmd/internal/config" name="TestAddContextWithContainerPanic/AddContextWithContainerDefensePanics#01" time="0"></testcase>
	<testcase classname="github.com/microsoft/go-sqlcmd/internal/config" name="TestAddContextWithContainerPanic/AddContextWithContainerDefensePanics#02" time="0"></testcase>
	<testcase classname="github.com/microsoft/go-sqlcmd/internal/config" name="TestAddContextWithContainerPanic/AddContextWithContainerDefensePanics#03" time="0"></testcase>
	<testcase classname="github.com/microsoft/go-sqlcmd/internal/config" name="TestAddContextWithContainerPanic/AddContextWithContainerDefensePanics#04" time="0"></testcase>
	<testcase classname="github.com/microsoft/go-sqlcmd/internal/config" name="TestAddContextWithContainerPanic/AddContextWithContainerDefensePanics#05" time="0"></testcase>
	<testcase classname="github.com/microsoft/go-sqlcmd/internal/config" name="TestConfig_AddContextWithNoEndpoint" time="0"></testcase>
	<testcase classname="github.com/microsoft/go-sqlcmd/internal/config" name="TestConfig_GetCurrentContextWithNoContexts" time="0"></testcase>
	<testcase classname="github.com/microsoft/go-sqlcmd/internal/config" name="TestConfig_GetCurrentContextEndPointNotFoundPanic" time="0.03"></testcase>
	<testcase classname="github.com/microsoft/go-sqlcmd/internal/config" name="TestConfig_DeleteContextThatDoesNotExist" time="0"></testcase>
	<testcase classname="github.com/microsoft/go-sqlcmd/internal/config" name="TestNegConfig_SetFileName" time="0"></testcase>
	<testcase classname="github.com/microsoft/go-sqlcmd/internal/config" name="TestNegConfig_SetCurrentContextName" time="0"></testcase>
	<testcase classname="github.com/microsoft/go-sqlcmd/internal/config" name="TestNegConfig_SetFileNameForTest" time="0"></testcase>
	<testcase classname="github.com/microsoft/go-sqlcmd/internal/config" name="TestNegConfig_DefaultFileName" time="0"></testcase>
	<testcase classname="github.com/microsoft/go-sqlcmd/internal/config" name="TestNegConfig_GetContext" time="0"></testcase>
	<testcase classname="github.com/microsoft/go-sqlcmd/internal/config" name="TestNegConfig_SetFileNameEmpty" time="0"></testcase>
	<testcase classname="github.com/microsoft/go-sqlcmd/internal/config" name="TestNegConfig_DefaultFileNameNoHomeDir" time="0"></testcase>
	<testcase classname="github.com/microsoft/go-sqlcmd/internal/config" name="TestCurrentContextEndpointHasContainer" time="0.01"></testcase>
	<testcase classname="github.com/microsoft/go-sqlcmd/internal/config" name="TestGetContainerId" time="0.01"></testcase>
	<testcase classname="github.com/microsoft/go-sqlcmd/internal/config" name="TestGetContainerId2" time="0.04"></testcase>
	<testcase classname="github.com/microsoft/go-sqlcmd/internal/config" name="TestGetContainerId3" time="0.04"></testcase>
	<testcase classname="github.com/microsoft/go-sqlcmd/internal/config" name="TestGetContainerId4" time="0.04"></testcase>
	<testcase classname="github.com/microsoft/go-sqlcmd/internal/config" name="TestEndpointExists" time="0"></testcase>
	<testcase classname="github.com/microsoft/go-sqlcmd/internal/config" name="Test_checkErr" time="0"></testcase>
	<testcase classname="github.com/microsoft/go-sqlcmd/internal/config" name="TestAddUser" time="0"></testcase>
	<testcase classname="github.com/microsoft/go-sqlcmd/internal/config" name="TestUserExists2" time="0"></testcase>
	<testcase classname="github.com/microsoft/go-sqlcmd/internal/config" name="TestUserExists3" time="0"></testcase>
	<testcase classname="github.com/microsoft/go-sqlcmd/internal/config" name="TestNegAddUser" time="0"></testcase>
	<testcase classname="github.com/microsoft/go-sqlcmd/internal/config" name="TestNegAddUser2" time="0"></testcase>
	<testcase classname="github.com/microsoft/go-sqlcmd/internal/config" name="Test_configureViper" time="0"></testcase>
	<testcase classname="github.com/microsoft/go-sqlcmd/internal/config" name="Test_Load" time="0.01"></testcase>
	<testcase classname="github.com/microsoft/go-sqlcmd/internal/config" name="TestNeg_Load" time="0"></testcase>
	<testcase classname="github.com/microsoft/go-sqlcmd/internal/config" name="TestNeg_Save" time="0"></testcase>
</testsuite>
<testsuite name="github.com/microsoft/go-sqlcmd/internal/tools/tool" tests="13" failures="0" skipped="6" time="0.007" timestamp="2025-02-13T10:15:03Z">
	<testcase classname="github.com/microsoft/go-sqlcmd/internal/tools/tool" name="TestAzureDataStudio_Init" time="0">
		<skipped message="skipped"><![CDATA[ads_test.go:15: Not yet implemented on Linux
]]></skipped>
	</testcase>
	<testcase classname="github.com/microsoft/go-sqlcmd/internal/tools/tool" name="TestAzureDataStudio_Run" time="0">
		<skipped message="skipped"><![CDATA[ads_test.go:32: Not yet implemented on Linux
]]></skipped>
	</testcase>
	<testcase classname="github.com/microsoft/go-sqlcmd/internal/tools/tool" name="TestAzureDataStudio_searchLocations" time="0">
		<skipped message="skipped"><![CDATA[ads_test.go:44: Not yet implemented on Linux
]]></skipped>
	</testcase>
	<testcase classname="github.com/microsoft/go-sqlcmd/internal/tools/tool" name="TestAzureDataStudio_installText" time="0">
		<skipped message="skipped"><![CDATA[ads_test.go:55: Not yet implemented on Linux
]]></skipped>
	</testcase>
	<testcase classname="github.com/microsoft/go-sqlcmd/internal/tools/tool" name="TestInit" time="0"></testcase>
	<testcase classname="github.com/microsoft/go-sqlcmd/internal/tools/tool" name="TestName" time="0"></testcase>
	<testcase classname="github.com/microsoft/go-sqlcmd/internal/tools/tool" name="TestSetExePathAndName" time="0"></testcase>
	<testcase classname="github.com/microsoft/go-sqlcmd/internal/tools/tool" name="TestSetToolDescription" time="0"></testcase>
	<testcase classname="github.com/microsoft/go-sqlcmd/internal/tools/tool" name="TestIsInstalledWhenTrue" time="0">
		<skipped message="skipped"><![CDATA[tool_test.go:60: Not passing in CI, skipping for now.
]]></skipped>
	</testcase>
	<testcase classname="github.com/microsoft/go-sqlcmd/internal/tools/tool" name="TestIsInstalledWhenFalse" time="0"></testcase>
	<testcase classname="github.com/microsoft/go-sqlcmd/internal/tools/tool" name="TestHowToInstall" time="0"></testcase>
	<testcase classname="github.com/microsoft/go-sqlcmd/internal/tools/tool" name="TestRunWhenNotInstalled" time="0"></testcase>
	<testcase classname="github.com/microsoft/go-sqlcmd/internal/tools/tool" name="TestRun" time="0">
		<skipped message="skipped"><![CDATA[tool_test.go:107: Not implemented for Linux yet.
]]></skipped>
	</testcase>
</testsuite>
<testsuite name="github.com/microsoft/go-sqlcmd/internal/translations" tests="3" failures="0" skipped="0" time="0.006" timestamp="2025-02-13T10:15:03Z">
	<testcase classname="github.com/microsoft/go-sqlcmd/internal/translations" name="TestLookup" time="0"></testcase>
	<testcase classname="github.com/microsoft/go-sqlcmd/internal/translations" name="TestLookup/non-existing_key" time="0"></testcase>
	<testcase classname="github.com/microsoft/go-sqlcmd/internal/translations" name="TestLookup/existing_key" time="0"></testcase>
</testsuite>
<testsuite name="github.com/microsoft/go-sqlcmd/pkg/console" tests="1" failures="0" skipped="0" time="0.037" timestamp="2025-02-13T10:15:03Z">
	<testcase classname="github.com/microsoft/go-sqlcmd/pkg/console" name="TestKeywordComplete" time="0"></testcase>
</testsuite>
<testsuite name="github.com/microsoft/go-sqlcmd/pkg/sqlcmd" tests="25" failures="2" skipped="0" time="0.065" timestamp="2025-02-13T10:15:04Z">
	<testcase classname="github.com/microsoft/go-sqlcmd/pkg/sqlcmd" name="TestBatchNext" time="0"></testcase>
	<testcase classname="github.com/microsoft/go-sqlcmd/pkg/sqlcmd" name="TestBatchNextErrOnInvalidVariable" time="0"></testcase>
	<testcase classname="github.com/microsoft/go-sqlcmd/pkg/sqlcmd" name="TestReadString" time="0"></testcase>
	<testcase classname="github.com/microsoft/go-sqlcmd/pkg/sqlcmd" name="TestReadStringMalformedVariable" time="0"></testcase>
	<testcase classname="github.com/microsoft/go-sqlcmd/pkg/sqlcmd" name="TestReadStringVarmap" time="0"></testcase>
	<testcase classname="github.com/microsoft/go-sqlcmd/pkg/sqlcmd" name="TestBatchNextVarMap" time="0"></testcase>
	<testcase classname="github.com/microsoft/go-sqlcmd/pkg/sqlcmd" name="TestQuitCommand" time="0"></testcase>
	<testcase classname="github.com/microsoft/go-sqlcmd/pkg/sqlcmd" name="TestCommandParsing" time="0"></testcase>
	<testcase classname="github.com/microsoft/go-sqlcmd/pkg/sqlcmd" name="TestRemoveComments" time="0"></testcase>
	<testcase classname="github.com/microsoft/go-sqlcmd/pkg/sqlcmd" name="TestCommentStart" time="0"></testcase>
	<testcase classname="github.com/microsoft/go-sqlcmd/pkg/sqlcmd" name="TestCommentStart/nospace--_comment" time="0"></testcase>
	<testcase classname="github.com/microsoft/go-sqlcmd/pkg/sqlcmd" name="TestCommentStart/--_comment" time="0"></testcase>
	<testcase classname="github.com/microsoft/go-sqlcmd/pkg/sqlcmd" name="TestCommentStart/--_comment#01" time="0"></testcase>
	<testcase classname="github.com/microsoft/go-sqlcmd/pkg/sqlcmd" name="TestCommentStart/&#34;_&#34;&#34;quoted&#34;&#34;" time="0"></testcase>
	<testcase classname="github.com/microsoft/go-sqlcmd/pkg/sqlcmd" name="TestCommentStart/&#34;--_&#34;&#34;quoted&#34;&#34;" time="0"></testcase>
	<testcase classname="github.com/microsoft/go-sqlcmd/pkg/sqlcmd" name="TestCommentStart/&#34;--_&#34;&#34;quoted&#34;&#34;_&#34;_--_comment" time="0"></testcase>
	<testcase classname="github.com/microsoft/go-sqlcmd/pkg/sqlcmd" name="TestCommentStart/&#34;--_&#34;&#34;quoted&#34;&#34;_&#34;_--_comment#01" time="0"></testcase>
	<testcase classname="github.com/microsoft/go-sqlcmd/pkg/sqlcmd" name="TestCustomBatchSeparator" time="0"></testcase>
	<testcase classname="github.com/microsoft/go-sqlcmd/pkg/sqlcmd" name="TestVarCommands" time="0"></testcase>
	<testcase classname="github.com/microsoft/go-sqlcmd/pkg/sqlcmd" name="TestResetCommand" time="0"></testcase>
	<testcase classname="github.com/microsoft/go-sqlcmd/pkg/sqlcmd" name="TestListCommand" time="0"></testcase>
	<testcase classname="github.com/microsoft/go-sqlcmd/pkg/sqlcmd" name="TestListCommandUsesColorizer" time="0"></testcase>
	<testcase classname="github.com/microsoft/go-sqlcmd/pkg/sqlcmd" name="TestListColorPrintsStyleSamples" time="0.02"></testcase>
	<testcase classname="github.com/microsoft/go-sqlcmd/pkg/sqlcmd" name="TestConnectCommand" time="0.01">
		<failure message="failed"><![CDATA[commands_test.go:259: 
    	Error Trace:	/tmp/go-canary-4287795471/github.com/microsoft/go-sqlcmd@v1.8.2/pkg/sqlcmd/sqlcmd_test.go:626
    	            				/tmp/go-canary-4287795471/github.com/microsoft/go-sqlcmd@v1.8.2/pkg/sqlcmd/commands_test.go:259
    	Error:      	Received unexpected error:
    	            	read tcp 127.0.0.1:38012->127.0.0.1:1433: read: connection reset by peer
    	Test:       	TestConnectCommand
    	Messages:   	s.ConnectDB
commands_test.go:296: 
    	Error Trace:	/tmp/go-canary-4287795471/github.com/microsoft/go-sqlcmd@v1.8.2/pkg/sqlcmd/commands_test.go:296
    	Test:       	TestConnectCommand
]]></failure>
	</testcase>
	<testcase classname="github.com/microsoft/go-sqlcmd/pkg/sqlcmd" name="TestErrorCommand" time="0">
		<failure message="failed"><![CDATA[commands_test.go:302: 
    	Error Trace:	/tmp/go-canary-4287795471/github.com/microsoft/go-sqlcmd@v1.8.2/pkg/sqlcmd/sqlcmd_test.go:626
    	            				/tmp/go-canary-4287795471/github.com/microsoft/go-sqlcmd@v1.8.2/pkg/sqlcmd/commands_test.go:302
    	Error:      	Received unexpected error:
    	            	read tcp 127.0.0.1:38032->127.0.0.1:1433: read: connection reset by peer
    	Test:       	TestErrorCommand
    	Messages:   	s.ConnectDB
]]></failure>
	</testcase>
</testsuite>
<testsuite name="github.com/microsoft/go-sqlcmd/pkg/sqlcmd-linter" tests="2" failures="0" skipped="0" time="1.248" timestamp="2025-02-13T10:15:04Z">
	<testcase classname="github.com/microsoft/go-sqlcmd/pkg/sqlcmd-linter" name="TestImports" time="0.63"></testcase>
	<testcase classname="github.com/microsoft/go-sqlcmd/pkg/sqlcmd-linter" name="TestUseAsserts" time="0.56"></testcase>
</testsuite>
<testsuite name="github.com/microsoft/go-sqlcmd/cmd/modern/root" tests="10" failures="0" skipped="2" time="16.469" timestamp="2025-02-13T10:14:58Z">
	<testcase classname="github.com/microsoft/go-sqlcmd/cmd/modern/root" name="TestConfig" time="0"></testcase>
	<testcase classname="github.com/microsoft/go-sqlcmd/cmd/modern/root" name="TestInstall" time="0"></testcase>
	<testcase classname="github.com/microsoft/go-sqlcmd/cmd/modern/root" name="TestOpen" time="0"></testcase>
	<testcase classname="github.com/microsoft/go-sqlcmd/cmd/modern/root" name="TestQuery" time="0">
		<skipped message="skipped"><![CDATA[query_test.go:18: stuartpa: This is failing in the pipeline (Login failed for user 'sa'.)
]]></skipped>
	</testcase>
	<testcase classname="github.com/microsoft/go-sqlcmd/cmd/modern/root" name="TestQueryWithNonDefaultDatabase" time="0">
		<skipped message="skipped"><![CDATA[query_test.go:29: stuartpa: This is failing in the pipeline (Login failed for user 'sa'.)
]]></skipped>
	</testcase>
	<testcase classname="github.com/microsoft/go-sqlcmd/cmd/modern/root" name="TestNegStart" time="0"></testcase>
	<testcase classname="github.com/microsoft/go-sqlcmd/cmd/modern/root" name="TestNegStart2" time="1.55"></testcase>
	<testcase classname="github.com/microsoft/go-sqlcmd/cmd/modern/root" name="TestNegStop" time="0"></testcase>
	<testcase classname="github.com/microsoft/go-sqlcmd/cmd/modern/root" name="TestNegStop2" time="0.21"></testcase>
	<testcase classname="github.com/microsoft/go-sqlcmd/cmd/modern/root" name="TestUninstallWithUserDbPresent" time="14.67"></testcase>
</testsuite>
<testsuite name="github.com/microsoft/go-sqlcmd/cmd/modern/root/install" tests="11" failures="0" skipped="0" time="19.065" timestamp="2025-02-13T10:14:58Z">
	<testcase classname="github.com/microsoft/go-sqlcmd/cmd/modern/root/install" name="TestInstallEdge" time="15.09"></testcase>
	<testcase classname="github.com/microsoft/go-sqlcmd/cmd/modern/root/install" name="TestGetDbNameIfExists" time="0"></testcase>
	<testcase classname="github.com/microsoft/go-sqlcmd/cmd/modern/root/install" name="TestExtractUrl" time="0"></testcase>
	<testcase classname="github.com/microsoft/go-sqlcmd/cmd/modern/root/install" name="TestInstallMssql" time="3.79"></testcase>
	<testcase classname="github.com/microsoft/go-sqlcmd/cmd/modern/root/install" name="TestNegInstallMssql" time="0"></testcase>
	<testcase classname="github.com/microsoft/go-sqlcmd/cmd/modern/root/install" name="TestNegInstallMssql2" time="0.14"></testcase>
	<testcase classname="github.com/microsoft/go-sqlcmd/cmd/modern/root/install" name="TestNegInstallMssql3" time="0.01"></testcase>
	<testcase classname="github.com/microsoft/go-sqlcmd/cmd/modern/root/install" name="TestNegInstallMssql4" time="0"></testcase>
	<testcase classname="github.com/microsoft/go-sqlcmd/cmd/modern/root/install" name="TestNegInstallMssql5" time="0"></testcase>
	<testcase classname="github.com/microsoft/go-sqlcmd/cmd/modern/root/install" name="TestNegInstallMssql6" time="0"></testcase>
	<testcase classname="github.com/microsoft/go-sqlcmd/cmd/modern/root/install" name="TestNegInstallMssql7" time="0"></testcase>
</testsuite></testsuites>
