<?xml version="1.0" encoding="UTF-8"?>
<testsuites tests="641" failures="1" skipped="4">
	<testsuite name="crypto/rsa" id="0" tests="569" failures="0" skipped="0" time="0.075" timestamp="2025-02-07T17:24:43+01:00">
		<testcase name="TestEqual" classname="crypto/rsa" time="0"></testcase>
		<testcase name="TestDecryptPKCS1v15" classname="crypto/rsa" time="0"></testcase>
		<testcase name="TestEncryptPKCS1v15" classname="crypto/rsa" time="0.25"></testcase>
		<testcase name="TestEncryptPKCS1v15SessionKey" classname="crypto/rsa" time="0"></testcase>
		<testcase name="TestEncryptPKCS1v15DecrypterSessionKey" classname="crypto/rsa" time="0"></testcase>
		<testcase name="TestNonZeroRandomBytes" classname="crypto/rsa" time="0"></testcase>
		<testcase name="TestSignPKCS1v15" classname="crypto/rsa" time="0"></testcase>
		<testcase name="TestVerifyPKCS1v15" classname="crypto/rsa" time="0"></testcase>
		<testcase name="TestOverlongMessagePKCS1v15" classname="crypto/rsa" time="0"></testcase>
		<testcase name="TestUnpaddedSignature" classname="crypto/rsa" time="0"></testcase>
		<testcase name="TestShortSessionKey" classname="crypto/rsa" time="0"></testcase>
		<testcase name="TestShortPKCS1v15Signature" classname="crypto/rsa" time="0"></testcase>
		<testcase name="TestPSSGolden" classname="crypto/rsa" time="0.08"></testcase>
		<testcase name="TestPSSOpenSSL" classname="crypto/rsa" time="0"></testcase>
		<testcase name="TestPSSNilOpts" classname="crypto/rsa" time="0"></testcase>
		<testcase name="TestPSSSigning" classname="crypto/rsa" time="0.26"></testcase>
		<testcase name="TestPSS513" classname="crypto/rsa" time="0.09"></testcase>
		<testcase name="TestInvalidPSSSaltLength" classname="crypto/rsa" time="0.01"></testcase>
		<testcase name="TestHashOverride" classname="crypto/rsa" time="0.01"></testcase>
		<testcase name="TestKeyGeneration" classname="crypto/rsa" time="26.82"></testcase>
		<testcase name="TestKeyGeneration/128" classname="crypto/rsa" time="0"></testcase>
		<testcase name="TestKeyGeneration/512" classname="crypto/rsa" time="0.1"></testcase>
		<testcase name="TestKeyGeneration/1024" classname="crypto/rsa" time="0.29"></testcase>
		<testcase name="TestKeyGeneration/2048" classname="crypto/rsa" time="0.91"></testcase>
		<testcase name="TestKeyGeneration/3072" classname="crypto/rsa" time="2.01"></testcase>
		<testcase name="TestKeyGeneration/4096" classname="crypto/rsa" time="23.51"></testcase>
		<testcase name="Test3PrimeKeyGeneration" classname="crypto/rsa" time="0.05"></testcase>
		<testcase name="Test4PrimeKeyGeneration" classname="crypto/rsa" time="0.08"></testcase>
		<testcase name="TestNPrimeKeyGeneration" classname="crypto/rsa" time="0.83"></testcase>
		<testcase name="TestImpossibleKeyGeneration" classname="crypto/rsa" time="0.01"></testcase>
		<testcase name="TestTinyKeyGeneration" classname="crypto/rsa" time="7.18"></testcase>
		<testcase name="TestGnuTLSKey" classname="crypto/rsa" time="0"></testcase>
		<testcase name="TestAllocations" classname="crypto/rsa" time="0.47"></testcase>
		<testcase name="TestEverything" classname="crypto/rsa" time="0.04"></testcase>
		<testcase name="TestEverything/32" classname="crypto/rsa" time="0"></testcase>
		<testcase name="TestEverything/33" classname="crypto/rsa" time="0"></testcase>
		<testcase name="TestEverything/34" classname="crypto/rsa" time="0"></testcase>
		<testcase name="TestEverything/35" classname="crypto/rsa" time="0"></testcase>
		<testcase name="TestEverything/36" classname="crypto/rsa" time="0"></testcase>
		<testcase name="TestEverything/37" classname="crypto/rsa" time="0"></testcase>
		<testcase name="TestEverything/38" classname="crypto/rsa" time="0"></testcase>
		<testcase name="TestEverything/39" classname="crypto/rsa" time="0"></testcase>
		<testcase name="TestEverything/40" classname="crypto/rsa" time="0"></testcase>
		<testcase name="TestEverything/41" classname="crypto/rsa" time="0"></testcase>
		<testcase name="TestEverything/42" classname="crypto/rsa" time="0"></testcase>
		<testcase name="TestEverything/43" classname="crypto/rsa" time="0"></testcase>
		<testcase name="TestEverything/44" classname="crypto/rsa" time="0"></testcase>
		<testcase name="TestEverything/45" classname="crypto/rsa" time="0"></testcase>
		<testcase name="TestEverything/46" classname="crypto/rsa" time="0"></testcase>
		<testcase name="TestEverything/47" classname="crypto/rsa" time="0.01"></testcase>
		<testcase name="TestEverything/48" classname="crypto/rsa" time="0"></testcase>
		<testcase name="TestEverything/49" classname="crypto/rsa" time="0.03"></testcase>
		<testcase name="TestEverything/50" classname="crypto/rsa" time="0"></testcase>
		<testcase name="TestEverything/51" classname="crypto/rsa" time="0"></testcase>
		<testcase name="TestEverything/52" classname="crypto/rsa" time="0"></testcase>
		<testcase name="TestEverything/53" classname="crypto/rsa" time="0"></testcase>
		<testcase name="TestEverything/54" classname="crypto/rsa" time="0"></testcase>
		<testcase name="TestEverything/55" classname="crypto/rsa" time="0"></testcase>
		<testcase name="TestEverything/56" classname="crypto/rsa" time="0.04"></testcase>
		<testcase name="TestEverything/57" classname="crypto/rsa" time="0"></testcase>
		<testcase name="TestEverything/58" classname="crypto/rsa" time="0"></testcase>
		<testcase name="TestEverything/59" classname="crypto/rsa" time="0"></testcase>
		<testcase name="TestEverything/60" classname="crypto/rsa" time="0"></testcase>
		<testcase name="TestEverything/61" classname="crypto/rsa" time="0"></testcase>
		<testcase name="TestEverything/62" classname="crypto/rsa" time="0"></testcase>
		<testcase name="TestEverything/63" classname="crypto/rsa" time="0"></testcase>
		<testcase name="TestEverything/64" classname="crypto/rsa" time="0"></testcase>
		<testcase name="TestEverything/65" classname="crypto/rsa" time="0"></testcase>
		<testcase name="TestEverything/66" classname="crypto/rsa" time="0.05"></testcase>
		<testcase name="TestEverything/67" classname="crypto/rsa" time="0.05"></testcase>
		<testcase name="TestEverything/68" classname="crypto/rsa" time="0.01"></testcase>
		<testcase name="TestEverything/69" classname="crypto/rsa" time="0"></testcase>
		<testcase name="TestEverything/70" classname="crypto/rsa" time="0"></testcase>
		<testcase name="TestEverything/71" classname="crypto/rsa" time="0"></testcase>
		<testcase name="TestEverything/72" classname="crypto/rsa" time="0"></testcase>
		<testcase name="TestEverything/73" classname="crypto/rsa" time="0"></testcase>
		<testcase name="TestEverything/74" classname="crypto/rsa" time="0"></testcase>
		<testcase name="TestEverything/75" classname="crypto/rsa" time="0.06"></testcase>
		<testcase name="TestEverything/76" classname="crypto/rsa" time="0"></testcase>
		<testcase name="TestEverything/77" classname="crypto/rsa" time="0.02"></testcase>
		<testcase name="TestEverything/78" classname="crypto/rsa" time="0"></testcase>
		<testcase name="TestEverything/79" classname="crypto/rsa" time="0"></testcase>
		<testcase name="TestEverything/80" classname="crypto/rsa" time="0"></testcase>
		<testcase name="TestEverything/81" classname="crypto/rsa" time="0"></testcase>
		<testcase name="TestEverything/82" classname="crypto/rsa" time="0"></testcase>
		<testcase name="TestEverything/83" classname="crypto/rsa" time="0"></testcase>
		<testcase name="TestEverything/84" classname="crypto/rsa" time="0"></testcase>
		<testcase name="TestEverything/85" classname="crypto/rsa" time="0"></testcase>
		<testcase name="TestEverything/86" classname="crypto/rsa" time="0.01"></testcase>
		<testcase name="TestEverything/87" classname="crypto/rsa" time="0.01"></testcase>
		<testcase name="TestEverything/88" classname="crypto/rsa" time="0"></testcase>
		<testcase name="TestEverything/89" classname="crypto/rsa" time="0.03"></testcase>
		<testcase name="TestEverything/90" classname="crypto/rsa" time="0"></testcase>
		<testcase name="TestEverything/91" classname="crypto/rsa" time="0"></testcase>
		<testcase name="TestEverything/92" classname="crypto/rsa" time="0"></testcase>
		<testcase name="TestEverything/93" classname="crypto/rsa" time="0"></testcase>
		<testcase name="TestEverything/94" classname="crypto/rsa" time="0.01"></testcase>
		<testcase name="TestEverything/95" classname="crypto/rsa" time="0"></testcase>
		<testcase name="TestEverything/96" classname="crypto/rsa" time="0.01"></testcase>
		<testcase name="TestEverything/97" classname="crypto/rsa" time="0"></testcase>
		<testcase name="TestEverything/98" classname="crypto/rsa" time="0.05"></testcase>
		<testcase name="TestEverything/99" classname="crypto/rsa" time="0.02"></testcase>
		<testcase name="TestEverything/100" classname="crypto/rsa" time="0.13"></testcase>
		<testcase name="TestEverything/101" classname="crypto/rsa" time="0.08"></testcase>
		<testcase name="TestEverything/102" classname="crypto/rsa" time="0.02"></testcase>
		<testcase name="TestEverything/103" classname="crypto/rsa" time="0.01"></testcase>
		<testcase name="TestEverything/104" classname="crypto/rsa" time="0"></testcase>
		<testcase name="TestEverything/105" classname="crypto/rsa" time="0"></testcase>
		<testcase name="TestEverything/106" classname="crypto/rsa" time="0"></testcase>
		<testcase name="TestEverything/107" classname="crypto/rsa" time="0"></testcase>
		<testcase name="TestEverything/108" classname="crypto/rsa" time="0"></testcase>
		<testcase name="TestEverything/109" classname="crypto/rsa" time="0.03"></testcase>
		<testcase name="TestEverything/110" classname="crypto/rsa" time="0"></testcase>
		<testcase name="TestEverything/111" classname="crypto/rsa" time="0"></testcase>
		<testcase name="TestEverything/112" classname="crypto/rsa" time="0"></testcase>
		<testcase name="TestEverything/113" classname="crypto/rsa" time="0"></testcase>
		<testcase name="TestEverything/114" classname="crypto/rsa" time="0"></testcase>
		<testcase name="TestEverything/115" classname="crypto/rsa" time="0.01"></testcase>
		<testcase name="TestEverything/116" classname="crypto/rsa" time="0"></testcase>
		<testcase name="TestEverything/117" classname="crypto/rsa" time="0"></testcase>
		<testcase name="TestEverything/118" classname="crypto/rsa" time="0.02"></testcase>
		<testcase name="TestEverything/119" classname="crypto/rsa" time="0"></testcase>
		<testcase name="TestEverything/120" classname="crypto/rsa" time="0"></testcase>
		<testcase name="TestEverything/121" classname="crypto/rsa" time="0"></testcase>
		<testcase name="TestEverything/122" classname="crypto/rsa" time="0"></testcase>
		<testcase name="TestEverything/123" classname="crypto/rsa" time="0"></testcase>
		<testcase name="TestEverything/124" classname="crypto/rsa" time="0"></testcase>
		<testcase name="TestEverything/125" classname="crypto/rsa" time="0"></testcase>
		<testcase name="TestEverything/126" classname="crypto/rsa" time="0"></testcase>
		<testcase name="TestEverything/127" classname="crypto/rsa" time="0"></testcase>
		<testcase name="TestEverything/128" classname="crypto/rsa" time="0"></testcase>
		<testcase name="TestEverything/129" classname="crypto/rsa" time="0.12"></testcase>
		<testcase name="TestEverything/130" classname="crypto/rsa" time="0.04"></testcase>
		<testcase name="TestEverything/131" classname="crypto/rsa" time="0.04"></testcase>
		<testcase name="TestEverything/132" classname="crypto/rsa" time="0.03"></testcase>
		<testcase name="TestEverything/133" classname="crypto/rsa" time="0.03"></testcase>
		<testcase name="TestEverything/134" classname="crypto/rsa" time="0"></testcase>
		<testcase name="TestEverything/135" classname="crypto/rsa" time="0"></testcase>
		<testcase name="TestEverything/136" classname="crypto/rsa" time="0"></testcase>
		<testcase name="TestEverything/137" classname="crypto/rsa" time="0"></testcase>
		<testcase name="TestEverything/138" classname="crypto/rsa" time="0.01"></testcase>
		<testcase name="TestEverything/139" classname="crypto/rsa" time="0"></testcase>
		<testcase name="TestEverything/140" classname="crypto/rsa" time="0"></testcase>
		<testcase name="TestEverything/141" classname="crypto/rsa" time="0"></testcase>
		<testcase name="TestEverything/142" classname="crypto/rsa" time="0.04"></testcase>
		<testcase name="TestEverything/143" classname="crypto/rsa" time="0"></testcase>
		<testcase name="TestEverything/144" classname="crypto/rsa" time="0"></testcase>
		<testcase name="TestEverything/145" classname="crypto/rsa" time="0"></testcase>
		<testcase name="TestEverything/146" classname="crypto/rsa" time="0.02"></testcase>
		<testcase name="TestEverything/147" classname="crypto/rsa" time="0.02"></testcase>
		<testcase name="TestEverything/148" classname="crypto/rsa" time="0.01"></testcase>
		<testcase name="TestEverything/149" classname="crypto/rsa" time="0.02"></testcase>
		<testcase name="TestEverything/150" classname="crypto/rsa" time="0.07"></testcase>
		<testcase name="TestEverything/151" classname="crypto/rsa" time="0"></testcase>
		<testcase name="TestEverything/152" classname="crypto/rsa" time="0"></testcase>
		<testcase name="TestEverything/153" classname="crypto/rsa" time="0.02"></testcase>
		<testcase name="TestEverything/154" classname="crypto/rsa" time="0"></testcase>
		<testcase name="TestEverything/155" classname="crypto/rsa" time="0"></testcase>
		<testcase name="TestEverything/156" classname="crypto/rsa" time="0"></testcase>
		<testcase name="TestEverything/157" classname="crypto/rsa" time="0"></testcase>
		<testcase name="TestEverything/158" classname="crypto/rsa" time="0"></testcase>
		<testcase name="TestEverything/159" classname="crypto/rsa" time="0.01"></testcase>
		<testcase name="TestEverything/160" classname="crypto/rsa" time="0.01"></testcase>
		<testcase name="TestEverything/161" classname="crypto/rsa" time="0"></testcase>
		<testcase name="TestEverything/162" classname="crypto/rsa" time="0"></testcase>
		<testcase name="TestEverything/163" classname="crypto/rsa" time="0"></testcase>
		<testcase name="TestEverything/164" classname="crypto/rsa" time="0"></testcase>
		<testcase name="TestEverything/165" classname="crypto/rsa" time="0.07"></testcase>
		<testcase name="TestEverything/166" classname="crypto/rsa" time="0"></testcase>
		<testcase name="TestEverything/167" classname="crypto/rsa" time="0"></testcase>
		<testcase name="TestEverything/168" classname="crypto/rsa" time="0"></testcase>
		<testcase name="TestEverything/169" classname="crypto/rsa" time="0"></testcase>
		<testcase name="TestEverything/170" classname="crypto/rsa" time="0.01"></testcase>
		<testcase name="TestEverything/171" classname="crypto/rsa" time="0.01"></testcase>
		<testcase name="TestEverything/172" classname="crypto/rsa" time="0.01"></testcase>
		<testcase name="TestEverything/173" classname="crypto/rsa" time="0.01"></testcase>
		<testcase name="TestEverything/174" classname="crypto/rsa" time="0.11"></testcase>
		<testcase name="TestEverything/175" classname="crypto/rsa" time="0"></testcase>
		<testcase name="TestEverything/176" classname="crypto/rsa" time="0"></testcase>
		<testcase name="TestEverything/177" classname="crypto/rsa" time="0"></testcase>
		<testcase name="TestEverything/178" classname="crypto/rsa" time="0"></testcase>
		<testcase name="TestEverything/179" classname="crypto/rsa" time="0"></testcase>
		<testcase name="TestEverything/180" classname="crypto/rsa" time="0"></testcase>
		<testcase name="TestEverything/181" classname="crypto/rsa" time="0"></testcase>
		<testcase name="TestEverything/182" classname="crypto/rsa" time="0.01"></testcase>
		<testcase name="TestEverything/183" classname="crypto/rsa" time="0"></testcase>
		<testcase name="TestEverything/184" classname="crypto/rsa" time="0.04"></testcase>
		<testcase name="TestEverything/185" classname="crypto/rsa" time="0.01"></testcase>
		<testcase name="TestEverything/186" classname="crypto/rsa" time="0.03"></testcase>
		<testcase name="TestEverything/187" classname="crypto/rsa" time="0.05"></testcase>
		<testcase name="TestEverything/188" classname="crypto/rsa" time="0.04"></testcase>
		<testcase name="TestEverything/189" classname="crypto/rsa" time="0"></testcase>
		<testcase name="TestEverything/190" classname="crypto/rsa" time="0"></testcase>
		<testcase name="TestEverything/191" classname="crypto/rsa" time="0.03"></testcase>
		<testcase name="TestEverything/192" classname="crypto/rsa" time="0"></testcase>
		<testcase name="TestEverything/193" classname="crypto/rsa" time="0"></testcase>
		<testcase name="TestEverything/194" classname="crypto/rsa" time="0.12"></testcase>
		<testcase name="TestEverything/195" classname="crypto/rsa" time="0"></testcase>
		<testcase name="TestEverything/196" classname="crypto/rsa" time="0"></testcase>
		<testcase name="TestEverything/197" classname="crypto/rsa" time="0"></testcase>
		<testcase name="TestEverything/198" classname="crypto/rsa" time="0.01"></testcase>
		<testcase name="TestEverything/199" classname="crypto/rsa" time="0"></testcase>
		<testcase name="TestEverything/200" classname="crypto/rsa" time="0.01"></testcase>
		<testcase name="TestEverything/201" classname="crypto/rsa" time="0"></testcase>
		<testcase name="TestEverything/202" classname="crypto/rsa" time="0.01"></testcase>
		<testcase name="TestEverything/203" classname="crypto/rsa" time="0"></testcase>
		<testcase name="TestEverything/204" classname="crypto/rsa" time="0.01"></testcase>
		<testcase name="TestEverything/205" classname="crypto/rsa" time="0"></testcase>
		<testcase name="TestEverything/206" classname="crypto/rsa" time="0"></testcase>
		<testcase name="TestEverything/207" classname="crypto/rsa" time="0.02"></testcase>
		<testcase name="TestEverything/208" classname="crypto/rsa" time="0"></testcase>
		<testcase name="TestEverything/209" classname="crypto/rsa" time="0"></testcase>
		<testcase name="TestEverything/210" classname="crypto/rsa" time="0.01"></testcase>
		<testcase name="TestEverything/211" classname="crypto/rsa" time="0"></testcase>
		<testcase name="TestEverything/212" classname="crypto/rsa" time="0"></testcase>
		<testcase name="TestEverything/213" classname="crypto/rsa" time="0.01"></testcase>
		<testcase name="TestEverything/214" classname="crypto/rsa" time="0"></testcase>
		<testcase name="TestEverything/215" classname="crypto/rsa" time="0"></testcase>
		<testcase name="TestEverything/216" classname="crypto/rsa" time="0.01"></testcase>
		<testcase name="TestEverything/217" classname="crypto/rsa" time="0"></testcase>
		<testcase name="TestEverything/218" classname="crypto/rsa" time="0.05"></testcase>
		<testcase name="TestEverything/219" classname="crypto/rsa" time="0.02"></testcase>
		<testcase name="TestEverything/220" classname="crypto/rsa" time="0.01"></testcase>
		<testcase name="TestEverything/221" classname="crypto/rsa" time="0.07"></testcase>
		<testcase name="TestEverything/222" classname="crypto/rsa" time="0.02"></testcase>
		<testcase name="TestEverything/223" classname="crypto/rsa" time="0.01"></testcase>
		<testcase name="TestEverything/224" classname="crypto/rsa" time="0.01"></testcase>
		<testcase name="TestEverything/225" classname="crypto/rsa" time="0"></testcase>
		<testcase name="TestEverything/226" classname="crypto/rsa" time="0.02"></testcase>
		<testcase name="TestEverything/227" classname="crypto/rsa" time="0.01"></testcase>
		<testcase name="TestEverything/228" classname="crypto/rsa" time="0.05"></testcase>
		<testcase name="TestEverything/229" classname="crypto/rsa" time="0.01"></testcase>
		<testcase name="TestEverything/230" classname="crypto/rsa" time="0.02"></testcase>
		<testcase name="TestEverything/231" classname="crypto/rsa" time="0.04"></testcase>
		<testcase name="TestEverything/232" classname="crypto/rsa" time="0.19"></testcase>
		<testcase name="TestEverything/233" classname="crypto/rsa" time="0.01"></testcase>
		<testcase name="TestEverything/234" classname="crypto/rsa" time="0.08"></testcase>
		<testcase name="TestEverything/235" classname="crypto/rsa" time="0.01"></testcase>
		<testcase name="TestEverything/236" classname="crypto/rsa" time="0.01"></testcase>
		<testcase name="TestEverything/237" classname="crypto/rsa" time="0.01"></testcase>
		<testcase name="TestEverything/238" classname="crypto/rsa" time="0"></testcase>
		<testcase name="TestEverything/239" classname="crypto/rsa" time="0"></testcase>
		<testcase name="TestEverything/240" classname="crypto/rsa" time="0.01"></testcase>
		<testcase name="TestEverything/241" classname="crypto/rsa" time="0.08"></testcase>
		<testcase name="TestEverything/242" classname="crypto/rsa" time="0.01"></testcase>
		<testcase name="TestEverything/243" classname="crypto/rsa" time="0"></testcase>
		<testcase name="TestEverything/244" classname="crypto/rsa" time="0.01"></testcase>
		<testcase name="TestEverything/245" classname="crypto/rsa" time="0.01"></testcase>
		<testcase name="TestEverything/246" classname="crypto/rsa" time="0"></testcase>
		<testcase name="TestEverything/247" classname="crypto/rsa" time="0"></testcase>
		<testcase name="TestEverything/248" classname="crypto/rsa" time="0"></testcase>
		<testcase name="TestEverything/249" classname="crypto/rsa" time="0"></testcase>
		<testcase name="TestEverything/250" classname="crypto/rsa" time="0.01"></testcase>
		<testcase name="TestEverything/251" classname="crypto/rsa" time="0.01"></testcase>
		<testcase name="TestEverything/252" classname="crypto/rsa" time="0.01"></testcase>
		<testcase name="TestEverything/253" classname="crypto/rsa" time="0.09"></testcase>
		<testcase name="TestEverything/254" classname="crypto/rsa" time="0.07"></testcase>
		<testcase name="TestEverything/255" classname="crypto/rsa" time="0.1"></testcase>
		<testcase name="TestEverything/256" classname="crypto/rsa" time="0.01"></testcase>
		<testcase name="TestEverything/257" classname="crypto/rsa" time="0.01"></testcase>
		<testcase name="TestEverything/258" classname="crypto/rsa" time="0.09"></testcase>
		<testcase name="TestEverything/259" classname="crypto/rsa" time="0.01"></testcase>
		<testcase name="TestEverything/260" classname="crypto/rsa" time="0.01"></testcase>
		<testcase name="TestEverything/261" classname="crypto/rsa" time="0.02"></testcase>
		<testcase name="TestEverything/262" classname="crypto/rsa" time="0.01"></testcase>
		<testcase name="TestEverything/263" classname="crypto/rsa" time="0.01"></testcase>
		<testcase name="TestEverything/264" classname="crypto/rsa" time="0.02"></testcase>
		<testcase name="TestEverything/265" classname="crypto/rsa" time="0.01"></testcase>
		<testcase name="TestEverything/266" classname="crypto/rsa" time="0.01"></testcase>
		<testcase name="TestEverything/267" classname="crypto/rsa" time="0.02"></testcase>
		<testcase name="TestEverything/268" classname="crypto/rsa" time="0.01"></testcase>
		<testcase name="TestEverything/269" classname="crypto/rsa" time="0.03"></testcase>
		<testcase name="TestEverything/270" classname="crypto/rsa" time="0.04"></testcase>
		<testcase name="TestEverything/271" classname="crypto/rsa" time="0.01"></testcase>
		<testcase name="TestEverything/272" classname="crypto/rsa" time="0.03"></testcase>
		<testcase name="TestEverything/273" classname="crypto/rsa" time="0.05"></testcase>
		<testcase name="TestEverything/274" classname="crypto/rsa" time="0.12"></testcase>
		<testcase name="TestEverything/275" classname="crypto/rsa" time="0.01"></testcase>
		<testcase name="TestEverything/276" classname="crypto/rsa" time="0.02"></testcase>
		<testcase name="TestEverything/277" classname="crypto/rsa" time="0.01"></testcase>
		<testcase name="TestEverything/278" classname="crypto/rsa" time="0.02"></testcase>
		<testcase name="TestEverything/279" classname="crypto/rsa" time="0.01"></testcase>
		<testcase name="TestEverything/280" classname="crypto/rsa" time="0.01"></testcase>
		<testcase name="TestEverything/281" classname="crypto/rsa" time="0.02"></testcase>
		<testcase name="TestEverything/282" classname="crypto/rsa" time="0.01"></testcase>
		<testcase name="TestEverything/283" classname="crypto/rsa" time="0.05"></testcase>
		<testcase name="TestEverything/284" classname="crypto/rsa" time="0.03"></testcase>
		<testcase name="TestEverything/285" classname="crypto/rsa" time="0.01"></testcase>
		<testcase name="TestEverything/286" classname="crypto/rsa" time="0.01"></testcase>
		<testcase name="TestEverything/287" classname="crypto/rsa" time="0.01"></testcase>
		<testcase name="TestEverything/288" classname="crypto/rsa" time="0.01"></testcase>
		<testcase name="TestEverything/289" classname="crypto/rsa" time="0.11"></testcase>
		<testcase name="TestEverything/290" classname="crypto/rsa" time="0.01"></testcase>
		<testcase name="TestEverything/291" classname="crypto/rsa" time="0.01"></testcase>
		<testcase name="TestEverything/292" classname="crypto/rsa" time="0.02"></testcase>
		<testcase name="TestEverything/293" classname="crypto/rsa" time="0.01"></testcase>
		<testcase name="TestEverything/294" classname="crypto/rsa" time="0.03"></testcase>
		<testcase name="TestEverything/295" classname="crypto/rsa" time="0.02"></testcase>
		<testcase name="TestEverything/296" classname="crypto/rsa" time="0.03"></testcase>
		<testcase name="TestEverything/297" classname="crypto/rsa" time="0.03"></testcase>
		<testcase name="TestEverything/298" classname="crypto/rsa" time="0.03"></testcase>
		<testcase name="TestEverything/299" classname="crypto/rsa" time="0.1"></testcase>
		<testcase name="TestEverything/300" classname="crypto/rsa" time="0.03"></testcase>
		<testcase name="TestEverything/301" classname="crypto/rsa" time="0.03"></testcase>
		<testcase name="TestEverything/302" classname="crypto/rsa" time="0.04"></testcase>
		<testcase name="TestEverything/303" classname="crypto/rsa" time="0.01"></testcase>
		<testcase name="TestEverything/304" classname="crypto/rsa" time="0.09"></testcase>
		<testcase name="TestEverything/305" classname="crypto/rsa" time="0.01"></testcase>
		<testcase name="TestEverything/306" classname="crypto/rsa" time="0.02"></testcase>
		<testcase name="TestEverything/307" classname="crypto/rsa" time="0.02"></testcase>
		<testcase name="TestEverything/308" classname="crypto/rsa" time="0.02"></testcase>
		<testcase name="TestEverything/309" classname="crypto/rsa" time="0.02"></testcase>
		<testcase name="TestEverything/310" classname="crypto/rsa" time="0.01"></testcase>
		<testcase name="TestEverything/311" classname="crypto/rsa" time="0.04"></testcase>
		<testcase name="TestEverything/312" classname="crypto/rsa" time="0.02"></testcase>
		<testcase name="TestEverything/313" classname="crypto/rsa" time="0.02"></testcase>
		<testcase name="TestEverything/314" classname="crypto/rsa" time="0.01"></testcase>
		<testcase name="TestEverything/315" classname="crypto/rsa" time="0.02"></testcase>
		<testcase name="TestEverything/316" classname="crypto/rsa" time="0.03"></testcase>
		<testcase name="TestEverything/317" classname="crypto/rsa" time="0.03"></testcase>
		<testcase name="TestEverything/318" classname="crypto/rsa" time="0.07"></testcase>
		<testcase name="TestEverything/319" classname="crypto/rsa" time="0.07"></testcase>
		<testcase name="TestEverything/320" classname="crypto/rsa" time="0.08"></testcase>
		<testcase name="TestEverything/321" classname="crypto/rsa" time="0.09"></testcase>
		<testcase name="TestEverything/322" classname="crypto/rsa" time="0.01"></testcase>
		<testcase name="TestEverything/323" classname="crypto/rsa" time="0.02"></testcase>
		<testcase name="TestEverything/324" classname="crypto/rsa" time="0.04"></testcase>
		<testcase name="TestEverything/325" classname="crypto/rsa" time="0.01"></testcase>
		<testcase name="TestEverything/326" classname="crypto/rsa" time="0.05"></testcase>
		<testcase name="TestEverything/327" classname="crypto/rsa" time="0.05"></testcase>
		<testcase name="TestEverything/328" classname="crypto/rsa" time="0.02"></testcase>
		<testcase name="TestEverything/329" classname="crypto/rsa" time="0.02"></testcase>
		<testcase name="TestEverything/330" classname="crypto/rsa" time="0.02"></testcase>
		<testcase name="TestEverything/331" classname="crypto/rsa" time="0.01"></testcase>
		<testcase name="TestEverything/332" classname="crypto/rsa" time="0.01"></testcase>
		<testcase name="TestEverything/333" classname="crypto/rsa" time="0.01"></testcase>
		<testcase name="TestEverything/334" classname="crypto/rsa" time="0.04"></testcase>
		<testcase name="TestEverything/335" classname="crypto/rsa" time="0.01"></testcase>
		<testcase name="TestEverything/336" classname="crypto/rsa" time="0.02"></testcase>
		<testcase name="TestEverything/337" classname="crypto/rsa" time="0.02"></testcase>
		<testcase name="TestEverything/338" classname="crypto/rsa" time="0.03"></testcase>
		<testcase name="TestEverything/339" classname="crypto/rsa" time="0.02"></testcase>
		<testcase name="TestEverything/340" classname="crypto/rsa" time="0.01"></testcase>
		<testcase name="TestEverything/341" classname="crypto/rsa" time="0.02"></testcase>
		<testcase name="TestEverything/342" classname="crypto/rsa" time="0.01"></testcase>
		<testcase name="TestEverything/343" classname="crypto/rsa" time="0.01"></testcase>
		<testcase name="TestEverything/344" classname="crypto/rsa" time="0.01"></testcase>
		<testcase name="TestEverything/345" classname="crypto/rsa" time="0.01"></testcase>
		<testcase name="TestEverything/346" classname="crypto/rsa" time="0.03"></testcase>
		<testcase name="TestEverything/347" classname="crypto/rsa" time="0.02"></testcase>
		<testcase name="TestEverything/348" classname="crypto/rsa" time="0.01"></testcase>
		<testcase name="TestEverything/349" classname="crypto/rsa" time="0.01"></testcase>
		<testcase name="TestEverything/350" classname="crypto/rsa" time="0.08"></testcase>
		<testcase name="TestEverything/351" classname="crypto/rsa" time="0.08"></testcase>
		<testcase name="TestEverything/352" classname="crypto/rsa" time="0.06"></testcase>
		<testcase name="TestEverything/353" classname="crypto/rsa" time="0.08"></testcase>
		<testcase name="TestEverything/354" classname="crypto/rsa" time="0.08"></testcase>
		<testcase name="TestEverything/355" classname="crypto/rsa" time="0.01"></testcase>
		<testcase name="TestEverything/356" classname="crypto/rsa" time="0.08"></testcase>
		<testcase name="TestEverything/357" classname="crypto/rsa" time="0.03"></testcase>
		<testcase name="TestEverything/358" classname="crypto/rsa" time="0.03"></testcase>
		<testcase name="TestEverything/359" classname="crypto/rsa" time="0.03"></testcase>
		<testcase name="TestEverything/360" classname="crypto/rsa" time="0.04"></testcase>
		<testcase name="TestEverything/361" classname="crypto/rsa" time="0.02"></testcase>
		<testcase name="TestEverything/362" classname="crypto/rsa" time="0.03"></testcase>
		<testcase name="TestEverything/363" classname="crypto/rsa" time="0.01"></testcase>
		<testcase name="TestEverything/364" classname="crypto/rsa" time="0.09"></testcase>
		<testcase name="TestEverything/365" classname="crypto/rsa" time="0.06"></testcase>
		<testcase name="TestEverything/366" classname="crypto/rsa" time="0.02"></testcase>
		<testcase name="TestEverything/367" classname="crypto/rsa" time="0.01"></testcase>
		<testcase name="TestEverything/368" classname="crypto/rsa" time="0.01"></testcase>
		<testcase name="TestEverything/369" classname="crypto/rsa" time="0.05"></testcase>
		<testcase name="TestEverything/370" classname="crypto/rsa" time="0.03"></testcase>
		<testcase name="TestEverything/371" classname="crypto/rsa" time="0.01"></testcase>
		<testcase name="TestEverything/372" classname="crypto/rsa" time="0.01"></testcase>
		<testcase name="TestEverything/373" classname="crypto/rsa" time="0.06"></testcase>
		<testcase name="TestEverything/374" classname="crypto/rsa" time="0.01"></testcase>
		<testcase name="TestEverything/375" classname="crypto/rsa" time="0.05"></testcase>
		<testcase name="TestEverything/376" classname="crypto/rsa" time="0.01"></testcase>
		<testcase name="TestEverything/377" classname="crypto/rsa" time="0.01"></testcase>
		<testcase name="TestEverything/378" classname="crypto/rsa" time="0.02"></testcase>
		<testcase name="TestEverything/379" classname="crypto/rsa" time="0.08"></testcase>
		<testcase name="TestEverything/380" classname="crypto/rsa" time="0.03"></testcase>
		<testcase name="TestEverything/381" classname="crypto/rsa" time="0.01"></testcase>
		<testcase name="TestEverything/382" classname="crypto/rsa" time="0.08"></testcase>
		<testcase name="TestEverything/383" classname="crypto/rsa" time="0.08"></testcase>
		<testcase name="TestEverything/384" classname="crypto/rsa" time="0.08"></testcase>
		<testcase name="TestEverything/385" classname="crypto/rsa" time="0.09"></testcase>
		<testcase name="TestEverything/386" classname="crypto/rsa" time="0.01"></testcase>
		<testcase name="TestEverything/387" classname="crypto/rsa" time="0.02"></testcase>
		<testcase name="TestEverything/388" classname="crypto/rsa" time="0.14"></testcase>
		<testcase name="TestEverything/389" classname="crypto/rsa" time="0.01"></testcase>
		<testcase name="TestEverything/390" classname="crypto/rsa" time="0.01"></testcase>
		<testcase name="TestEverything/391" classname="crypto/rsa" time="0.13"></testcase>
		<testcase name="TestEverything/392" classname="crypto/rsa" time="0.12"></testcase>
		<testcase name="TestEverything/393" classname="crypto/rsa" time="0.02"></testcase>
		<testcase name="TestEverything/394" classname="crypto/rsa" time="0.12"></testcase>
		<testcase name="TestEverything/395" classname="crypto/rsa" time="0.02"></testcase>
		<testcase name="TestEverything/396" classname="crypto/rsa" time="0.12"></testcase>
		<testcase name="TestEverything/397" classname="crypto/rsa" time="0.03"></testcase>
		<testcase name="TestEverything/398" classname="crypto/rsa" time="0.02"></testcase>
		<testcase name="TestEverything/399" classname="crypto/rsa" time="0.02"></testcase>
		<testcase name="TestEverything/400" classname="crypto/rsa" time="0.05"></testcase>
		<testcase name="TestEverything/401" classname="crypto/rsa" time="0.03"></testcase>
		<testcase name="TestEverything/402" classname="crypto/rsa" time="0.09"></testcase>
		<testcase name="TestEverything/403" classname="crypto/rsa" time="0.01"></testcase>
		<testcase name="TestEverything/404" classname="crypto/rsa" time="0.05"></testcase>
		<testcase name="TestEverything/405" classname="crypto/rsa" time="0.04"></testcase>
		<testcase name="TestEverything/406" classname="crypto/rsa" time="0.06"></testcase>
		<testcase name="TestEverything/407" classname="crypto/rsa" time="0.06"></testcase>
		<testcase name="TestEverything/408" classname="crypto/rsa" time="0.02"></testcase>
		<testcase name="TestEverything/409" classname="crypto/rsa" time="0.04"></testcase>
		<testcase name="TestEverything/410" classname="crypto/rsa" time="0.1"></testcase>
		<testcase name="TestEverything/411" classname="crypto/rsa" time="0.35"></testcase>
		<testcase name="TestEverything/412" classname="crypto/rsa" time="0.03"></testcase>
		<testcase name="TestEverything/413" classname="crypto/rsa" time="0.1"></testcase>
		<testcase name="TestEverything/414" classname="crypto/rsa" time="0.06"></testcase>
		<testcase name="TestEverything/415" classname="crypto/rsa" time="0.06"></testcase>
		<testcase name="TestEverything/416" classname="crypto/rsa" time="0.02"></testcase>
		<testcase name="TestEverything/417" classname="crypto/rsa" time="0.07"></testcase>
		<testcase name="TestEverything/418" classname="crypto/rsa" time="0.06"></testcase>
		<testcase name="TestEverything/419" classname="crypto/rsa" time="0.04"></testcase>
		<testcase name="TestEverything/420" classname="crypto/rsa" time="0.03"></testcase>
		<testcase name="TestEverything/421" classname="crypto/rsa" time="0.02"></testcase>
		<testcase name="TestEverything/422" classname="crypto/rsa" time="0.01"></testcase>
		<testcase name="TestEverything/423" classname="crypto/rsa" time="0.03"></testcase>
		<testcase name="TestEverything/424" classname="crypto/rsa" time="0.05"></testcase>
		<testcase name="TestEverything/425" classname="crypto/rsa" time="0.07"></testcase>
		<testcase name="TestEverything/426" classname="crypto/rsa" time="0.12"></testcase>
		<testcase name="TestEverything/427" classname="crypto/rsa" time="0.08"></testcase>
		<testcase name="TestEverything/428" classname="crypto/rsa" time="0.02"></testcase>
		<testcase name="TestEverything/429" classname="crypto/rsa" time="0.18"></testcase>
		<testcase name="TestEverything/430" classname="crypto/rsa" time="0.17"></testcase>
		<testcase name="TestEverything/431" classname="crypto/rsa" time="0.09"></testcase>
		<testcase name="TestEverything/432" classname="crypto/rsa" time="0.4"></testcase>
		<testcase name="TestEverything/433" classname="crypto/rsa" time="0.05"></testcase>
		<testcase name="TestEverything/434" classname="crypto/rsa" time="0.23"></testcase>
		<testcase name="TestEverything/435" classname="crypto/rsa" time="0.13"></testcase>
		<testcase name="TestEverything/436" classname="crypto/rsa" time="0.03"></testcase>
		<testcase name="TestEverything/437" classname="crypto/rsa" time="0.01"></testcase>
		<testcase name="TestEverything/438" classname="crypto/rsa" time="0.05"></testcase>
		<testcase name="TestEverything/439" classname="crypto/rsa" time="0.03"></testcase>
		<testcase name="TestEverything/440" classname="crypto/rsa" time="0.03"></testcase>
		<testcase name="TestEverything/441" classname="crypto/rsa" time="0.08"></testcase>
		<testcase name="TestEverything/442" classname="crypto/rsa" time="0.03"></testcase>
		<testcase name="TestEverything/443" classname="crypto/rsa" time="0.08"></testcase>
		<testcase name="TestEverything/444" classname="crypto/rsa" time="0.06"></testcase>
		<testcase name="TestEverything/445" classname="crypto/rsa" time="0.05"></testcase>
		<testcase name="TestEverything/446" classname="crypto/rsa" time="0.06"></testcase>
		<testcase name="TestEverything/447" classname="crypto/rsa" time="0.08"></testcase>
		<testcase name="TestEverything/448" classname="crypto/rsa" time="0.2"></testcase>
		<testcase name="TestEverything/449" classname="crypto/rsa" time="0.1"></testcase>
		<testcase name="TestEverything/450" classname="crypto/rsa" time="0.08"></testcase>
		<testcase name="TestEverything/451" classname="crypto/rsa" time="0.08"></testcase>
		<testcase name="TestEverything/452" classname="crypto/rsa" time="0.07"></testcase>
		<testcase name="TestEverything/453" classname="crypto/rsa" time="0.02"></testcase>
		<testcase name="TestEverything/454" classname="crypto/rsa" time="0.08"></testcase>
		<testcase name="TestEverything/455" classname="crypto/rsa" time="0.08"></testcase>
		<testcase name="TestEverything/456" classname="crypto/rsa" time="0.02"></testcase>
		<testcase name="TestEverything/457" classname="crypto/rsa" time="0.05"></testcase>
		<testcase name="TestEverything/458" classname="crypto/rsa" time="0.08"></testcase>
		<testcase name="TestEverything/459" classname="crypto/rsa" time="0.1"></testcase>
		<testcase name="TestEverything/460" classname="crypto/rsa" time="0.04"></testcase>
		<testcase name="TestEverything/461" classname="crypto/rsa" time="0.15"></testcase>
		<testcase name="TestEverything/462" classname="crypto/rsa" time="0.16"></testcase>
		<testcase name="TestEverything/463" classname="crypto/rsa" time="0.03"></testcase>
		<testcase name="TestEverything/464" classname="crypto/rsa" time="0.09"></testcase>
		<testcase name="TestEverything/465" classname="crypto/rsa" time="0.04"></testcase>
		<testcase name="TestEverything/466" classname="crypto/rsa" time="0.08"></testcase>
		<testcase name="TestEverything/467" classname="crypto/rsa" time="0.13"></testcase>
		<testcase name="TestEverything/468" classname="crypto/rsa" time="0.05"></testcase>
		<testcase name="TestEverything/469" classname="crypto/rsa" time="0.06"></testcase>
		<testcase name="TestEverything/470" classname="crypto/rsa" time="0.08"></testcase>
		<testcase name="TestEverything/471" classname="crypto/rsa" time="0.06"></testcase>
		<testcase name="TestEverything/472" classname="crypto/rsa" time="0.02"></testcase>
		<testcase name="TestEverything/473" classname="crypto/rsa" time="0.03"></testcase>
		<testcase name="TestEverything/474" classname="crypto/rsa" time="0.15"></testcase>
		<testcase name="TestEverything/475" classname="crypto/rsa" time="0.02"></testcase>
		<testcase name="TestEverything/476" classname="crypto/rsa" time="0.03"></testcase>
		<testcase name="TestEverything/477" classname="crypto/rsa" time="0.01"></testcase>
		<testcase name="TestEverything/478" classname="crypto/rsa" time="0.06"></testcase>
		<testcase name="TestEverything/479" classname="crypto/rsa" time="0.05"></testcase>
		<testcase name="TestEverything/480" classname="crypto/rsa" time="0.03"></testcase>
		<testcase name="TestEverything/481" classname="crypto/rsa" time="0.17"></testcase>
		<testcase name="TestEverything/482" classname="crypto/rsa" time="0.17"></testcase>
		<testcase name="TestEverything/483" classname="crypto/rsa" time="0.18"></testcase>
		<testcase name="TestEverything/484" classname="crypto/rsa" time="0.05"></testcase>
		<testcase name="TestEverything/485" classname="crypto/rsa" time="0.03"></testcase>
		<testcase name="TestEverything/486" classname="crypto/rsa" time="0.02"></testcase>
		<testcase name="TestEverything/487" classname="crypto/rsa" time="0.14"></testcase>
		<testcase name="TestEverything/488" classname="crypto/rsa" time="0.16"></testcase>
		<testcase name="TestEverything/489" classname="crypto/rsa" time="0.18"></testcase>
		<testcase name="TestEverything/490" classname="crypto/rsa" time="0.15"></testcase>
		<testcase name="TestEverything/491" classname="crypto/rsa" time="0.06"></testcase>
		<testcase name="TestEverything/492" classname="crypto/rsa" time="0.02"></testcase>
		<testcase name="TestEverything/493" classname="crypto/rsa" time="0.03"></testcase>
		<testcase name="TestEverything/494" classname="crypto/rsa" time="0.04"></testcase>
		<testcase name="TestEverything/495" classname="crypto/rsa" time="0.02"></testcase>
		<testcase name="TestEverything/496" classname="crypto/rsa" time="0.06"></testcase>
		<testcase name="TestEverything/497" classname="crypto/rsa" time="0.02"></testcase>
		<testcase name="TestEverything/498" classname="crypto/rsa" time="0.04"></testcase>
		<testcase name="TestEverything/499" classname="crypto/rsa" time="0.02"></testcase>
		<testcase name="TestEverything/500" classname="crypto/rsa" time="0.04"></testcase>
		<testcase name="TestEverything/501" classname="crypto/rsa" time="0.09"></testcase>
		<testcase name="TestEverything/502" classname="crypto/rsa" time="0.09"></testcase>
		<testcase name="TestEverything/503" classname="crypto/rsa" time="0.09"></testcase>
		<testcase name="TestEverything/504" classname="crypto/rsa" time="0.07"></testcase>
		<testcase name="TestEverything/505" classname="crypto/rsa" time="0.12"></testcase>
		<testcase name="TestEverything/506" classname="crypto/rsa" time="0.1"></testcase>
		<testcase name="TestEverything/507" classname="crypto/rsa" time="0.02"></testcase>
		<testcase name="TestEverything/508" classname="crypto/rsa" time="0.11"></testcase>
		<testcase name="TestEverything/509" classname="crypto/rsa" time="0.05"></testcase>
		<testcase name="TestEverything/510" classname="crypto/rsa" time="0.04"></testcase>
		<testcase name="TestEverything/511" classname="crypto/rsa" time="0.03"></testcase>
		<testcase name="TestEverything/512" classname="crypto/rsa" time="0.05"></testcase>
		<testcase name="TestEverything/513" classname="crypto/rsa" time="0.03"></testcase>
		<testcase name="TestEverything/514" classname="crypto/rsa" time="0.03"></testcase>
		<testcase name="TestEverything/515" classname="crypto/rsa" time="0.05"></testcase>
		<testcase name="TestEverything/516" classname="crypto/rsa" time="0.23"></testcase>
		<testcase name="TestEverything/517" classname="crypto/rsa" time="0.24"></testcase>
		<testcase name="TestEverything/518" classname="crypto/rsa" time="0.1"></testcase>
		<testcase name="TestEverything/519" classname="crypto/rsa" time="0.02"></testcase>
		<testcase name="TestEverything/520" classname="crypto/rsa" time="0.06"></testcase>
		<testcase name="TestEverything/521" classname="crypto/rsa" time="0.08"></testcase>
		<testcase name="TestEverything/522" classname="crypto/rsa" time="0.04"></testcase>
		<testcase name="TestEverything/523" classname="crypto/rsa" time="0.06"></testcase>
		<testcase name="TestEverything/524" classname="crypto/rsa" time="0.14"></testcase>
		<testcase name="TestEverything/525" classname="crypto/rsa" time="0.08"></testcase>
		<testcase name="TestEverything/526" classname="crypto/rsa" time="0.04"></testcase>
		<testcase name="TestEverything/527" classname="crypto/rsa" time="0.1"></testcase>
		<testcase name="TestEverything/528" classname="crypto/rsa" time="0.05"></testcase>
		<testcase name="TestEverything/529" classname="crypto/rsa" time="0.03"></testcase>
		<testcase name="TestEverything/530" classname="crypto/rsa" time="0.06"></testcase>
		<testcase name="TestEverything/531" classname="crypto/rsa" time="0.03"></testcase>
		<testcase name="TestEverything/532" classname="crypto/rsa" time="0.04"></testcase>
		<testcase name="TestEverything/533" classname="crypto/rsa" time="0.07"></testcase>
		<testcase name="TestEverything/534" classname="crypto/rsa" time="0.02"></testcase>
		<testcase name="TestEverything/535" classname="crypto/rsa" time="0.07"></testcase>
		<testcase name="TestEverything/536" classname="crypto/rsa" time="0.04"></testcase>
		<testcase name="TestEverything/537" classname="crypto/rsa" time="0.19"></testcase>
		<testcase name="TestEverything/538" classname="crypto/rsa" time="0.36"></testcase>
		<testcase name="TestEverything/539" classname="crypto/rsa" time="0.04"></testcase>
		<testcase name="TestEverything/540" classname="crypto/rsa" time="0.37"></testcase>
		<testcase name="TestEverything/541" classname="crypto/rsa" time="0.42"></testcase>
		<testcase name="TestEverything/542" classname="crypto/rsa" time="0.18"></testcase>
		<testcase name="TestEverything/543" classname="crypto/rsa" time="0.24"></testcase>
		<testcase name="TestEverything/544" classname="crypto/rsa" time="0.07"></testcase>
		<testcase name="TestEverything/545" classname="crypto/rsa" time="0.07"></testcase>
		<testcase name="TestEverything/546" classname="crypto/rsa" time="0.06"></testcase>
		<testcase name="TestEverything/547" classname="crypto/rsa" time="0.09"></testcase>
		<testcase name="TestEverything/548" classname="crypto/rsa" time="0.13"></testcase>
		<testcase name="TestEverything/549" classname="crypto/rsa" time="0.12"></testcase>
		<testcase name="TestEverything/550" classname="crypto/rsa" time="0.03"></testcase>
		<testcase name="TestEverything/551" classname="crypto/rsa" time="0.02"></testcase>
		<testcase name="TestEverything/552" classname="crypto/rsa" time="0.09"></testcase>
		<testcase name="TestEverything/553" classname="crypto/rsa" time="0.18"></testcase>
		<testcase name="TestEverything/554" classname="crypto/rsa" time="0.11"></testcase>
		<testcase name="TestEverything/555" classname="crypto/rsa" time="0.3"></testcase>
		<testcase name="TestEverything/556" classname="crypto/rsa" time="0.02"></testcase>
		<testcase name="TestEverything/557" classname="crypto/rsa" time="0.25"></testcase>
		<testcase name="TestEverything/558" classname="crypto/rsa" time="0.18"></testcase>
		<testcase name="TestEverything/559" classname="crypto/rsa" time="0.28"></testcase>
		<testcase name="TestEverything/560" classname="crypto/rsa" time="0.11"></testcase>
		<testcase name="TestKeyTooSmall" classname="crypto/rsa" time="0"></testcase>
		<testcase name="TestEncryptOAEP" classname="crypto/rsa" time="0"></testcase>
		<testcase name="TestDecryptOAEP" classname="crypto/rsa" time="0.04"></testcase>
		<testcase name="Test2DecryptOAEP" classname="crypto/rsa" time="0"></testcase>
		<testcase name="TestEncryptDecryptOAEP" classname="crypto/rsa" time="0.02"></testcase>
		<testcase name="TestPSmallerThanQ" classname="crypto/rsa" time="0"></testcase>
	</testsuite>
	<testsuite name="crypto/sha1" id="1" tests="15" failures="1" skipped="0" time="1.02" timestamp="2025-02-07T17:24:43+01:00">
		<testcase name="TestGolden" classname="crypto/sha1" time="0">
			<failure message="failed"><![CDATA[sha1_test.go:68: Sum function: sha1() = da39a3ee5e6b4b0d3255bfef95601890afd80709 want da39a3ee5e6b4b0d3255bfe95601890afd80709]]></failure>
		</testcase>
		<testcase name="TestGoldenMarshal" classname="crypto/sha1" time="0"></testcase>
		<testcase name="TestSize" classname="crypto/sha1" time="0"></testcase>
		<testcase name="TestBlockSize" classname="crypto/sha1" time="0"></testcase>
		<testcase name="TestBlockGeneric" classname="crypto/sha1" time="0"></testcase>
		<testcase name="TestLargeHashes" classname="crypto/sha1" time="0"></testcase>
		<testcase name="TestAllocations" classname="crypto/sha1" time="0"></testcase>
		<testcase name="TestSHA1Hash" classname="crypto/sha1" time="0"></testcase>
		<testcase name="TestSHA1Hash/SumAppend" classname="crypto/sha1" time="0"></testcase>
		<testcase name="TestSHA1Hash/WriteWithoutError" classname="crypto/sha1" time="0"></testcase>
		<testcase name="TestSHA1Hash/ResetState" classname="crypto/sha1" time="0"></testcase>
		<testcase name="TestSHA1Hash/OutOfBoundsRead" classname="crypto/sha1" time="0"></testcase>
		<testcase name="TestSHA1Hash/StatefulWrite" classname="crypto/sha1" time="0"></testcase>
		<testcase name="ExampleNew" classname="crypto/sha1" time="0"></testcase>
		<testcase name="ExampleSum" classname="crypto/sha1" time="0"></testcase>
	</testsuite>
	<testsuite name="crypto/sha256" id="2" tests="49" failures="0" skipped="4" time="0.003" timestamp="2025-02-07T17:24:43+01:00">
		<testcase name="TestGolden" classname="crypto/sha256" time="0"></testcase>
		<testcase name="TestGolden/AVX2" classname="crypto/sha256" time="0"></testcase>
		<testcase name="TestGolden/SHA-NI" classname="crypto/sha256" time="0">
			<skipped message="skipped"><![CDATA[implementations.go:49: implementation not supported]]></skipped>
		</testcase>
		<testcase name="TestGolden/Base" classname="crypto/sha256" time="0"></testcase>
		<testcase name="TestGoldenMarshal" classname="crypto/sha256" time="0"></testcase>
		<testcase name="TestGoldenMarshal/AVX2" classname="crypto/sha256" time="0"></testcase>
		<testcase name="TestGoldenMarshal/AVX2/256" classname="crypto/sha256" time="0"></testcase>
		<testcase name="TestGoldenMarshal/AVX2/224" classname="crypto/sha256" time="0"></testcase>
		<testcase name="TestGoldenMarshal/SHA-NI" classname="crypto/sha256" time="0">
			<skipped message="skipped"><![CDATA[implementations.go:49: implementation not supported]]></skipped>
		</testcase>
		<testcase name="TestGoldenMarshal/Base" classname="crypto/sha256" time="0"></testcase>
		<testcase name="TestGoldenMarshal/Base/256" classname="crypto/sha256" time="0"></testcase>
		<testcase name="TestGoldenMarshal/Base/224" classname="crypto/sha256" time="0"></testcase>
		<testcase name="TestMarshalTypeMismatch" classname="crypto/sha256" time="0"></testcase>
		<testcase name="TestSize" classname="crypto/sha256" time="0"></testcase>
		<testcase name="TestBlockSize" classname="crypto/sha256" time="0"></testcase>
		<testcase name="TestLargeHashes" classname="crypto/sha256" time="0"></testcase>
		<testcase name="TestAllocations" classname="crypto/sha256" time="0"></testcase>
		<testcase name="TestCgo" classname="crypto/sha256" time="0"></testcase>
		<testcase name="TestHash" classname="crypto/sha256" time="0.01"></testcase>
		<testcase name="TestHash/SHA-224" classname="crypto/sha256" time="0"></testcase>
		<testcase name="TestHash/SHA-224/AVX2" classname="crypto/sha256" time="0"></testcase>
		<testcase name="TestHash/SHA-224/AVX2/SumAppend" classname="crypto/sha256" time="0"></testcase>
		<testcase name="TestHash/SHA-224/AVX2/WriteWithoutError" classname="crypto/sha256" time="0"></testcase>
		<testcase name="TestHash/SHA-224/AVX2/ResetState" classname="crypto/sha256" time="0"></testcase>
		<testcase name="TestHash/SHA-224/AVX2/OutOfBoundsRead" classname="crypto/sha256" time="0"></testcase>
		<testcase name="TestHash/SHA-224/AVX2/StatefulWrite" classname="crypto/sha256" time="0"></testcase>
		<testcase name="TestHash/SHA-224/SHA-NI" classname="crypto/sha256" time="0">
			<skipped message="skipped"><![CDATA[implementations.go:49: implementation not supported]]></skipped>
		</testcase>
		<testcase name="TestHash/SHA-224/Base" classname="crypto/sha256" time="0"></testcase>
		<testcase name="TestHash/SHA-224/Base/SumAppend" classname="crypto/sha256" time="0"></testcase>
		<testcase name="TestHash/SHA-224/Base/WriteWithoutError" classname="crypto/sha256" time="0"></testcase>
		<testcase name="TestHash/SHA-224/Base/ResetState" classname="crypto/sha256" time="0"></testcase>
		<testcase name="TestHash/SHA-224/Base/OutOfBoundsRead" classname="crypto/sha256" time="0"></testcase>
		<testcase name="TestHash/SHA-224/Base/StatefulWrite" classname="crypto/sha256" time="0"></testcase>
		<testcase name="TestHash/SHA-256" classname="crypto/sha256" time="0"></testcase>
		<testcase name="TestHash/SHA-256/AVX2" classname="crypto/sha256" time="0"></testcase>
		<testcase name="TestHash/SHA-256/AVX2/SumAppend" classname="crypto/sha256" time="0"></testcase>
		<testcase name="TestHash/SHA-256/AVX2/WriteWithoutError" classname="crypto/sha256" time="0"></testcase>
		<testcase name="TestHash/SHA-256/AVX2/ResetState" classname="crypto/sha256" time="0"></testcase>
		<testcase name="TestHash/SHA-256/AVX2/OutOfBoundsRead" classname="crypto/sha256" time="0"></testcase>
		<testcase name="TestHash/SHA-256/AVX2/StatefulWrite" classname="crypto/sha256" time="0"></testcase>
		<testcase name="TestHash/SHA-256/SHA-NI" classname="crypto/sha256" time="0">
			<skipped message="skipped"><![CDATA[implementations.go:49: implementation not supported]]></skipped>
		</testcase>
		<testcase name="TestHash/SHA-256/Base" classname="crypto/sha256" time="0"></testcase>
		<testcase name="TestHash/SHA-256/Base/SumAppend" classname="crypto/sha256" time="0"></testcase>
		<testcase name="TestHash/SHA-256/Base/WriteWithoutError" classname="crypto/sha256" time="0"></testcase>
		<testcase name="TestHash/SHA-256/Base/ResetState" classname="crypto/sha256" time="0"></testcase>
		<testcase name="TestHash/SHA-256/Base/OutOfBoundsRead" classname="crypto/sha256" time="0"></testcase>
		<testcase name="TestHash/SHA-256/Base/StatefulWrite" classname="crypto/sha256" time="0"></testcase>
		<testcase name="ExampleSum256" classname="crypto/sha256" time="0"></testcase>
		<testcase name="ExampleNew" classname="crypto/sha256" time="0"></testcase>
	</testsuite>
	<testsuite name="crypto/mlkem" id="3" tests="8" failures="0" skipped="0" time="0.001" timestamp="2025-02-07T17:24:43+01:00">
		<testcase name="TestRoundTrip" classname="crypto/mlkem" time="0.01"></testcase>
		<testcase name="TestRoundTrip/768" classname="crypto/mlkem" time="0"></testcase>
		<testcase name="TestRoundTrip/1024" classname="crypto/mlkem" time="0"></testcase>
		<testcase name="TestBadLengths" classname="crypto/mlkem" time="0.96"></testcase>
		<testcase name="TestBadLengths/768" classname="crypto/mlkem" time="0.05"></testcase>
		<testcase name="TestBadLengths/1024" classname="crypto/mlkem" time="0.91"></testcase>
		<testcase name="TestAccumulated" classname="crypto/mlkem" time="16.34"></testcase>
		<testcase name="TestConstantSizes" classname="crypto/mlkem" time="0"></testcase>
	</testsuite>
</testsuites>