<?xml version="1.0" encoding="UTF-8"?>
<testsuites tests="641" failures="1" skipped="4">
	<testsuite name="crypto/rsa" tests="569" failures="0" skipped="0" time="0.075" timestamp="2025-02-07T17:24:43+01:00">
		<testcase classname="crypto/rsa" name="TestEqual" time="0"></testcase>
		<testcase classname="crypto/rsa" name="TestDecryptPKCS1v15" time="0"></testcase>
		<testcase classname="crypto/rsa" name="TestEncryptPKCS1v15" time="0.25"></testcase>
		<testcase classname="crypto/rsa" name="TestEncryptPKCS1v15SessionKey" time="0"></testcase>
		<testcase classname="crypto/rsa" name="TestEncryptPKCS1v15DecrypterSessionKey" time="0"></testcase>
		<testcase classname="crypto/rsa" name="TestNonZeroRandomBytes" time="0"></testcase>
		<testcase classname="crypto/rsa" name="TestSignPKCS1v15" time="0"></testcase>
		<testcase classname="crypto/rsa" name="TestVerifyPKCS1v15" time="0"></testcase>
		<testcase classname="crypto/rsa" name="TestOverlongMessagePKCS1v15" time="0"></testcase>
		<testcase classname="crypto/rsa" name="TestUnpaddedSignature" time="0"></testcase>
		<testcase classname="crypto/rsa" name="TestShortSessionKey" time="0"></testcase>
		<testcase classname="crypto/rsa" name="TestShortPKCS1v15Signature" time="0"></testcase>
		<testcase classname="crypto/rsa" name="TestPSSGolden" time="0.08"></testcase>
		<testcase classname="crypto/rsa" name="TestPSSOpenSSL" time="0"></testcase>
		<testcase classname="crypto/rsa" name="TestPSSNilOpts" time="0"></testcase>
		<testcase classname="crypto/rsa" name="TestPSSSigning" time="0.26"></testcase>
		<testcase classname="crypto/rsa" name="TestPSS513" time="0.09"></testcase>
		<testcase classname="crypto/rsa" name="TestInvalidPSSSaltLength" time="0.01"></testcase>
		<testcase classname="crypto/rsa" name="TestHashOverride" time="0.01"></testcase>
		<testcase classname="crypto/rsa" name="TestKeyGeneration" time="26.82"></testcase>
		<testcase classname="crypto/rsa" name="TestKeyGeneration/128" time="0"></testcase>
		<testcase classname="crypto/rsa" name="TestKeyGeneration/512" time="0.1"></testcase>
		<testcase classname="crypto/rsa" name="TestKeyGeneration/1024" time="0.29"></testcase>
		<testcase classname="crypto/rsa" name="TestKeyGeneration/2048" time="0.91"></testcase>
		<testcase classname="crypto/rsa" name="TestKeyGeneration/3072" time="2.01"></testcase>
		<testcase classname="crypto/rsa" name="TestKeyGeneration/4096" time="23.51"></testcase>
		<testcase classname="crypto/rsa" name="Test3PrimeKeyGeneration" time="0.05"></testcase>
		<testcase classname="crypto/rsa" name="Test4PrimeKeyGeneration" time="0.08"></testcase>
		<testcase classname="crypto/rsa" name="TestNPrimeKeyGeneration" time="0.83"></testcase>
		<testcase classname="crypto/rsa" name="TestImpossibleKeyGeneration" time="0.01"></testcase>
		<testcase classname="crypto/rsa" name="TestTinyKeyGeneration" time="7.18"></testcase>
		<testcase classname="crypto/rsa" name="TestGnuTLSKey" time="0"></testcase>
		<testcase classname="crypto/rsa" name="TestAllocations" time="0.47"></testcase>
		<testcase classname="crypto/rsa" name="TestEverything" time="0.04"></testcase>
		<testcase classname="crypto/rsa" name="TestEverything/32" time="0"></testcase>
		<testcase classname="crypto/rsa" name="TestEverything/33" time="0"></testcase>
		<testcase classname="crypto/rsa" name="TestEverything/34" time="0"></testcase>
		<testcase classname="crypto/rsa" name="TestEverything/35" time="0"></testcase>
		<testcase classname="crypto/rsa" name="TestEverything/36" time="0"></testcase>
		<testcase classname="crypto/rsa" name="TestEverything/37" time="0"></testcase>
		<testcase classname="crypto/rsa" name="TestEverything/38" time="0"></testcase>
		<testcase classname="crypto/rsa" name="TestEverything/39" time="0"></testcase>
		<testcase classname="crypto/rsa" name="TestEverything/40" time="0"></testcase>
		<testcase classname="crypto/rsa" name="TestEverything/41" time="0"></testcase>
		<testcase classname="crypto/rsa" name="TestEverything/42" time="0"></testcase>
		<testcase classname="crypto/rsa" name="TestEverything/43" time="0"></testcase>
		<testcase classname="crypto/rsa" name="TestEverything/44" time="0"></testcase>
		<testcase classname="crypto/rsa" name="TestEverything/45" time="0"></testcase>
		<testcase classname="crypto/rsa" name="TestEverything/46" time="0"></testcase>
		<testcase classname="crypto/rsa" name="TestEverything/47" time="0.01"></testcase>
		<testcase classname="crypto/rsa" name="TestEverything/48" time="0"></testcase>
		<testcase classname="crypto/rsa" name="TestEverything/49" time="0.03"></testcase>
		<testcase classname="crypto/rsa" name="TestEverything/50" time="0"></testcase>
		<testcase classname="crypto/rsa" name="TestEverything/51" time="0"></testcase>
		<testcase classname="crypto/rsa" name="TestEverything/52" time="0"></testcase>
		<testcase classname="crypto/rsa" name="TestEverything/53" time="0"></testcase>
		<testcase classname="crypto/rsa" name="TestEverything/54" time="0"></testcase>
		<testcase classname="crypto/rsa" name="TestEverything/55" time="0"></testcase>
		<testcase classname="crypto/rsa" name="TestEverything/56" time="0.04"></testcase>
		<testcase classname="crypto/rsa" name="TestEverything/57" time="0"></testcase>
		<testcase classname="crypto/rsa" name="TestEverything/58" time="0"></testcase>
		<testcase classname="crypto/rsa" name="TestEverything/59" time="0"></testcase>
		<testcase classname="crypto/rsa" name="TestEverything/60" time="0"></testcase>
		<testcase classname="crypto/rsa" name="TestEverything/61" time="0"></testcase>
		<testcase classname="crypto/rsa" name="TestEverything/62" time="0"></testcase>
		<testcase classname="crypto/rsa" name="TestEverything/63" time="0"></testcase>
		<testcase classname="crypto/rsa" name="TestEverything/64" time="0"></testcase>
		<testcase classname="crypto/rsa" name="TestEverything/65" time="0"></testcase>
		<testcase classname="crypto/rsa" name="TestEverything/66" time="0.05"></testcase>
		<testcase classname="crypto/rsa" name="TestEverything/67" time="0.05"></testcase>
		<testcase classname="crypto/rsa" name="TestEverything/68" time="0.01"></testcase>
		<testcase classname="crypto/rsa" name="TestEverything/69" time="0"></testcase>
		<testcase classname="crypto/rsa" name="TestEverything/70" time="0"></testcase>
		<testcase classname="crypto/rsa" name="TestEverything/71" time="0"></testcase>
		<testcase classname="crypto/rsa" name="TestEverything/72" time="0"></testcase>
		<testcase classname="crypto/rsa" name="TestEverything/73" time="0"></testcase>
		<testcase classname="crypto/rsa" name="TestEverything/74" time="0"></testcase>
		<testcase classname="crypto/rsa" name="TestEverything/75" time="0.06"></testcase>
		<testcase classname="crypto/rsa" name="TestEverything/76" time="0"></testcase>
		<testcase classname="crypto/rsa" name="TestEverything/77" time="0.02"></testcase>
		<testcase classname="crypto/rsa" name="TestEverything/78" time="0"></testcase>
		<testcase classname="crypto/rsa" name="TestEverything/79" time="0"></testcase>
		<testcase classname="crypto/rsa" name="TestEverything/80" time="0"></testcase>
		<testcase classname="crypto/rsa" name="TestEverything/81" time="0"></testcase>
		<testcase classname="crypto/rsa" name="TestEverything/82" time="0"></testcase>
		<testcase classname="crypto/rsa" name="TestEverything/83" time="0"></testcase>
		<testcase classname="crypto/rsa" name="TestEverything/84" time="0"></testcase>
		<testcase classname="crypto/rsa" name="TestEverything/85" time="0"></testcase>
		<testcase classname="crypto/rsa" name="TestEverything/86" time="0.01"></testcase>
		<testcase classname="crypto/rsa" name="TestEverything/87" time="0.01"></testcase>
		<testcase classname="crypto/rsa" name="TestEverything/88" time="0"></testcase>
		<testcase classname="crypto/rsa" name="TestEverything/89" time="0.03"></testcase>
		<testcase classname="crypto/rsa" name="TestEverything/90" time="0"></testcase>
		<testcase classname="crypto/rsa" name="TestEverything/91" time="0"></testcase>
		<testcase classname="crypto/rsa" name="TestEverything/92" time="0"></testcase>
		<testcase classname="crypto/rsa" name="TestEverything/93" time="0"></testcase>
		<testcase classname="crypto/rsa" name="TestEverything/94" time="0.01"></testcase>
		<testcase classname="crypto/rsa" name="TestEverything/95" time="0"></testcase>
		<testcase classname="crypto/rsa" name="TestEverything/96" time="0.01"></testcase>
		<testcase classname="crypto/rsa" name="TestEverything/97" time="0"></testcase>
		<testcase classname="crypto/rsa" name="TestEverything/98" time="0.05"></testcase>
		<testcase classname="crypto/rsa" name="TestEverything/99" time="0.02"></testcase>
		<testcase classname="crypto/rsa" name="TestEverything/100" time="0.13"></testcase>
		<testcase classname="crypto/rsa" name="TestEverything/101" time="0.08"></testcase>
		<testcase classname="crypto/rsa" name="TestEverything/102" time="0.02"></testcase>
		<testcase classname="crypto/rsa" name="TestEverything/103" time="0.01"></testcase>
		<testcase classname="crypto/rsa" name="TestEverything/104" time="0"></testcase>
		<testcase classname="crypto/rsa" name="TestEverything/105" time="0"></testcase>
		<testcase classname="crypto/rsa" name="TestEverything/106" time="0"></testcase>
		<testcase classname="crypto/rsa" name="TestEverything/107" time="0"></testcase>
		<testcase classname="crypto/rsa" name="TestEverything/108" time="0"></testcase>
		<testcase classname="crypto/rsa" name="TestEverything/109" time="0.03"></testcase>
		<testcase classname="crypto/rsa" name="TestEverything/110" time="0"></testcase>
		<testcase classname="crypto/rsa" name="TestEverything/111" time="0"></testcase>
		<testcase classname="crypto/rsa" name="TestEverything/112" time="0"></testcase>
		<testcase classname="crypto/rsa" name="TestEverything/113" time="0"></testcase>
		<testcase classname="crypto/rsa" name="TestEverything/114" time="0"></testcase>
		<testcase classname="crypto/rsa" name="TestEverything/115" time="0.01"></testcase>
		<testcase classname="crypto/rsa" name="TestEverything/116" time="0"></testcase>
		<testcase classname="crypto/rsa" name="TestEverything/117" time="0"></testcase>
		<testcase classname="crypto/rsa" name="TestEverything/118" time="0.02"></testcase>
		<testcase classname="crypto/rsa" name="TestEverything/119" time="0"></testcase>
		<testcase classname="crypto/rsa" name="TestEverything/120" time="0"></testcase>
		<testcase classname="crypto/rsa" name="TestEverything/121" time="0"></testcase>
		<testcase classname="crypto/rsa" name="TestEverything/122" time="0"></testcase>
		<testcase classname="crypto/rsa" name="TestEverything/123" time="0"></testcase>
		<testcase classname="crypto/rsa" name="TestEverything/124" time="0"></testcase>
		<testcase classname="crypto/rsa" name="TestEverything/125" time="0"></testcase>
		<testcase classname="crypto/rsa" name="TestEverything/126" time="0"></testcase>
		<testcase classname="crypto/rsa" name="TestEverything/127" time="0"></testcase>
		<testcase classname="crypto/rsa" name="TestEverything/128" time="0"></testcase>
		<testcase classname="crypto/rsa" name="TestEverything/129" time="0.12"></testcase>
		<testcase classname="crypto/rsa" name="TestEverything/130" time="0.04"></testcase>
		<testcase classname="crypto/rsa" name="TestEverything/131" time="0.04"></testcase>
		<testcase classname="crypto/rsa" name="TestEverything/132" time="0.03"></testcase>
		<testcase classname="crypto/rsa" name="TestEverything/133" time="0.03"></testcase>
		<testcase classname="crypto/rsa" name="TestEverything/134" time="0"></testcase>
		<testcase classname="crypto/rsa" name="TestEverything/135" time="0"></testcase>
		<testcase classname="crypto/rsa" name="TestEverything/136" time="0"></testcase>
		<testcase classname="crypto/rsa" name="TestEverything/137" time="0"></testcase>
		<testcase classname="crypto/rsa" name="TestEverything/138" time="0.01"></testcase>
		<testcase classname="crypto/rsa" name="TestEverything/139" time="0"></testcase>
		<testcase classname="crypto/rsa" name="TestEverything/140" time="0"></testcase>
		<testcase classname="crypto/rsa" name="TestEverything/141" time="0"></testcase>
		<testcase classname="crypto/rsa" name="TestEverything/142" time="0.04"></testcase>
		<testcase classname="crypto/rsa" name="TestEverything/143" time="0"></testcase>
		<testcase classname="crypto/rsa" name="TestEverything/144" time="0"></testcase>
		<testcase classname="crypto/rsa" name="TestEverything/145" time="0"></testcase>
		<testcase classname="crypto/rsa" name="TestEverything/146" time="0.02"></testcase>
		<testcase classname="crypto/rsa" name="TestEverything/147" time="0.02"></testcase>
		<testcase classname="crypto/rsa" name="TestEverything/148" time="0.01"></testcase>
		<testcase classname="crypto/rsa" name="TestEverything/149" time="0.02"></testcase>
		<testcase classname="crypto/rsa" name="TestEverything/150" time="0.07"></testcase>
		<testcase classname="crypto/rsa" name="TestEverything/151" time="0"></testcase>
		<testcase classname="crypto/rsa" name="TestEverything/152" time="0"></testcase>
		<testcase classname="crypto/rsa" name="TestEverything/153" time="0.02"></testcase>
		<testcase classname="crypto/rsa" name="TestEverything/154" time="0"></testcase>
		<testcase classname="crypto/rsa" name="TestEverything/155" time="0"></testcase>
		<testcase classname="crypto/rsa" name="TestEverything/156" time="0"></testcase>
		<testcase classname="crypto/rsa" name="TestEverything/157" time="0"></testcase>
		<testcase classname="crypto/rsa" name="TestEverything/158" time="0"></testcase>
		<testcase classname="crypto/rsa" name="TestEverything/159" time="0.01"></testcase>
		<testcase classname="crypto/rsa" name="TestEverything/160" time="0.01"></testcase>
		<testcase classname="crypto/rsa" name="TestEverything/161" time="0"></testcase>
		<testcase classname="crypto/rsa" name="TestEverything/162" time="0"></testcase>
		<testcase classname="crypto/rsa" name="TestEverything/163" time="0"></testcase>
		<testcase classname="crypto/rsa" name="TestEverything/164" time="0"></testcase>
		<testcase classname="crypto/rsa" name="TestEverything/165" time="0.07"></testcase>
		<testcase classname="crypto/rsa" name="TestEverything/166" time="0"></testcase>
		<testcase classname="crypto/rsa" name="TestEverything/167" time="0"></testcase>
		<testcase classname="crypto/rsa" name="TestEverything/168" time="0"></testcase>
		<testcase classname="crypto/rsa" name="TestEverything/169" time="0"></testcase>
		<testcase classname="crypto/rsa" name="TestEverything/170" time="0.01"></testcase>
		<testcase classname="crypto/rsa" name="TestEverything/171" time="0.01"></testcase>
		<testcase classname="crypto/rsa" name="TestEverything/172" time="0.01"></testcase>
		<testcase classname="crypto/rsa" name="TestEverything/173" time="0.01"></testcase>
		<testcase classname="crypto/rsa" name="TestEverything/174" time="0.11"></testcase>
		<testcase classname="crypto/rsa" name="TestEverything/175" time="0"></testcase>
		<testcase classname="crypto/rsa" name="TestEverything/176" time="0"></testcase>
		<testcase classname="crypto/rsa" name="TestEverything/177" time="0"></testcase>
		<testcase classname="crypto/rsa" name="TestEverything/178" time="0"></testcase>
		<testcase classname="crypto/rsa" name="TestEverything/179" time="0"></testcase>
		<testcase classname="crypto/rsa" name="TestEverything/180" time="0"></testcase>
		<testcase classname="crypto/rsa" name="TestEverything/181" time="0"></testcase>
		<testcase classname="crypto/rsa" name="TestEverything/182" time="0.01"></testcase>
		<testcase classname="crypto/rsa" name="TestEverything/183" time="0"></testcase>
		<testcase classname="crypto/rsa" name="TestEverything/184" time="0.04"></testcase>
		<testcase classname="crypto/rsa" name="TestEverything/185" time="0.01"></testcase>
		<testcase classname="crypto/rsa" name="TestEverything/186" time="0.03"></testcase>
		<testcase classname="crypto/rsa" name="TestEverything/187" time="0.05"></testcase>
		<testcase classname="crypto/rsa" name="TestEverything/188" time="0.04"></testcase>
		<testcase classname="crypto/rsa" name="TestEverything/189" time="0"></testcase>
		<testcase classname="crypto/rsa" name="TestEverything/190" time="0"></testcase>
		<testcase classname="crypto/rsa" name="TestEverything/191" time="0.03"></testcase>
		<testcase classname="crypto/rsa" name="TestEverything/192" time="0"></testcase>
		<testcase classname="crypto/rsa" name="TestEverything/193" time="0"></testcase>
		<testcase classname="crypto/rsa" name="TestEverything/194" time="0.12"></testcase>
		<testcase classname="crypto/rsa" name="TestEverything/195" time="0"></testcase>
		<testcase classname="crypto/rsa" name="TestEverything/196" time="0"></testcase>
		<testcase classname="crypto/rsa" name="TestEverything/197" time="0"></testcase>
		<testcase classname="crypto/rsa" name="TestEverything/198" time="0.01"></testcase>
		<testcase classname="crypto/rsa" name="TestEverything/199" time="0"></testcase>
		<testcase classname="crypto/rsa" name="TestEverything/200" time="0.01"></testcase>
		<testcase classname="crypto/rsa" name="TestEverything/201" time="0"></testcase>
		<testcase classname="crypto/rsa" name="TestEverything/202" time="0.01"></testcase>
		<testcase classname="crypto/rsa" name="TestEverything/203" time="0"></testcase>
		<testcase classname="crypto/rsa" name="TestEverything/204" time="0.01"></testcase>
		<testcase classname="crypto/rsa" name="TestEverything/205" time="0"></testcase>
		<testcase classname="crypto/rsa" name="TestEverything/206" time="0"></testcase>
		<testcase classname="crypto/rsa" name="TestEverything/207" time="0.02"></testcase>
		<testcase classname="crypto/rsa" name="TestEverything/208" time="0"></testcase>
		<testcase classname="crypto/rsa" name="TestEverything/209" time="0"></testcase>
		<testcase classname="crypto/rsa" name="TestEverything/210" time="0.01"></testcase>
		<testcase classname="crypto/rsa" name="TestEverything/211" time="0"></testcase>
		<testcase classname="crypto/rsa" name="TestEverything/212" time="0"></testcase>
		<testcase classname="crypto/rsa" name="TestEverything/213" time="0.01"></testcase>
		<testcase classname="crypto/rsa" name="TestEverything/214" time="0"></testcase>
		<testcase classname="crypto/rsa" name="TestEverything/215" time="0"></testcase>
		<testcase classname="crypto/rsa" name="TestEverything/216" time="0.01"></testcase>
		<testcase classname="crypto/rsa" name="TestEverything/217" time="0"></testcase>
		<testcase classname="crypto/rsa" name="TestEverything/218" time="0.05"></testcase>
		<testcase classname="crypto/rsa" name="TestEverything/219" time="0.02"></testcase>
		<testcase classname="crypto/rsa" name="TestEverything/220" time="0.01"></testcase>
		<testcase classname="crypto/rsa" name="TestEverything/221" time="0.07"></testcase>
		<testcase classname="crypto/rsa" name="TestEverything/222" time="0.02"></testcase>
		<testcase classname="crypto/rsa" name="TestEverything/223" time="0.01"></testcase>
		<testcase classname="crypto/rsa" name="TestEverything/224" time="0.01"></testcase>
		<testcase classname="crypto/rsa" name="TestEverything/225" time="0"></testcase>
		<testcase classname="crypto/rsa" name="TestEverything/226" time="0.02"></testcase>
		<testcase classname="crypto/rsa" name="TestEverything/227" time="0.01"></testcase>
		<testcase classname="crypto/rsa" name="TestEverything/228" time="0.05"></testcase>
		<testcase classname="crypto/rsa" name="TestEverything/229" time="0.01"></testcase>
		<testcase classname="crypto/rsa" name="TestEverything/230" time="0.02"></testcase>
		<testcase classname="crypto/rsa" name="TestEverything/231" time="0.04"></testcase>
		<testcase classname="crypto/rsa" name="TestEverything/232" time="0.19"></testcase>
		<testcase classname="crypto/rsa" name="TestEverything/233" time="0.01"></testcase>
		<testcase classname="crypto/rsa" name="TestEverything/234" time="0.08"></testcase>
		<testcase classname="crypto/rsa" name="TestEverything/235" time="0.01"></testcase>
		<testcase classname="crypto/rsa" name="TestEverything/236" time="0.01"></testcase>
		<testcase classname="crypto/rsa" name="TestEverything/237" time="0.01"></testcase>
		<testcase classname="crypto/rsa" name="TestEverything/238" time="0"></testcase>
		<testcase classname="crypto/rsa" name="TestEverything/239" time="0"></testcase>
		<testcase classname="crypto/rsa" name="TestEverything/240" time="0.01"></testcase>
		<testcase classname="crypto/rsa" name="TestEverything/241" time="0.08"></testcase>
		<testcase classname="crypto/rsa" name="TestEverything/242" time="0.01"></testcase>
		<testcase classname="crypto/rsa" name="TestEverything/243" time="0"></testcase>
		<testcase classname="crypto/rsa" name="TestEverything/244" time="0.01"></testcase>
		<testcase classname="crypto/rsa" name="TestEverything/245" time="0.01"></testcase>
		<testcase classname="crypto/rsa" name="TestEverything/246" time="0"></testcase>
		<testcase classname="crypto/rsa" name="TestEverything/247" time="0"></testcase>
		<testcase classname="crypto/rsa" name="TestEverything/248" time="0"></testcase>
		<testcase classname="crypto/rsa" name="TestEverything/249" time="0"></testcase>
		<testcase classname="crypto/rsa" name="TestEverything/250" time="0.01"></testcase>
		<testcase classname="crypto/rsa" name="TestEverything/251" time="0.01"></testcase>
		<testcase classname="crypto/rsa" name="TestEverything/252" time="0.01"></testcase>
		<testcase classname="crypto/rsa" name="TestEverything/253" time="0.09"></testcase>
		<testcase classname="crypto/rsa" name="TestEverything/254" time="0.07"></testcase>
		<testcase classname="crypto/rsa" name="TestEverything/255" time="0.1"></testcase>
		<testcase classname="crypto/rsa" name="TestEverything/256" time="0.01"></testcase>
		<testcase classname="crypto/rsa" name="TestEverything/257" time="0.01"></testcase>
		<testcase classname="crypto/rsa" name="TestEverything/258" time="0.09"></testcase>
		<testcase classname="crypto/rsa" name="TestEverything/259" time="0.01"></testcase>
		<testcase classname="crypto/rsa" name="TestEverything/260" time="0.01"></testcase>
		<testcase classname="crypto/rsa" name="TestEverything/261" time="0.02"></testcase>
		<testcase classname="crypto/rsa" name="TestEverything/262" time="0.01"></testcase>
		<testcase classname="crypto/rsa" name="TestEverything/263" time="0.01"></testcase>
		<testcase classname="crypto/rsa" name="TestEverything/264" time="0.02"></testcase>
		<testcase classname="crypto/rsa" name="TestEverything/265" time="0.01"></testcase>
		<testcase classname="crypto/rsa" name="TestEverything/266" time="0.01"></testcase>
		<testcase classname="crypto/rsa" name="TestEverything/267" time="0.02"></testcase>
		<testcase classname="crypto/rsa" name="TestEverything/268" time="0.01"></testcase>
		<testcase classname="crypto/rsa" name="TestEverything/269" time="0.03"></testcase>
		<testcase classname="crypto/rsa" name="TestEverything/270" time="0.04"></testcase>
		<testcase classname="crypto/rsa" name="TestEverything/271" time="0.01"></testcase>
		<testcase classname="crypto/rsa" name="TestEverything/272" time="0.03"></testcase>
		<testcase classname="crypto/rsa" name="TestEverything/273" time="0.05"></testcase>
		<testcase classname="crypto/rsa" name="TestEverything/274" time="0.12"></testcase>
		<testcase classname="crypto/rsa" name="TestEverything/275" time="0.01"></testcase>
		<testcase classname="crypto/rsa" name="TestEverything/276" time="0.02"></testcase>
		<testcase classname="crypto/rsa" name="TestEverything/277" time="0.01"></testcase>
		<testcase classname="crypto/rsa" name="TestEverything/278" time="0.02"></testcase>
		<testcase classname="crypto/rsa" name="TestEverything/279" time="0.01"></testcase>
		<testcase classname="crypto/rsa" name="TestEverything/280" time="0.01"></testcase>
		<testcase classname="crypto/rsa" name="TestEverything/281" time="0.02"></testcase>
		<testcase classname="crypto/rsa" name="TestEverything/282" time="0.01"></testcase>
		<testcase classname="crypto/rsa" name="TestEverything/283" time="0.05"></testcase>
		<testcase classname="crypto/rsa" name="TestEverything/284" time="0.03"></testcase>
		<testcase classname="crypto/rsa" name="TestEverything/285" time="0.01"></testcase>
		<testcase classname="crypto/rsa" name="TestEverything/286" time="0.01"></testcase>
		<testcase classname="crypto/rsa" name="TestEverything/287" time="0.01"></testcase>
		<testcase classname="crypto/rsa" name="TestEverything/288" time="0.01"></testcase>
		<testcase classname="crypto/rsa" name="TestEverything/289" time="0.11"></testcase>
		<testcase classname="crypto/rsa" name="TestEverything/290" time="0.01"></testcase>
		<testcase classname="crypto/rsa" name="TestEverything/291" time="0.01"></testcase>
		<testcase classname="crypto/rsa" name="TestEverything/292" time="0.02"></testcase>
		<testcase classname="crypto/rsa" name="TestEverything/293" time="0.01"></testcase>
		<testcase classname="crypto/rsa" name="TestEverything/294" time="0.03"></testcase>
		<testcase classname="crypto/rsa" name="TestEverything/295" time="0.02"></testcase>
		<testcase classname="crypto/rsa" name="TestEverything/296" time="0.03"></testcase>
		<testcase classname="crypto/rsa" name="TestEverything/297" time="0.03"></testcase>
		<testcase classname="crypto/rsa" name="TestEverything/298" time="0.03"></testcase>
		<testcase classname="crypto/rsa" name="TestEverything/299" time="0.1"></testcase>
		<testcase classname="crypto/rsa" name="TestEverything/300" time="0.03"></testcase>
		<testcase classname="crypto/rsa" name="TestEverything/301" time="0.03"></testcase>
		<testcase classname="crypto/rsa" name="TestEverything/302" time="0.04"></testcase>
		<testcase classname="crypto/rsa" name="TestEverything/303" time="0.01"></testcase>
		<testcase classname="crypto/rsa" name="TestEverything/304" time="0.09"></testcase>
		<testcase classname="crypto/rsa" name="TestEverything/305" time="0.01"></testcase>
		<testcase classname="crypto/rsa" name="TestEverything/306" time="0.02"></testcase>
		<testcase classname="crypto/rsa" name="TestEverything/307" time="0.02"></testcase>
		<testcase classname="crypto/rsa" name="TestEverything/308" time="0.02"></testcase>
		<testcase classname="crypto/rsa" name="TestEverything/309" time="0.02"></testcase>
		<testcase classname="crypto/rsa" name="TestEverything/310" time="0.01"></testcase>
		<testcase classname="crypto/rsa" name="TestEverything/311" time="0.04"></testcase>
		<testcase classname="crypto/rsa" name="TestEverything/312" time="0.02"></testcase>
		<testcase classname="crypto/rsa" name="TestEverything/313" time="0.02"></testcase>
		<testcase classname="crypto/rsa" name="TestEverything/314" time="0.01"></testcase>
		<testcase classname="crypto/rsa" name="TestEverything/315" time="0.02"></testcase>
		<testcase classname="crypto/rsa" name="TestEverything/316" time="0.03"></testcase>
		<testcase classname="crypto/rsa" name="TestEverything/317" time="0.03"></testcase>
		<testcase classname="crypto/rsa" name="TestEverything/318" time="0.07"></testcase>
		<testcase classname="crypto/rsa" name="TestEverything/319" time="0.07"></testcase>
		<testcase classname="crypto/rsa" name="TestEverything/320" time="0.08"></testcase>
		<testcase classname="crypto/rsa" name="TestEverything/321" time="0.09"></testcase>
		<testcase classname="crypto/rsa" name="TestEverything/322" time="0.01"></testcase>
		<testcase classname="crypto/rsa" name="TestEverything/323" time="0.02"></testcase>
		<testcase classname="crypto/rsa" name="TestEverything/324" time="0.04"></testcase>
		<testcase classname="crypto/rsa" name="TestEverything/325" time="0.01"></testcase>
		<testcase classname="crypto/rsa" name="TestEverything/326" time="0.05"></testcase>
		<testcase classname="crypto/rsa" name="TestEverything/327" time="0.05"></testcase>
		<testcase classname="crypto/rsa" name="TestEverything/328" time="0.02"></testcase>
		<testcase classname="crypto/rsa" name="TestEverything/329" time="0.02"></testcase>
		<testcase classname="crypto/rsa" name="TestEverything/330" time="0.02"></testcase>
		<testcase classname="crypto/rsa" name="TestEverything/331" time="0.01"></testcase>
		<testcase classname="crypto/rsa" name="TestEverything/332" time="0.01"></testcase>
		<testcase classname="crypto/rsa" name="TestEverything/333" time="0.01"></testcase>
		<testcase classname="crypto/rsa" name="TestEverything/334" time="0.04"></testcase>
		<testcase classname="crypto/rsa" name="TestEverything/335" time="0.01"></testcase>
		<testcase classname="crypto/rsa" name="TestEverything/336" time="0.02"></testcase>
		<testcase classname="crypto/rsa" name="TestEverything/337" time="0.02"></testcase>
		<testcase classname="crypto/rsa" name="TestEverything/338" time="0.03"></testcase>
		<testcase classname="crypto/rsa" name="TestEverything/339" time="0.02"></testcase>
		<testcase classname="crypto/rsa" name="TestEverything/340" time="0.01"></testcase>
		<testcase classname="crypto/rsa" name="TestEverything/341" time="0.02"></testcase>
		<testcase classname="crypto/rsa" name="TestEverything/342" time="0.01"></testcase>
		<testcase classname="crypto/rsa" name="TestEverything/343" time="0.01"></testcase>
		<testcase classname="crypto/rsa" name="TestEverything/344" time="0.01"></testcase>
		<testcase classname="crypto/rsa" name="TestEverything/345" time="0.01"></testcase>
		<testcase classname="crypto/rsa" name="TestEverything/346" time="0.03"></testcase>
		<testcase classname="crypto/rsa" name="TestEverything/347" time="0.02"></testcase>
		<testcase classname="crypto/rsa" name="TestEverything/348" time="0.01"></testcase>
		<testcase classname="crypto/rsa" name="TestEverything/349" time="0.01"></testcase>
		<testcase classname="crypto/rsa" name="TestEverything/350" time="0.08"></testcase>
		<testcase classname="crypto/rsa" name="TestEverything/351" time="0.08"></testcase>
		<testcase classname="crypto/rsa" name="TestEverything/352" time="0.06"></testcase>
		<testcase classname="crypto/rsa" name="TestEverything/353" time="0.08"></testcase>
		<testcase classname="crypto/rsa" name="TestEverything/354" time="0.08"></testcase>
		<testcase classname="crypto/rsa" name="TestEverything/355" time="0.01"></testcase>
		<testcase classname="crypto/rsa" name="TestEverything/356" time="0.08"></testcase>
		<testcase classname="crypto/rsa" name="TestEverything/357" time="0.03"></testcase>
		<testcase classname="crypto/rsa" name="TestEverything/358" time="0.03"></testcase>
		<testcase classname="crypto/rsa" name="TestEverything/359" time="0.03"></testcase>
		<testcase classname="crypto/rsa" name="TestEverything/360" time="0.04"></testcase>
		<testcase classname="crypto/rsa" name="TestEverything/361" time="0.02"></testcase>
		<testcase classname="crypto/rsa" name="TestEverything/362" time="0.03"></testcase>
		<testcase classname="crypto/rsa" name="TestEverything/363" time="0.01"></testcase>
		<testcase classname="crypto/rsa" name="TestEverything/364" time="0.09"></testcase>
		<testcase classname="crypto/rsa" name="TestEverything/365" time="0.06"></testcase>
		<testcase classname="crypto/rsa" name="TestEverything/366" time="0.02"></testcase>
		<testcase classname="crypto/rsa" name="TestEverything/367" time="0.01"></testcase>
		<testcase classname="crypto/rsa" name="TestEverything/368" time="0.01"></testcase>
		<testcase classname="crypto/rsa" name="TestEverything/369" time="0.05"></testcase>
		<testcase classname="crypto/rsa" name="TestEverything/370" time="0.03"></testcase>
		<testcase classname="crypto/rsa" name="TestEverything/371" time="0.01"></testcase>
		<testcase classname="crypto/rsa" name="TestEverything/372" time="0.01"></testcase>
		<testcase classname="crypto/rsa" name="TestEverything/373" time="0.06"></testcase>
		<testcase classname="crypto/rsa" name="TestEverything/374" time="0.01"></testcase>
		<testcase classname="crypto/rsa" name="TestEverything/375" time="0.05"></testcase>
		<testcase classname="crypto/rsa" name="TestEverything/376" time="0.01"></testcase>
		<testcase classname="crypto/rsa" name="TestEverything/377" time="0.01"></testcase>
		<testcase classname="crypto/rsa" name="TestEverything/378" time="0.02"></testcase>
		<testcase classname="crypto/rsa" name="TestEverything/379" time="0.08"></testcase>
		<testcase classname="crypto/rsa" name="TestEverything/380" time="0.03"></testcase>
		<testcase classname="crypto/rsa" name="TestEverything/381" time="0.01"></testcase>
		<testcase classname="crypto/rsa" name="TestEverything/382" time="0.08"></testcase>
		<testcase classname="crypto/rsa" name="TestEverything/383" time="0.08"></testcase>
		<testcase classname="crypto/rsa" name="TestEverything/384" time="0.08"></testcase>
		<testcase classname="crypto/rsa" name="TestEverything/385" time="0.09"></testcase>
		<testcase classname="crypto/rsa" name="TestEverything/386" time="0.01"></testcase>
		<testcase classname="crypto/rsa" name="TestEverything/387" time="0.02"></testcase>
		<testcase classname="crypto/rsa" name="TestEverything/388" time="0.14"></testcase>
		<testcase classname="crypto/rsa" name="TestEverything/389" time="0.01"></testcase>
		<testcase classname="crypto/rsa" name="TestEverything/390" time="0.01"></testcase>
		<testcase classname="crypto/rsa" name="TestEverything/391" time="0.13"></testcase>
		<testcase classname="crypto/rsa" name="TestEverything/392" time="0.12"></testcase>
		<testcase classname="crypto/rsa" name="TestEverything/393" time="0.02"></testcase>
		<testcase classname="crypto/rsa" name="TestEverything/394" time="0.12"></testcase>
		<testcase classname="crypto/rsa" name="TestEverything/395" time="0.02"></testcase>
		<testcase classname="crypto/rsa" name="TestEverything/396" time="0.12"></testcase>
		<testcase classname="crypto/rsa" name="TestEverything/397" time="0.03"></testcase>
		<testcase classname="crypto/rsa" name="TestEverything/398" time="0.02"></testcase>
		<testcase classname="crypto/rsa" name="TestEverything/399" time="0.02"></testcase>
		<testcase classname="crypto/rsa" name="TestEverything/400" time="0.05"></testcase>
		<testcase classname="crypto/rsa" name="TestEverything/401" time="0.03"></testcase>
		<testcase classname="crypto/rsa" name="TestEverything/402" time="0.09"></testcase>
		<testcase classname="crypto/rsa" name="TestEverything/403" time="0.01"></testcase>
		<testcase classname="crypto/rsa" name="TestEverything/404" time="0.05"></testcase>
		<testcase classname="crypto/rsa" name="TestEverything/405" time="0.04"></testcase>
		<testcase classname="crypto/rsa" name="TestEverything/406" time="0.06"></testcase>
		<testcase classname="crypto/rsa" name="TestEverything/407" time="0.06"></testcase>
		<testcase classname="crypto/rsa" name="TestEverything/408" time="0.02"></testcase>
		<testcase classname="crypto/rsa" name="TestEverything/409" time="0.04"></testcase>
		<testcase classname="crypto/rsa" name="TestEverything/410" time="0.1"></testcase>
		<testcase classname="crypto/rsa" name="TestEverything/411" time="0.35"></testcase>
		<testcase classname="crypto/rsa" name="TestEverything/412" time="0.03"></testcase>
		<testcase classname="crypto/rsa" name="TestEverything/413" time="0.1"></testcase>
		<testcase classname="crypto/rsa" name="TestEverything/414" time="0.06"></testcase>
		<testcase classname="crypto/rsa" name="TestEverything/415" time="0.06"></testcase>
		<testcase classname="crypto/rsa" name="TestEverything/416" time="0.02"></testcase>
		<testcase classname="crypto/rsa" name="TestEverything/417" time="0.07"></testcase>
		<testcase classname="crypto/rsa" name="TestEverything/418" time="0.06"></testcase>
		<testcase classname="crypto/rsa" name="TestEverything/419" time="0.04"></testcase>
		<testcase classname="crypto/rsa" name="TestEverything/420" time="0.03"></testcase>
		<testcase classname="crypto/rsa" name="TestEverything/421" time="0.02"></testcase>
		<testcase classname="crypto/rsa" name="TestEverything/422" time="0.01"></testcase>
		<testcase classname="crypto/rsa" name="TestEverything/423" time="0.03"></testcase>
		<testcase classname="crypto/rsa" name="TestEverything/424" time="0.05"></testcase>
		<testcase classname="crypto/rsa" name="TestEverything/425" time="0.07"></testcase>
		<testcase classname="crypto/rsa" name="TestEverything/426" time="0.12"></testcase>
		<testcase classname="crypto/rsa" name="TestEverything/427" time="0.08"></testcase>
		<testcase classname="crypto/rsa" name="TestEverything/428" time="0.02"></testcase>
		<testcase classname="crypto/rsa" name="TestEverything/429" time="0.18"></testcase>
		<testcase classname="crypto/rsa" name="TestEverything/430" time="0.17"></testcase>
		<testcase classname="crypto/rsa" name="TestEverything/431" time="0.09"></testcase>
		<testcase classname="crypto/rsa" name="TestEverything/432" time="0.4"></testcase>
		<testcase classname="crypto/rsa" name="TestEverything/433" time="0.05"></testcase>
		<testcase classname="crypto/rsa" name="TestEverything/434" time="0.23"></testcase>
		<testcase classname="crypto/rsa" name="TestEverything/435" time="0.13"></testcase>
		<testcase classname="crypto/rsa" name="TestEverything/436" time="0.03"></testcase>
		<testcase classname="crypto/rsa" name="TestEverything/437" time="0.01"></testcase>
		<testcase classname="crypto/rsa" name="TestEverything/438" time="0.05"></testcase>
		<testcase classname="crypto/rsa" name="TestEverything/439" time="0.03"></testcase>
		<testcase classname="crypto/rsa" name="TestEverything/440" time="0.03"></testcase>
		<testcase classname="crypto/rsa" name="TestEverything/441" time="0.08"></testcase>
		<testcase classname="crypto/rsa" name="TestEverything/442" time="0.03"></testcase>
		<testcase classname="crypto/rsa" name="TestEverything/443" time="0.08"></testcase>
		<testcase classname="crypto/rsa" name="TestEverything/444" time="0.06"></testcase>
		<testcase classname="crypto/rsa" name="TestEverything/445" time="0.05"></testcase>
		<testcase classname="crypto/rsa" name="TestEverything/446" time="0.06"></testcase>
		<testcase classname="crypto/rsa" name="TestEverything/447" time="0.08"></testcase>
		<testcase classname="crypto/rsa" name="TestEverything/448" time="0.2"></testcase>
		<testcase classname="crypto/rsa" name="TestEverything/449" time="0.1"></testcase>
		<testcase classname="crypto/rsa" name="TestEverything/450" time="0.08"></testcase>
		<testcase classname="crypto/rsa" name="TestEverything/451" time="0.08"></testcase>
		<testcase classname="crypto/rsa" name="TestEverything/452" time="0.07"></testcase>
		<testcase classname="crypto/rsa" name="TestEverything/453" time="0.02"></testcase>
		<testcase classname="crypto/rsa" name="TestEverything/454" time="0.08"></testcase>
		<testcase classname="crypto/rsa" name="TestEverything/455" time="0.08"></testcase>
		<testcase classname="crypto/rsa" name="TestEverything/456" time="0.02"></testcase>
		<testcase classname="crypto/rsa" name="TestEverything/457" time="0.05"></testcase>
		<testcase classname="crypto/rsa" name="TestEverything/458" time="0.08"></testcase>
		<testcase classname="crypto/rsa" name="TestEverything/459" time="0.1"></testcase>
		<testcase classname="crypto/rsa" name="TestEverything/460" time="0.04"></testcase>
		<testcase classname="crypto/rsa" name="TestEverything/461" time="0.15"></testcase>
		<testcase classname="crypto/rsa" name="TestEverything/462" time="0.16"></testcase>
		<testcase classname="crypto/rsa" name="TestEverything/463" time="0.03"></testcase>
		<testcase classname="crypto/rsa" name="TestEverything/464" time="0.09"></testcase>
		<testcase classname="crypto/rsa" name="TestEverything/465" time="0.04"></testcase>
		<testcase classname="crypto/rsa" name="TestEverything/466" time="0.08"></testcase>
		<testcase classname="crypto/rsa" name="TestEverything/467" time="0.13"></testcase>
		<testcase classname="crypto/rsa" name="TestEverything/468" time="0.05"></testcase>
		<testcase classname="crypto/rsa" name="TestEverything/469" time="0.06"></testcase>
		<testcase classname="crypto/rsa" name="TestEverything/470" time="0.08"></testcase>
		<testcase classname="crypto/rsa" name="TestEverything/471" time="0.06"></testcase>
		<testcase classname="crypto/rsa" name="TestEverything/472" time="0.02"></testcase>
		<testcase classname="crypto/rsa" name="TestEverything/473" time="0.03"></testcase>
		<testcase classname="crypto/rsa" name="TestEverything/474" time="0.15"></testcase>
		<testcase classname="crypto/rsa" name="TestEverything/475" time="0.02"></testcase>
		<testcase classname="crypto/rsa" name="TestEverything/476" time="0.03"></testcase>
		<testcase classname="crypto/rsa" name="TestEverything/477" time="0.01"></testcase>
		<testcase classname="crypto/rsa" name="TestEverything/478" time="0.06"></testcase>
		<testcase classname="crypto/rsa" name="TestEverything/479" time="0.05"></testcase>
		<testcase classname="crypto/rsa" name="TestEverything/480" time="0.03"></testcase>
		<testcase classname="crypto/rsa" name="TestEverything/481" time="0.17"></testcase>
		<testcase classname="crypto/rsa" name="TestEverything/482" time="0.17"></testcase>
		<testcase classname="crypto/rsa" name="TestEverything/483" time="0.18"></testcase>
		<testcase classname="crypto/rsa" name="TestEverything/484" time="0.05"></testcase>
		<testcase classname="crypto/rsa" name="TestEverything/485" time="0.03"></testcase>
		<testcase classname="crypto/rsa" name="TestEverything/486" time="0.02"></testcase>
		<testcase classname="crypto/rsa" name="TestEverything/487" time="0.14"></testcase>
		<testcase classname="crypto/rsa" name="TestEverything/488" time="0.16"></testcase>
		<testcase classname="crypto/rsa" name="TestEverything/489" time="0.18"></testcase>
		<testcase classname="crypto/rsa" name="TestEverything/490" time="0.15"></testcase>
		<testcase classname="crypto/rsa" name="TestEverything/491" time="0.06"></testcase>
		<testcase classname="crypto/rsa" name="TestEverything/492" time="0.02"></testcase>
		<testcase classname="crypto/rsa" name="TestEverything/493" time="0.03"></testcase>
		<testcase classname="crypto/rsa" name="TestEverything/494" time="0.04"></testcase>
		<testcase classname="crypto/rsa" name="TestEverything/495" time="0.02"></testcase>
		<testcase classname="crypto/rsa" name="TestEverything/496" time="0.06"></testcase>
		<testcase classname="crypto/rsa" name="TestEverything/497" time="0.02"></testcase>
		<testcase classname="crypto/rsa" name="TestEverything/498" time="0.04"></testcase>
		<testcase classname="crypto/rsa" name="TestEverything/499" time="0.02"></testcase>
		<testcase classname="crypto/rsa" name="TestEverything/500" time="0.04"></testcase>
		<testcase classname="crypto/rsa" name="TestEverything/501" time="0.09"></testcase>
		<testcase classname="crypto/rsa" name="TestEverything/502" time="0.09"></testcase>
		<testcase classname="crypto/rsa" name="TestEverything/503" time="0.09"></testcase>
		<testcase classname="crypto/rsa" name="TestEverything/504" time="0.07"></testcase>
		<testcase classname="crypto/rsa" name="TestEverything/505" time="0.12"></testcase>
		<testcase classname="crypto/rsa" name="TestEverything/506" time="0.1"></testcase>
		<testcase classname="crypto/rsa" name="TestEverything/507" time="0.02"></testcase>
		<testcase classname="crypto/rsa" name="TestEverything/508" time="0.11"></testcase>
		<testcase classname="crypto/rsa" name="TestEverything/509" time="0.05"></testcase>
		<testcase classname="crypto/rsa" name="TestEverything/510" time="0.04"></testcase>
		<testcase classname="crypto/rsa" name="TestEverything/511" time="0.03"></testcase>
		<testcase classname="crypto/rsa" name="TestEverything/512" time="0.05"></testcase>
		<testcase classname="crypto/rsa" name="TestEverything/513" time="0.03"></testcase>
		<testcase classname="crypto/rsa" name="TestEverything/514" time="0.03"></testcase>
		<testcase classname="crypto/rsa" name="TestEverything/515" time="0.05"></testcase>
		<testcase classname="crypto/rsa" name="TestEverything/516" time="0.23"></testcase>
		<testcase classname="crypto/rsa" name="TestEverything/517" time="0.24"></testcase>
		<testcase classname="crypto/rsa" name="TestEverything/518" time="0.1"></testcase>
		<testcase classname="crypto/rsa" name="TestEverything/519" time="0.02"></testcase>
		<testcase classname="crypto/rsa" name="TestEverything/520" time="0.06"></testcase>
		<testcase classname="crypto/rsa" name="TestEverything/521" time="0.08"></testcase>
		<testcase classname="crypto/rsa" name="TestEverything/522" time="0.04"></testcase>
		<testcase classname="crypto/rsa" name="TestEverything/523" time="0.06"></testcase>
		<testcase classname="crypto/rsa" name="TestEverything/524" time="0.14"></testcase>
		<testcase classname="crypto/rsa" name="TestEverything/525" time="0.08"></testcase>
		<testcase classname="crypto/rsa" name="TestEverything/526" time="0.04"></testcase>
		<testcase classname="crypto/rsa" name="TestEverything/527" time="0.1"></testcase>
		<testcase classname="crypto/rsa" name="TestEverything/528" time="0.05"></testcase>
		<testcase classname="crypto/rsa" name="TestEverything/529" time="0.03"></testcase>
		<testcase classname="crypto/rsa" name="TestEverything/530" time="0.06"></testcase>
		<testcase classname="crypto/rsa" name="TestEverything/531" time="0.03"></testcase>
		<testcase classname="crypto/rsa" name="TestEverything/532" time="0.04"></testcase>
		<testcase classname="crypto/rsa" name="TestEverything/533" time="0.07"></testcase>
		<testcase classname="crypto/rsa" name="TestEverything/534" time="0.02"></testcase>
		<testcase classname="crypto/rsa" name="TestEverything/535" time="0.07"></testcase>
		<testcase classname="crypto/rsa" name="TestEverything/536" time="0.04"></testcase>
		<testcase classname="crypto/rsa" name="TestEverything/537" time="0.19"></testcase>
		<testcase classname="crypto/rsa" name="TestEverything/538" time="0.36"></testcase>
		<testcase classname="crypto/rsa" name="TestEverything/539" time="0.04"></testcase>
		<testcase classname="crypto/rsa" name="TestEverything/540" time="0.37"></testcase>
		<testcase classname="crypto/rsa" name="TestEverything/541" time="0.42"></testcase>
		<testcase classname="crypto/rsa" name="TestEverything/542" time="0.18"></testcase>
		<testcase classname="crypto/rsa" name="TestEverything/543" time="0.24"></testcase>
		<testcase classname="crypto/rsa" name="TestEverything/544" time="0.07"></testcase>
		<testcase classname="crypto/rsa" name="TestEverything/545" time="0.07"></testcase>
		<testcase classname="crypto/rsa" name="TestEverything/546" time="0.06"></testcase>
		<testcase classname="crypto/rsa" name="TestEverything/547" time="0.09"></testcase>
		<testcase classname="crypto/rsa" name="TestEverything/548" time="0.13"></testcase>
		<testcase classname="crypto/rsa" name="TestEverything/549" time="0.12"></testcase>
		<testcase classname="crypto/rsa" name="TestEverything/550" time="0.03"></testcase>
		<testcase classname="crypto/rsa" name="TestEverything/551" time="0.02"></testcase>
		<testcase classname="crypto/rsa" name="TestEverything/552" time="0.09"></testcase>
		<testcase classname="crypto/rsa" name="TestEverything/553" time="0.18"></testcase>
		<testcase classname="crypto/rsa" name="TestEverything/554" time="0.11"></testcase>
		<testcase classname="crypto/rsa" name="TestEverything/555" time="0.3"></testcase>
		<testcase classname="crypto/rsa" name="TestEverything/556" time="0.02"></testcase>
		<testcase classname="crypto/rsa" name="TestEverything/557" time="0.25"></testcase>
		<testcase classname="crypto/rsa" name="TestEverything/558" time="0.18"></testcase>
		<testcase classname="crypto/rsa" name="TestEverything/559" time="0.28"></testcase>
		<testcase classname="crypto/rsa" name="TestEverything/560" time="0.11"></testcase>
		<testcase classname="crypto/rsa" name="TestKeyTooSmall" time="0"></testcase>
		<testcase classname="crypto/rsa" name="TestEncryptOAEP" time="0"></testcase>
		<testcase classname="crypto/rsa" name="TestDecryptOAEP" time="0.04"></testcase>
		<testcase classname="crypto/rsa" name="Test2DecryptOAEP" time="0"></testcase>
		<testcase classname="crypto/rsa" name="TestEncryptDecryptOAEP" time="0.02"></testcase>
		<testcase classname="crypto/rsa" name="TestPSmallerThanQ" time="0"></testcase>
	</testsuite>
	<testsuite name="crypto/sha1" tests="15" failures="1" skipped="0" time="1.02" timestamp="2025-02-07T17:24:43+01:00">
		<testcase classname="crypto/sha1" name="TestGolden" time="0">
			<failure message="failed"><![CDATA[sha1_test.go:68: Sum function: sha1() = da39a3ee5e6b4b0d3255bfef95601890afd80709 want da39a3ee5e6b4b0d3255bfe95601890afd80709]]></failure>
		</testcase>
		<testcase classname="crypto/sha1" name="TestGoldenMarshal" time="0"></testcase>
		<testcase classname="crypto/sha1" name="TestSize" time="0"></testcase>
		<testcase classname="crypto/sha1" name="TestBlockSize" time="0"></testcase>
		<testcase classname="crypto/sha1" name="TestBlockGeneric" time="0"></testcase>
		<testcase classname="crypto/sha1" name="TestLargeHashes" time="0"></testcase>
		<testcase classname="crypto/sha1" name="TestAllocations" time="0"></testcase>
		<testcase classname="crypto/sha1" name="TestSHA1Hash" time="0"></testcase>
		<testcase classname="crypto/sha1" name="TestSHA1Hash/SumAppend" time="0"></testcase>
		<testcase classname="crypto/sha1" name="TestSHA1Hash/WriteWithoutError" time="0"></testcase>
		<testcase classname="crypto/sha1" name="TestSHA1Hash/ResetState" time="0"></testcase>
		<testcase classname="crypto/sha1" name="TestSHA1Hash/OutOfBoundsRead" time="0"></testcase>
		<testcase classname="crypto/sha1" name="TestSHA1Hash/StatefulWrite" time="0"></testcase>
		<testcase classname="crypto/sha1" name="ExampleNew" time="0"></testcase>
		<testcase classname="crypto/sha1" name="ExampleSum" time="0"></testcase>
	</testsuite>
	<testsuite name="crypto/sha256" tests="49" failures="0" skipped="4" time="0.003" timestamp="2025-02-07T17:24:43+01:00">
		<testcase classname="crypto/sha256" name="TestGolden" time="0"></testcase>
		<testcase classname="crypto/sha256" name="TestGolden/AVX2" time="0"></testcase>
		<testcase classname="crypto/sha256" name="TestGolden/SHA-NI" time="0">
			<skipped message="skipped"><![CDATA[implementations.go:49: implementation not supported]]></skipped>
		</testcase>
		<testcase classname="crypto/sha256" name="TestGolden/Base" time="0"></testcase>
		<testcase classname="crypto/sha256" name="TestGoldenMarshal" time="0"></testcase>
		<testcase classname="crypto/sha256" name="TestGoldenMarshal/AVX2" time="0"></testcase>
		<testcase classname="crypto/sha256" name="TestGoldenMarshal/AVX2/256" time="0"></testcase>
		<testcase classname="crypto/sha256" name="TestGoldenMarshal/AVX2/224" time="0"></testcase>
		<testcase classname="crypto/sha256" name="TestGoldenMarshal/SHA-NI" time="0">
			<skipped message="skipped"><![CDATA[implementations.go:49: implementation not supported]]></skipped>
		</testcase>
		<testcase classname="crypto/sha256" name="TestGoldenMarshal/Base" time="0"></testcase>
		<testcase classname="crypto/sha256" name="TestGoldenMarshal/Base/256" time="0"></testcase>
		<testcase classname="crypto/sha256" name="TestGoldenMarshal/Base/224" time="0"></testcase>
		<testcase classname="crypto/sha256" name="TestMarshalTypeMismatch" time="0"></testcase>
		<testcase classname="crypto/sha256" name="TestSize" time="0"></testcase>
		<testcase classname="crypto/sha256" name="TestBlockSize" time="0"></testcase>
		<testcase classname="crypto/sha256" name="TestLargeHashes" time="0"></testcase>
		<testcase classname="crypto/sha256" name="TestAllocations" time="0"></testcase>
		<testcase classname="crypto/sha256" name="TestCgo" time="0"></testcase>
		<testcase classname="crypto/sha256" name="TestHash" time="0.01"></testcase>
		<testcase classname="crypto/sha256" name="TestHash/SHA-224" time="0"></testcase>
		<testcase classname="crypto/sha256" name="TestHash/SHA-224/AVX2" time="0"></testcase>
		<testcase classname="crypto/sha256" name="TestHash/SHA-224/AVX2/SumAppend" time="0"></testcase>
		<testcase classname="crypto/sha256" name="TestHash/SHA-224/AVX2/WriteWithoutError" time="0"></testcase>
		<testcase classname="crypto/sha256" name="TestHash/SHA-224/AVX2/ResetState" time="0"></testcase>
		<testcase classname="crypto/sha256" name="TestHash/SHA-224/AVX2/OutOfBoundsRead" time="0"></testcase>
		<testcase classname="crypto/sha256" name="TestHash/SHA-224/AVX2/StatefulWrite" time="0"></testcase>
		<testcase classname="crypto/sha256" name="TestHash/SHA-224/SHA-NI" time="0">
			<skipped message="skipped"><![CDATA[implementations.go:49: implementation not supported]]></skipped>
		</testcase>
		<testcase classname="crypto/sha256" name="TestHash/SHA-224/Base" time="0"></testcase>
		<testcase classname="crypto/sha256" name="TestHash/SHA-224/Base/SumAppend" time="0"></testcase>
		<testcase classname="crypto/sha256" name="TestHash/SHA-224/Base/WriteWithoutError" time="0"></testcase>
		<testcase classname="crypto/sha256" name="TestHash/SHA-224/Base/ResetState" time="0"></testcase>
		<testcase classname="crypto/sha256" name="TestHash/SHA-224/Base/OutOfBoundsRead" time="0"></testcase>
		<testcase classname="crypto/sha256" name="TestHash/SHA-224/Base/StatefulWrite" time="0"></testcase>
		<testcase classname="crypto/sha256" name="TestHash/SHA-256" time="0"></testcase>
		<testcase classname="crypto/sha256" name="TestHash/SHA-256/AVX2" time="0"></testcase>
		<testcase classname="crypto/sha256" name="TestHash/SHA-256/AVX2/SumAppend" time="0"></testcase>
		<testcase classname="crypto/sha256" name="TestHash/SHA-256/AVX2/WriteWithoutError" time="0"></testcase>
		<testcase classname="crypto/sha256" name="TestHash/SHA-256/AVX2/ResetState" time="0"></testcase>
		<testcase classname="crypto/sha256" name="TestHash/SHA-256/AVX2/OutOfBoundsRead" time="0"></testcase>
		<testcase classname="crypto/sha256" name="TestHash/SHA-256/AVX2/StatefulWrite" time="0"></testcase>
		<testcase classname="crypto/sha256" name="TestHash/SHA-256/SHA-NI" time="0">
			<skipped message="skipped"><![CDATA[implementations.go:49: implementation not supported]]></skipped>
		</testcase>
		<testcase classname="crypto/sha256" name="TestHash/SHA-256/Base" time="0"></testcase>
		<testcase classname="crypto/sha256" name="TestHash/SHA-256/Base/SumAppend" time="0"></testcase>
		<testcase classname="crypto/sha256" name="TestHash/SHA-256/Base/WriteWithoutError" time="0"></testcase>
		<testcase classname="crypto/sha256" name="TestHash/SHA-256/Base/ResetState" time="0"></testcase>
		<testcase classname="crypto/sha256" name="TestHash/SHA-256/Base/OutOfBoundsRead" time="0"></testcase>
		<testcase classname="crypto/sha256" name="TestHash/SHA-256/Base/StatefulWrite" time="0"></testcase>
		<testcase classname="crypto/sha256" name="ExampleSum256" time="0"></testcase>
		<testcase classname="crypto/sha256" name="ExampleNew" time="0"></testcase>
	</testsuite>
	<testsuite name="crypto/mlkem" tests="8" failures="0" skipped="0" time="0.001" timestamp="2025-02-07T17:24:43+01:00">
		<testcase classname="crypto/mlkem" name="TestRoundTrip" time="0.01"></testcase>
		<testcase classname="crypto/mlkem" name="TestRoundTrip/768" time="0"></testcase>
		<testcase classname="crypto/mlkem" name="TestRoundTrip/1024" time="0"></testcase>
		<testcase classname="crypto/mlkem" name="TestBadLengths" time="0.96"></testcase>
		<testcase classname="crypto/mlkem" name="TestBadLengths/768" time="0.05"></testcase>
		<testcase classname="crypto/mlkem" name="TestBadLengths/1024" time="0.91"></testcase>
		<testcase classname="crypto/mlkem" name="TestAccumulated" time="16.34"></testcase>
		<testcase classname="crypto/mlkem" name="TestConstantSizes" time="0"></testcase>
	</testsuite>
</testsuites>