<?xml version="1.0" encoding="UTF-8"?>
<testsuites>
<testsuite name="cmd/go" tests="2" failures="2" skipped="0" time="0.011" timestamp="2025-02-07T14:43:16+01:00">
	<system-out><![CDATA[FAIL]]></system-out>
	<testcase classname="cmd/go" name="TestLongLine" time="1.23">
		<failure message="failed"><![CDATA[short line
PATH=xxxxxxxxxxxxxxxxxxxxxxxxxxxxxxxxxxxxxxxxxxxxxxxxxxxxxxxxxxxxxxxxxxxxxxxxxxxxxxxxxxxxxxxxxxxxxxxxxxxxxxxxxxxxxxxxxxxxxxxxxxxxxxxxxxxxxxxxxxxxxxxxxxxxxxxxxxxxxxxxxxxxxxxxxxxxxxxxxxxxxxxxxxxxxxxxxxxxxxxxxxxxxxxxxxxxxxxxxxxxxxxxxxxxxxxxxxxxxxxxxxxxxxxxxxxxxxxxxxxxxxxxxxxxxxxxxxxxxxxxxxxxxxxxxxxxxxxxxxxxxxxxxxxxxxxxxxxxxxxxxxxxxxxxxxxxxxxxxxxxxxxxxxxxxxxxxxxxxxxxxxxxxxxxxxxxxxxxxxxxxxxxxxxxxxxxxxxxxxxxxxxxxxxxxxxxxxxxxxxxxxxxxxxxxxxxxxxxxxxxxxxxxxxxxxxxxxxxxxxxxxxxxxxxxxxxxxxxxxxxxxxxxxxxxxxxxxxxxxxx
end]]></failure>
	</testcase>
	<testcase classname="cmd/go" name="TestLongOutput" time="2.34">
		<failure message="failed"><![CDATA[line 000: aaaaaaaaaaaaaaaaaaaaaaaaa
line 001: aaaaaaaaaaaaaaaaaaaaaaaaa
line 002: aaaaaaaaaaaaaaaaaaaaaaaaa
line 003: aaaaaaaaaaaaaaaaaaaaaaaaa
line 004: aaaaaaaaaaaaaaaaaaaaaaaaa
line 005: aaaaaaaaaaaaaaaaaaaaaaaaa
line 006: aaaaaaaaaaaaaaaaaaaaaaaaa
line 007: aaaaaaaaaaaaaaaaaaaaaaaaa
line 008: aaaaaaaaaaaaaaaaaaaaaaaaa
line 009: aaaaaaaaaaaaaaaaaaaaaaaaa
line 010: aaaaaaaaaaaaaaaaaaaaaaaaa
line 011: aaaaaaaaaaaaaaaaaaaaaaaaa
line 012: aaaaaaaaaaaaaaaaaaaaaaaaa
line 013: aaaaaaaaaaaaaaaaaaaaaaaaa
line 014: aaaaaaaaaaaaaaaaaaaaaaaaa
line 015: aaaaaaaaaaaaaaaaaaaaaaaaa
line 016: aaaaaaaaaaaaaaaaaaaaaaaaa
line 017: aaaaaaaaaaaaaaaaaaaaaaaaa
line 018: aaaaaaaaaaaaaaaaaaaaaaaaa
line 019: aaaaaaaaaaaaaaaaaaaaaaaaa
line 020: aaaaaaaaaaaaaaaaaaaaaaaaa
line 021: aaaaaaaaaaaaaaaaaaaaaaaaa
line 022: aaaaaaaaaaaaaaaaaaaaaaaaa
line 023: aaaaaaaaaaaaaaaaaaaaaaaaa
line 024: aaaaaaaaaaaaaaaaaaaaaaaaa
line 025: aaaaaaaaaaaaaaaaaaaaaaaaa
line 026: aaaaaaaaaaaaaaaaaaaaaaaaa
line 027: aaaaaaaaaaaaaaaaaaaaaaaaa
line 028: aaaaaaaaaaaaaaaaaaaaaaaaa
line 029: aaaaaaaaaaaaaaaaaaaaaaaaa
line 030: aaaaaaaaaaaaaaaaaaaaaaaaa
line 031: aaaaaaaaaaaaaaaaaaaaaaaaa
line 032: aaaaaaaaaaaaaaaaaaaaaaaaa
line 033: aaaaaaaaaaaaaaaaaaaaaaaaa
line 034: aaaaaaaaaaaaaaaaaaaaaaaaa
line 035: aaaaaaaaaaaaaaaaaaaaaaaaa
line 036: aaaaaaaaaaaaaaaaaaaaaaaaa
line 037: aaaaaaaaaaaaaaaaaaaaaaaaa
line 038: aaaaaaaaaaaaaaaaaaaaaaaaa
line 039: aaaaaaaaaaaaaaaaaaaaaaaaa
line 040: aaaaaaaaaaaaaaaaaaaaaaaaa
line 041: aaaaaaaaaaaaaaaaaaaaaaaaa
line 042: aaaaaaaaaaaaaaaaaaaaaaaaa
line 043: aaaaaaaaaaaaaaaaaaaaaaaaa
line 044: aaaaaaaaaaaaaaaaaaaaaaaaa
line 045: aaaaaaaaaaaaaaaaaaaaaaaaa
line 046: aaaaaaaaaaaaaaaaaaaaaaaaa
line 047: aaaaaaaaaaaaaaaaaaaaaaaaa
line 048: aaaaaaaaaaaaaaaaaaaaaaaaa
line 049: aaaaaaaaaaaaaaaaaaaaaaaaa
line 050: aaaaaaaaaaaaaaaaaaaaaaaaa
line 051: aaaaaaaaaaaaaaaaaaaaaaaaa
line 052: aaaaaaaaaaaaaaaaaaaaaaaaa
line 053: aaaaaaaaaaaaaaaaaaaaaaaaa
line 054: aaaaaaaaaaaaaaaaaaaaaaaaa
line 055: aaaaaaaaaaaaaaaaaaaaaaaaa
line 056: aaaaaaaaaaaaaaaaaaaaaaaaa
line 057: aaaaaaaaaaaaaaaaaaaaaaaaa
line 058: aaaaaaaaaaaaaaaaaaaaaaaaa
line 059: aaaaaaaaaaaaaaaaaaaaaaaaa
line 060: aaaaaaaaaaaaaaaaaaaaaaaaa
line 061: aaaaaaaaaaaaaaaaaaaaaaaaa
line 062: aaaaaaaaaaaaaaaaaaaaaaaaa
line 063: aaaaaaaaaaaaaaaaaaaaaaaaa
line 064: aaaaaaaaaaaaaaaaaaaaaaaaa
line 065: aaaaaaaaaaaaaaaaaaaaaaaaa
line 066: aaaaaaaaaaaaaaaaaaaaaaaaa
line 067: aaaaaaaaaaaaaaaaaaaaaaaaa
line 068: aaaaaaaaaaaaaaaaaaaaaaaaa
line 069: aaaaaaaaaaaaaaaaaaaaaaaaa
line 070: aaaaaaaaaaaaaaaaaaaaaaaaa
line 071: aaaaaaaaaaaaaaaaaaaaaaaaa
line 072: aaaaaaaaaaaaaaaaaaaaaaaaa
line 073: aaaaaaaaaaaaaaaaaaaaaaaaa
line 074: aaaaaaaaaaaaaaaaaaaaaaaaa
line 075: aaaaaaaaaaaaaaaaaaaaaaaaa
line 076: aaaaaaaaaaaaaaaaaaaaaaaaa
line 077: aaaaaaaaaaaaaaaaaaaaaaaaa
line 078: aaaaaaaaaaaaaaaaaaaaaaaaa
line 079: aaaaaaaaaaaaaaaaaaaaaaaaa
line 080: aaaaaaaaaaaaaaaaaaaaaaaaa
line 081: aaaaaaaaaaaaaaaaaaaaaaaaa
line 082: aaaaaaaaaaaaaaaaaaaaaaaaa
line 083: aaaaaaaaaaaaaaaaaaaaaaaaa
line 084: aaaaaaaaaaaaaaaaaaaaaaaaa
line 085: aaaaaaaaaaaaaaaaaaaaaaaaa
line 086: aaaaaaaaaaaaaaaaaaaaaaaaa
line 087: aaaaaaaaaaaaaaaaaaaaaaaaa
line 088: aaaaaaaaaaaaaaaaaaaaaaaaa
line 089: aaaaaaaaaaaaaaaaaaaaaaaaa
line 090: aaaaaaaaaaaaaaaaaaaaaaaaa
line 091: aaaaaaaaaaaaaaaaaaaaaaaaa
line 092: aaaaaaaaaaaaaaaaaaaaaaaaa
line 093: aaaaaaaaaaaaaaaaaaaaaaaaa
line 094: aaaaaaaaaaaaaaaaaaaaaaaaa
line 095: aaaaaaaaaaaaaaaaaaaaaaaaa
line 096: aaaaaaaaaaaaaaaaaaaaaaaaa
line 097: aaaaaaaaaaaaaaaaaaaaaaaaa
line 098: aaaaaaaaaaaaaaaaaaaaaaaaa
line 099: aaaaaaaaaaaaaaaaaaaaaaaaa
line 100: aaaaaaaaaaaaaaaaaaaaaaaaa
line 101: aaaaaaaaaaaaaaaaaaaaaaaaa
line 102: aaaaaaaaaaaaaaaaaaaaaaaaa
line 103: aaaaaaaaaaaaaaaaaaaaaaaaa
line 104: aaaaaaaaaaaaaaaaaaaaaaaaa
line 105: aaaaaaaaaaaaaaaaaaaaaaaaa
line 106: aaaaaaaaaaaaaaaaaaaaaaaaa
line 107: aaaaaaaaaaaaaaaaaaaaaaaaa
line 108: aaaaaaaaaaaaaaaaaaaaaaaaa
line 109: aaaaaaaaaaaaaaaaaaaaaaaaa
line 110: aaaaaaaaaaaaaaaaaaaaaaaaa
line 111: aaaaaaaaaaaaaaaaaaaaaaaaa
line 112: aaaaaaaaaaaaaaaaaaaaaaaaa
line 113: aaaaaaaaaaaaaaaaaaaaaaaaa
line 114: aaaaaaaaaaaaaaaaaaaaaaaaa
line 115: aaaaaaaaaaaaaaaaaaaaaaaaa
line 116: aaaaaaaaaaaaaaaaaaaaaaaaa
line 117: aaaaaaaaaaaaaaaaaaaaaaaaa
line 118: aaaaaaaaaaaaaaaaaaaaaaaaa
line 119: aaaaaaaaaaaaaaaaaaaaaaaaa
line 120: aaaaaaaaaaaaaaaaaaaaaaaaa
line 121: aaaaaaaaaaaaaaaaaaaaaaaaa
line 122: aaaaaaaaaaaaaaaaaaaaaaaaa
line 123: aaaaaaaaaaaaaaaaaaaaaaaaa
line 124: aaaaaaaaaaaaaaaaaaaaaaaaa
line 125: aaaaaaaaaaaaaaaaaaaaaaaaa
line 126: aaaaaaaaaaaaaaaaaaaaaaaaa
line 127: aaaaaaaaaaaaaaaaaaaaaaaaa
line 128: aaaaaaaaaaaaaaaaaaaaaaaaa
line 129: aaaaaaaaaaaaaaaaaaaaaaaaa
line 130: aaaaaaaaaaaaaaaaaaaaaaaaa
line 131: aaaaaaaaaaaaaaaaaaaaaaaaa
line 132: aaaaaaaaaaaaaaaaaaaaaaaaa
line 133: aaaaaaaaaaaaaaaaaaaaaaaaa
line 134: aaaaaaaaaaaaaaaaaaaaaaaaa
line 135: aaaaaaaaaaaaaaaaaaaaaaaaa
line 136: aaaaaaaaaaaaaaaaaaaaaaaaa
line 137: aaaaaaaaaaaaaaaaaaaaaaaaa
line 138: aaaaaaaaaaaaaaaaaaaaaaaaa
line 139: aaaaaaaaaaaaaaaaaaaaaaaaa
line 140: aaaaaaaaaaaaaaaaaaaaaaaaa
line 141: aaaaaaaaaaaaaaaaaaaaaaaaa
line 142: aaaaaaaaaaaaaaaaaaaaaaaaa
line 143: aaaaaaaaaaaaaaaaaaaaaaaaa
line 144: aaaaaaaaaaaaaaaaaaaaaaaaa
line 145: aaaaaaaaaaaaaaaaaaaaaaaaa
line 146: aaaaaaaaaaaaaaaaaaaaaaaaa
line 147: aaaaaaaaaaaaaaaaaaaaaaaaa
line 148: aaaaaaaaaaaaaaaaaaaaaaaaa
line 149: aaaaaaaaaaaaaaaaaaaaaaaaa
line 150: aaaaaaaaaaaaaaaaaaaaaaaaa
line 151: aaaaaaaaaaaaaaaaaaaaaaaaa
line 152: aaaaaaaaaaaaaaaaaaaaaaaaa
line 153: aaaaaaaaaaaaaaaaaaaaaaaaa
line 154: aaaaaaaaaaaaaaaaaaaaaaaaa
line 155: aaaaaaaaaaaaaaaaaaaaaaaaa
line 156: aaaaaaaaaaaaaaaaaaaaaaaaa
line 157: aaaaaaaaaaaaaaaaaaaaaaaaa
line 158: aaaaaaaaaaaaaaaaaaaaaaaaa
line 159: aaaaaaaaaaaaaaaaaaaaaaaaa
line 160: aaaaaaaaaaaaaaaaaaaaaaaaa
line 161: aaaaaaaaaaaaaaaaaaaaaaaaa
line 162: aaaaaaaaaaaaaaaaaaaaaaaaa
line 163: aaaaaaaaaaaaaaaaaaaaaaaaa
line 164: aaaaaaaaaaaaaaaaaaaaaaaaa
line 165: aaaaaaaaaaaaaaaaaaaaaaaaa
line 166: aaaaaaaaaaaaaaaaaaaaaaaaa
line 167: aaaaaaaaaaaaaaaaaaaaaaaaa
line 168: aaaaaaaaaaaaaaaaaaaaaaaaa
line 169: aaaaaaaaaaaaaaaaaaaaaaaaa
line 170: aaaaaaaaaaaaaaaaaaaaaaaaa
line 171: aaaaaaaaaaaaaaaaaaaaaaaaa
line 172: aaaaaaaaaaaaaaaaaaaaaaaaa
line 173: aaaaaaaaaaaaaaaaaaaaaaaaa
line 174: aaaaaaaaaaaaaaaaaaaaaaaaa
line 175: aaaaaaaaaaaaaaaaaaaaaaaaa
line 176: aaaaaaaaaaaaaaaaaaaaaaaaa
line 177: aaaaaaaaaaaaaaaaaaaaaaaaa
line 178: aaaaaaaaaaaaaaaaaaaaaaaaa
line 179: aaaaaaaaaaaaaaaaaaaaaaaaa
line 180: aaaaaaaaaaaaaaaaaaaaaaaaa
line 181: aaaaaaaaaaaaaaaaaaaaaaaaa
line 182: aaaaaaaaaaaaaaaaaaaaaaaaa
line 183: aaaaaaaaaaaaaaaaaaaaaaaaa
line 184: aaaaaaaaaaaaaaaaaaaaaaaaa
line 185: aaaaaaaaaaaaaaaaaaaaaaaaa
line 186: aaaaaaaaaaaaaaaaaaaaaaaaa
line 187: aaaaaaaaaaaaaaaaaaaaaaaaa
line 188: aaaaaaaaaaaaaaaaaaaaaaaaa
line 189: aaaaaaaaaaaaaaaaaaaaaaaaa
line 190: aaaaaaaaaaaaaaaaaaaaaaaaa
line 191: aaaaaaaaaaaaaaaaaaaaaaaaa
line 192: aaaaaaaaaaaaaaaaaaaaaaaaa
line 193: aaaaaaaaaaaaaaaaaaaaaaaaa
line 194: aaaaaaaaaaaaaaaaaaaaaaaaa
line 195: aaaaaaaaaaaaaaaaaaaaaaaaa
line 196: aaaaaaaaaaaaaaaaaaaaaaaaa
line 197: aaaaaaaaaaaaaaaaaaaaaaaaa
line 198: aaaaaaaaaaaaaaaaaaaaaaaaa
line 199: aaaaaaaaaaaaaaaaaaaaaaaaa
line 200: aaaaaaaaaaaaaaaaaaaaaaaaa
line 201: aaaaaaaaaaaaaaaaaaaaaaaaa
line 202: aaaaaaaaaaaaaaaaaaaaaaaaa
line 203: aaaaaaaaaaaaaaaaaaaaaaaaa
line 204: aaaaaaaaaaaaaaaaaaaaaaaaa
line 205: aaaaaaaaaaaaaaaaaaaaaaaaa
line 206: aaaaaaaaaaaaaaaaaaaaaaaaa
line 207: aaaaaaaaaaaaaaaaaaaaaaaaa
line 208: aaaaaaaaaaaaaaaaaaaaaaaaa
line 209: aaaaaaaaaaaaaaaaaaaaaaaaa
line 210: aaaaaaaaaaaaaaaaaaaaaaaaa
line 211: aaaaaaaaaaaaaaaaaaaaaaaaa
line 212: aaaaaaaaaaaaaaaaaaaaaaaaa
line 213: aaaaaaaaaaaaaaaaaaaaaaaaa
line 214: aaaaaaaaaaaaaaaaaaaaaaaaa
line 215: aaaaaaaaaaaaaaaaaaaaaaaaa
line 216: aaaaaaaaaaaaaaaaaaaaaaaaa
line 217: aaaaaaaaaaaaaaaaaaaaaaaaa
line 218: aaaaaaaaaaaaaaaaaaaaaaaaa
line 219: aaaaaaaaaaaaaaaaaaaaaaaaa
line 220: aaaaaaaaaaaaaaaaaaaaaaaaa
line 221: aaaaaaaaaaaaaaaaaaaaaaaaa
line 222: aaaaaaaaaaaaaaaaaaaaaaaaa
line 223: aaaaaaaaaaaaaaaaaaaaaaaaa
line 224: aaaaaaaaaaaaaaaaaaaaaaaaa
line 225: aaaaaaaaaaaaaaaaaaaaaaaaa
line 226: aaaaaaaaaaaaaaaaaaaaaaaaa
line 227: aaaaaaaaaaaaaaaaaaaaaaaaa
line 228: aaaaaaaaaaaaaaaaaaaaaaaaa
line 229: aaaaaaaaaaaaaaaaaaaaaaaaa
line 230: aaaaaaaaaaaaaaaaaaaaaaaaa
line 231: aaaaaaaaaaaaaaaaaaaaaaaaa
line 232: aaaaaaaaaaaaaaaaaaaaaaaaa
line 233: aaaaaaaaaaaaaaaaaaaaaaaaa
line 234: aaaaaaaaaaaaaaaaaaaaaaaaa
line 235: aaaaaaaaaaaaaaaaaaaaaaaaa
line 236: aaaaaaaaaaaaaaaaaaaaaaaaa
line 237: aaaaaaaaaaaaaaaaaaaaaaaaa
line 238: aaaaaaaaaaaaaaaaaaaaaaaaa
line 239: aaaaaaaaaaaaaaaaaaaaaaaaa
line 240: aaaaaaaaaaaaaaaaaaaaaaaaa
line 241: aaaaaaaaaaaaaaaaaaaaaaaaa
line 242: aaaaaaaaaaaaaaaaaaaaaaaaa
line 243: aaaaaaaaaaaaaaaaaaaaaaaaa
line 244: aaaaaaaaaaaaaaaaaaaaaaaaa
line 245: aaaaaaaaaaaaaaaaaaaaaaaaa
line 246: aaaaaaaaaaaaaaaaaaaaaaaaa
line 247: aaaaaaaaaaaaaaaaaaaaaaaaa
line 248: aaaaaaaaaaaaaaaaaaaaaaaaa
line 249: aaaaaaaaaaaaaaaaaaaaaaaaa
line 250: aaaaaaaaaaaaaaaaaaaaaaaaa
line 251: aaaaaaaaaaaaaaaaaaaaaaaaa
line 252: aaaaaaaaaaaaaaaaaaaaaaaaa
line 253: aaaaaaaaaaaaaaaaaaaaaaaaa
line 254: aaaaaaaaaaaaaaaaaaaaaaaaa
line 255: aaaaaaaaaaaaaaaaaaaaaaaaa
line 256: aaaaaaaaaaaaaaaaaaaaaaaaa
line 257: aaaaaaaaaaaaaaaaaaaaaaaaa
line 258: aaaaaaaaaaaaaaaaaaaaaaaaa
line 259: aaaaaaaaaaaaaaaaaaaaaaaaa
line 260: aaaaaaaaaaaaaaaaaaaaaaaaa
line 261: aaaaaaaaaaaaaaaaaaaaaaaaa
line 262: aaaaaaaaaaaaaaaaaaaaaaaaa
line 263: aaaaaaaaaaaaaaaaaaaaaaaaa
line 264: aaaaaaaaaaaaaaaaaaaaaaaaa
line 265: aaaaaaaaaaaaaaaaaaaaaaaaa
line 266: aaaaaaaaaaaaaaaaaaaaaaaaa
line 267: aaaaaaaaaaaaaaaaaaaaaaaaa
line 268: aaaaaaaaaaaaaaaaaaaaaaaaa
line 269: aaaaaaaaaaaaaaaaaaaaaaaaa
line 270: aaaaaaaaaaaaaaaaaaaaaaaaa
line 271: aaaaaaaaaaaaaaaaaaaaaaaaa
line 272: aaaaaaaaaaaaaaaaaaaaaaaaa
line 273: aaaaaaaaaaaaaaaaaaaaaaaaa
line 274: aaaaaaaaaaaaaaaaaaaaaaaaa
line 275: aaaaaaaaaaaaaaaaaaaaaaaaa
line 276: aaaaaaaaaaaaaaaaaaaaaaaaa
line 277: aaaaaaaaaaaaaaaaaaaaaaaaa
line 278: aaaaaaaaaaaaaaaaaaaaaaaaa
line 279: aaaaaaaaaaaaaaaaaaaaaaaaa
line 280: aaaaaaaaaaaaaaaaaaaaaaaaa
line 281: aaaaaaaaaaaaaaaaaaaaaaaaa
line 282: aaaaaaaaaaaaaaaaaaaaaaaaa
line 283: aaaaaaaaaaaaaaaaaaaaaaaaa
line 284: aaaaaaaaaaaaaaaaaaaaaaaaa
line 285: aaaaaaaaaaaaaaaaaaaaaaaaa
line 286: aaaaaaaaaaaaaaaaaaaaaaaaa
line 287: aaaaaaaaaaaaaaaaaaaaaaaaa
line 288: aaaaaaaaaaaaaaaaaaaaaaaaa
line 289: aaaaaaaaaaaaaaaaaaaaaaaaa
line 290: aaaaaaaaaaaaaaaaaaaaaaaaa
line 291: aaaaaaaaaaaaaaaaaaaaaaaaa
line 292: aaaaaaaaaaaaaaaaaaaaaaaaa
line 293: aaaaaaaaaaaaaaaaaaaaaaaaa
line 294: aaaaaaaaaaaaaaaaaaaaaaaaa
line 295: aaaaaaaaaaaaaaaaaaaaaaaaa
line 296: aaaaaaaaaaaaaaaaaaaaaaaaa
line 297: aaaaaaaaaaaaaaaaaaaaaaaaa
line 298: aaaaaaaaaaaaaaaaaaaaaaaaa
line 299: aaaaaaaaaaaaaaaaaaaaaaaaa
line 300: aaaaaaaaaaaaaaaaaaaaaaaaa
line 301: aaaaaaaaaaaaaaaaaaaaaaaaa
line 302: aaaaaaaaaaaaaaaaaaaaaaaaa
line 303: aaaaaaaaaaaaaaaaaaaaaaaaa
line 304: aaaaaaaaaaaaaaaaaaaaaaaaa
line 305: aaaaaaaaaaaaaaaaaaaaaaaaa
line 306: aaaaaaaaaaaaaaaaaaaaaaaaa
line 307: aaaaaaaaaaaaaaaaaaaaaaaaa
line 308: aaaaaaaaaaaaaaaaaaaaaaaaa
line 309: aaaaaaaaaaaaaaaaaaaaaaaaa
line 310: aaaaaaaaaaaaaaaaaaaaaaaaa
line 311: aaaaaaaaaaaaaaaaaaaaaaaaa
line 312: aaaaaaaaaaaaaaaaaaaaaaaaa
line 313: aaaaaaaaaaaaaaaaaaaaaaaaa
line 314: aaaaaaaaaaaaaaaaaaaaaaaaa
line 315: aaaaaaaaaaaaaaaaaaaaaaaaa
line 316: aaaaaaaaaaaaaaaaaaaaaaaaa
line 317: aaaaaaaaaaaaaaaaaaaaaaaaa
line 318: aaaaaaaaaaaaaaaaaaaaaaaaa
line 319: aaaaaaaaaaaaaaaaaaaaaaaaa
line 320: aaaaaaaaaaaaaaaaaaaaaaaaa
line 321: aaaaaaaaaaaaaaaaaaaaaaaaa
line 322: aaaaaaaaaaaaaaaaaaaaaaaaa
line 323: aaaaaaaaaaaaaaaaaaaaaaaaa
line 324: aaaaaaaaaaaaaaaaaaaaaaaaa
line 325: aaaaaaaaaaaaaaaaaaaaaaaaa
line 326: aaaaaaaaaaaaaaaaaaaaaaaaa
line 327: aaaaaaaaaaaaaaaaaaaaaaaaa
line 328: aaaaaaaaaaaaaaaaaaaaaaaaa
line 329: aaaaaaaaaaaaaaaaaaaaaaaaa
line 330: aaaaaaaaaaaaaaaaaaaaaaaaa
line 331: aaaaaaaaaaaaaaaaaaaaaaaaa
line 332: aaaaaaaaaaaaaaaaaaaaaaaaa
line 333: aaaaaaaaaaaaaaaaaaaaaaaaa
line 334: aaaaaaaaaaaaaaaaaaaaaaaaa
line 335: aaaaaaaaaaaaaaaaaaaaaaaaa
line 336: aaaaaaaaaaaaaaaaaaaaaaaaa
line 337: aaaaaaaaaaaaaaaaaaaaaaaaa
line 338: aaaaaaaaaaaaaaaaaaaaaaaaa
line 339: aaaaaaaaaaaaaaaaaaaaaaaaa
line 340: aaaaaaaaaaaaaaaaaaaaaaaaa
line 341: aaaaaaaaaaaaaaaaaaaaaaaaa
line 342: aaaaaaaaaaaaaaaaaaaaaaaaa
line 343: aaaaaaaaaaaaaaaaaaaaaaaaa
line 344: aaaaaaaaaaaaaaaaaaaaaaaaa
line 345: aaaaaaaaaaaaaaaaaaaaaaaaa
line 346: aaaaaaaaaaaaaaaaaaaaaaaaa
line 347: aaaaaaaaaaaaaaaaaaaaaaaaa
line 348: aaaaaaaaaaaaaaaaaaaaaaaaa
line 349: aaaaaaaaaaaaaaaaaaaaaaaaa
line 350: aaaaaaaaaaaaaaaaaaaaaaaaa
line 351: aaaaaaaaaaaaaaaaaaaaaaaaa
line 352: aaaaaaaaaaaaaaaaaaaaaaaaa
line 353: aaaaaaaaaaaaaaaaaaaaaaaaa
line 354: aaaaaaaaaaaaaaaaaaaaaaaaa
line 355: aaaaaaaaaaaaaaaaaaaaaaaaa
line 356: aaaaaaaaaaaaaaaaaaaaaaaaa
line 357: aaaaaaaaaaaaaaaaaaaaaaaaa
line 358: aaaaaaaaaaaaaaaaaaaaaaaaa
line 359: aaaaaaaaaaaaaaaaaaaaaaaaa
line 360: aaaaaaaaaaaaaaaaaaaaaaaaa
line 361: aaaaaaaaaaaaaaaaaaaaaaaaa
line 362: aaaaaaaaaaaaaaaaaaaaaaaaa
line 363: aaaaaaaaaaaaaaaaaaaaaaaaa
line 364: aaaaaaaaaaaaaaaaaaaaaaaaa
line 365: aaaaaaaaaaaaaaaaaaaaaaaaa
line 366: aaaaaaaaaaaaaaaaaaaaaaaaa
line 367: aaaaaaaaaaaaaaaaaaaaaaaaa
line 368: aaaaaaaaaaaaaaaaaaaaaaaaa
line 369: aaaaaaaaaaaaaaaaaaaaaaaaa
line 370: aaaaaaaaaaaaaaaaaaaaaaaaa
line 371: aaaaaaaaaaaaaaaaaaaaaaaaa
line 372: aaaaaaaaaaaaaaaaaaaaaaaaa
line 373: aaaaaaaaaaaaaaaaaaaaaaaaa
line 374: aaaaaaaaaaaaaaaaaaaaaaaaa
line 375: aaaaaaaaaaaaaaaaaaaaaaaaa
line 376: aaaaaaaaaaaaaaaaaaaaaaaaa
line 377: aaaaaaaaaaaaaaaaaaaaaaaaa
line 378: aaaaaaaaaaaaaaaaaaaaaaaaa
line 379: aaaaaaaaaaaaaaaaaaaaaaaaa
line 380: aaaaaaaaaaaaaaaaaaaaaaaaa
line 381: aaaaaaaaaaaaaaaaaaaaaaaaa
line 382: aaaaaaaaaaaaaaaaaaaaaaaaa
line 383: aaaaaaaaaaaaaaaaaaaaaaaaa
line 384: aaaaaaaaaaaaaaaaaaaaaaaaa
line 385: aaaaaaaaaaaaaaaaaaaaaaaaa
line 386: aaaaaaaaaaaaaaaaaaaaaaaaa
line 387: aaaaaaaaaaaaaaaaaaaaaaaaa
line 388: aaaaaaaaaaaaaaaaaaaaaaaaa
line 389: aaaaaaaaaaaaaaaaaaaaaaaaa
line 390: aaaaaaaaaaaaaaaaaaaaaaaaa
line 391: aaaaaaaaaaaaaaaaaaaaaaaaa
line 392: aaaaaaaaaaaaaaaaaaaaaaaaa
line 393: aaaaaaaaaaaaaaaaaaaaaaaaa
line 394: aaaaaaaaaaaaaaaaaaaaaaaaa
line 395: aaaaaaaaaaaaaaaaaaaaaaaaa
line 396: aaaaaaaaaaaaaaaaaaaaaaaaa
line 397: aaaaaaaaaaaaaaaaaaaaaaaaa
line 398: aaaaaaaaaaaaaaaaaaaaaaaaa
line 399: aaaaaaaaaaaaaaaaaaaaaaaaa
line 400: aaaaaaaaaaaaaaaaaaaaaaaaa
line 401: aaaaaaaaaaaaaaaaaaaaaaaaa
line 402: aaaaaaaaaaaaaaaaaaaaaaaaa
line 403: aaaaaaaaaaaaaaaaaaaaaaaaa
line 404: aaaaaaaaaaaaaaaaaaaaaaaaa
line 405: aaaaaaaaaaaaaaaaaaaaaaaaa
line 406: aaaaaaaaaaaaaaaaaaaaaaaaa
line 407: aaaaaaaaaaaaaaaaaaaaaaaaa
line 408: aaaaaaaaaaaaaaaaaaaaaaaaa
line 409: aaaaaaaaaaaaaaaaaaaaaaaaa
line 410: aaaaaaaaaaaaaaaaaaaaaaaaa
line 411: aaaaaaaaaaaaaaaaaaaaaaaaa
line 412: aaaaaaaaaaaaaaaaaaaaaaaaa
line 413: aaaaaaaaaaaaaaaaaaaaaaaaa
line 414: aaaaaaaaaaaaaaaaaaaaaaaaa
line 415: aaaaaaaaaaaaaaaaaaaaaaaaa
line 416: aaaaaaaaaaaaaaaaaaaaaaaaa
line 417: aaaaaaaaaaaaaaaaaaaaaaaaa
line 418: aaaaaaaaaaaaaaaaaaaaaaaaa
line 419: aaaaaaaaaaaaaaaaaaaaaaaaa
line 420: aaaaaaaaaaaaaaaaaaaaaaaaa
line 421: aaaaaaaaaaaaaaaaaaaaaaaaa
line 422: aaaaaaaaaaaaaaaaaaaaaaaaa
line 423: aaaaaaaaaaaaaaaaaaaaaaaaa
line 424: aaaaaaaaaaaaaaaaaaaaaaaaa
line 425: aaaaaaaaaaaaaaaaaaaaaaaaa
line 426: aaaaaaaaaaaaaaaaaaaaaaaaa
line 427: aaaaaaaaaaaaaaaaaaaaaaaaa
line 428: aaaaaaaaaaaaaaaaaaaaaaaaa
line 429: aaaaaaaaaaaaaaaaaaaaaaaaa
line 430: aaaaaaaaaaaaaaaaaaaaaaaaa
line 431: aaaaaaaaaaaaaaaaaaaaaaaaa
line 432: aaaaaaaaaaaaaaaaaaaaaaaaa
line 433: aaaaaaaaaaaaaaaaaaaaaaaaa
line 434: aaaaaaaaaaaaaaaaaaaaaaaaa
line 435: aaaaaaaaaaaaaaaaaaaaaaaaa
line 436: aaaaaaaaaaaaaaaaaaaaaaaaa
line 437: aaaaaaaaaaaaaaaaaaaaaaaaa
line 438: aaaaaaaaaaaaaaaaaaaaaaaaa
line 439: aaaaaaaaaaaaaaaaaaaaaaaaa
line 440: aaaaaaaaaaaaaaaaaaaaaaaaa
line 441: aaaaaaaaaaaaaaaaaaaaaaaaa
line 442: aaaaaaaaaaaaaaaaaaaaaaaaa
line 443: aaaaaaaaaaaaaaaaaaaaaaaaa
line 444: aaaaaaaaaaaaaaaaaaaaaaaaa
line 445: aaaaaaaaaaaaaaaaaaaaaaaaa
line 446: aaaaaaaaaaaaaaaaaaaaaaaaa
line 447: aaaaaaaaaaaaaaaaaaaaaaaaa
line 448: aaaaaaaaaaaaaaaaaaaaaaaaa
line 449: aaaaaaaaaaaaaaaaaaaaaaaaa
line 450: aaaaaaaaaaaaaaaaaaaaaaaaa
line 451: aaaaaaaaaaaaaaaaaaaaaaaaa
line 452: aaaaaaaaaaaaaaaaaaaaaaaaa
line 453: aaaaaaaaaaaaaaaaaaaaaaaaa
line 454: aaaaaaaaaaaaaaaaaaaaaaaaa
line 455: aaaaaaaaaaaaaaaaaaaaaaaaa
line 456: aaaaaaaaaaaaaaaaaaaaaaaaa
line 457: aaaaaaaaaaaaaaaaaaaaaaaaa
line 458: aaaaaaaaaaaaaaaaaaaaaaaaa
line 459: aaaaaaaaaaaaaaaaaaaaaaaaa
line 460: aaaaaaaaaaaaaaaaaaaaaaaaa
line 461: aaaaaaaaaaaaaaaaaaaaaaaaa
line 462: aaaaaaaaaaaaaaaaaaaaaaaaa
line 463: aaaaaaaaaaaaaaaaaaaaaaaaa
line 464: aaaaaaaaaaaaaaaaaaaaaaaaa
line 465: aaaaaaaaaaaaaaaaaaaaaaaaa
line 466: aaaaaaaaaaaaaaaaaaaaaaaaa
line 467: aaaaaaaaaaaaaaaaaaaaaaaaa
line 468: aaaaaaaaaaaaaaaaaaaaaaaaa
line 469: aaaaaaaaaaaaaaaaaaaaaaaaa
line 470: aaaaaaaaaaaaaaaaaaaaaaaaa
line 471: aaaaaaaaaaaaaaaaaaaaaaaaa
line 472: aaaaaaaaaaaaaaaaaaaaaaaaa
line 473: aaaaaaaaaaaaaaaaaaaaaaaaa
line 474: aaaaaaaaaaaaaaaaaaaaaaaaa
line 475: aaaaaaaaaaaaaaaaaaaaaaaaa
line 476: aaaaaaaaaaaaaaaaaaaaaaaaa
line 477: aaaaaaaaaaaaaaaaaaaaaaaaa
line 478: aaaaaaaaaaaaaaaaaaaaaaaaa
line 479: aaaaaaaaaaaaaaaaaaaaaaaaa
line 480: aaaaaaaaaaaaaaaaaaaaaaaaa
line 481: aaaaaaaaaaaaaaaaaaaaaaaaa
line 482: aaaaaaaaaaaaaaaaaaaaaaaaa
line 483: aaaaaaaaaaaaaaaaaaaaaaaaa
line 484: aaaaaaaaaaaaaaaaaaaaaaaaa
line 485: aaaaaaaaaaaaaaaaaaaaaaaaa
line 486: aaaaaaaaaaaaaaaaaaaaaaaaa
line 487: aaaaaaaaaaaaaaaaaaaaaaaaa
line 488: aaaaaaaaaaaaaaaaaaaaaaaaa
line 489: aaaaaaaaaaaaaaaaaaaaaaaaa
line 490: aaaaaaaaaaaaaaaaaaaaaaaaa
line 491: aaaaaaaaaaaaaaaaaaaaaaaaa
line 492: aaaaaaaaaaaaaaaaaaaaaaaaa
line 493: aaaaaaaaaaaaaaaaaaaaaaaaa
line 494: aaaaaaaaaaaaaaaaaaaaaaaaa
line 495: aaaaaaaaaaaaaaaaaaaaaaaaa
line 496: aaaaaaaaaaaaaaaaaaaaaaaaa
line 497: aaaaaaaaaaaaaaaaaaaaaaaaa
line 498: aaaaaaaaaaaaaaaaaaaaaaaaa
line 499: aaaaaaaaaaaaaaaaaaaaaaaaa
line 500: aaaaaaaaaaaaaaaaaaaaaaaaa
line 501: aaaaaaaaaaaaaaaaaaaaaaaaa
line 502: aaaaaaaaaaaaaaaaaaaaaaaaa
line 503: aaaaaaaaaaaaaaaaaaaaaaaaa
line 504: aaaaaaaaaaaaaaaaaaaaaaaaa
line 505: aaaaaaaaaaaaaaaaaaaaaaaaa
line 506: aaaaaaaaaaaaaaaaaaaaaaaaa
line 507: aaaaaaaaaaaaaaaaaaaaaaaaa
line 508: aaaaaaaaaaaaaaaaaaaaaaaaa
line 509: aaaaaaaaaaaaaaaaaaaaaaaaa
line 510: aaaaaaaaaaaaaaaaaaaaaaaaa
line 511: aaaaaaaaaaaaaaaaaaaaaaaaa
line 512: aaaaaaaaaaaaaaaaaaaaaaaaa
line 513: aaaaaaaaaaaaaaaaaaaaaaaaa
line 514: aaaaaaaaaaaaaaaaaaaaaaaaa
line 515: aaaaaaaaaaaaaaaaaaaaaaaaa
line 516: aaaaaaaaaaaaaaaaaaaaaaaaa
line 517: aaaaaaaaaaaaaaaaaaaaaaaaa
line 518: aaaaaaaaaaaaaaaaaaaaaaaaa
line 519: aaaaaaaaaaaaaaaaaaaaaaaaa
line 520: aaaaaaaaaaaaaaaaaaaaaaaaa
line 521: aaaaaaaaaaaaaaaaaaaaaaaaa
line 522: aaaaaaaaaaaaaaaaaaaaaaaaa
line 523: aaaaaaaaaaaaaaaaaaaaaaaaa
line 524: aaaaaaaaaaaaaaaaaaaaaaaaa
line 525: aaaaaaaaaaaaaaaaaaaaaaaaa
line 526: aaaaaaaaaaaaaaaaaaaaaaaaa
line 527: aaaaaaaaaaaaaaaaaaaaaaaaa
line 528: aaaaaaaaaaaaaaaaaaaaaaaaa
line 529: aaaaaaaaaaaaaaaaaaaaaaaaa
line 530: aaaaaaaaaaaaaaaaaaaaaaaaa
line 531: aaaaaaaaaaaaaaaaaaaaaaaaa
line 532: aaaaaaaaaaaaaaaaaaaaaaaaa
line 533: aaaaaaaaaaaaaaaaaaaaaaaaa
line 534: aaaaaaaaaaaaaaaaaaaaaaaaa
line 535: aaaaaaaaaaaaaaaaaaaaaaaaa
line 536: aaaaaaaaaaaaaaaaaaaaaaaaa
line 537: aaaaaaaaaaaaaaaaaaaaaaaaa
line 538: aaaaaaaaaaaaaaaaaaaaaaaaa
line 539: aaaaaaaaaaaaaaaaaaaaaaaaa
line 540: aaaaaaaaaaaaaaaaaaaaaaaaa
line 541: aaaaaaaaaaaaaaaaaaaaaaaaa
line 542: aaaaaaaaaaaaaaaaaaaaaaaaa
line 543: aaaaaaaaaaaaaaaaaaaaaaaaa
line 544: aaaaaaaaaaaaaaaaaaaaaaaaa
line 545: aaaaaaaaaaaaaaaaaaaaaaaaa
line 546: aaaaaaaaaaaaaaaaaaaaaaaaa
line 547: aaaaaaaaaaaaaaaaaaaaaaaaa
line 548: aaaaaaaaaaaaaaaaaaaaaaaaa
line 549: aaaaaaaaaaaaaaaaaaaaaaaaa
line 550: aaaaaaaaaaaaaaaaaaaaaaaaa
line 551: aaaaaaaaaaaaaaaaaaaaaaaaa
line 552: aaaaaaaaaaaaaaaaaaaaaaaaa
line 553: aaaaaaaaaaaaaaaaaaaaaaaaa
line 554: aaaaaaaaaaaaaaaaaaaaaaaaa
line 555: aaaaaaaaaaaaaaaaaaaaaaaaa
line 556: aaaaaaaaaaaaaaaaaaaaaaaaa
line 557: aaaaaaaaaaaaaaaaaaaaaaaaa
line 558: aaaaaaaaaaaaaaaaaaaaaaaaa
line 559: aaaaaaaaaaaaaaaaaaaaaaaaa
line 560: aaaaaaaaaaaaaaaaaaaaaaaaa
line 561: aaaaaaaaaaaaaaaaaaaaaaaaa
line 562: aaaaaaaaaaaaaaaaaaaaaaaaa
line 563: aaaaaaaaaaaaaaaaaaaaaaaaa
line 564: aaaaaaaaaaaaaaaaaaaaaaaaa
line 565: aaaaaaaaaaaaaaaaaaaaaaaaa
line 566: aaaaaaaaaaaaaaaaaaaaaaaaa
line 567: aaaaaaaaaaaaaaaaaaaaaaaaa
line 568: aaaaaaaaaaaaaaaaaaaaaaaaa
line 569: aaaaaaaaaaaaaaaaaaaaaaaaa
line 570: aaaaaaaaaaaaaaaaaaaaaaaaa
line 571: aaaaaaaaaaaaaaaaaaaaaaaaa
line 572: aaaaaaaaaaaaaaaaaaaaaaaaa
line 573: aaaaaaaaaaaaaaaaaaaaaaaaa
line 574: aaaaaaaaaaaaaaaaaaaaaaaaa
line 575: aaaaaaaaaaaaaaaaaaaaaaaaa
line 576: aaaaaaaaaaaaaaaaaaaaaaaaa
line 577: aaaaaaaaaaaaaaaaaaaaaaaaa
line 578: aaaaaaaaaaaaaaaaaaaaaaaaa
line 579: aaaaaaaaaaaaaaaaaaaaaaaaa
line 580: aaaaaaaaaaaaaaaaaaaaaaaaa
line 581: aaaaaaaaaaaaaaaaaaaaaaaaa
line 582: aaaaaaaaaaaaaaaaaaaaaaaaa
line 583: aaaaaaaaaaaaaaaaaaaaaaaaa
line 584: aaaaaaaaaaaaaaaaaaaaaaaaa
line 585: aaaaaaaaaaaaaaaaaaaaaaaaa
line 586: aaaaaaaaaaaaaaaaaaaaaaaaa
line 587: aaaaaaaaaaaaaaaaaaaaaaaaa
line 588: aaaaaaaaaaaaaaaaaaaaaaaaa
line 589: aaaaaaaaaaaaaaaaaaaaaaaaa
line 590: aaaaaaaaaaaaaaaaaaaaaaaaa
line 591: aaaaaaaaaaaaaaaaaaaaaaaaa
line 592: aaaaaaaaaaaaaaaaaaaaaaaaa
line 593: aaaaaaaaaaaaaaaaaaaaaaaaa
line 594: aaaaaaaaaaaaaaaaaaaaaaaaa
line 595: aaaaaaaaaaaaaaaaaaaaaaaaa
line 596: aaaaaaaaaaaaaaaaaaaaaaaaa
line 597: aaaaaaaaaaaaaaaaaaaaaaaaa
line 598: aaaaaaaaaaaaaaaaaaaaaaaaa
line 599: aaaaaaaaaaaaaaaaaaaaaaaaa]]></failure>
	</testcase>
</testsuite>
</testsuites>
